[ 2018-04-22T08:23:14+08:00 ] ::1 /xiaomi/index.php/admin
ERR: 无法加载控制器:Index

[ 2018-04-22T08:25:38+08:00 ] ::1 /xiaomi/index.php/Home/Car/icomoon/style.css
ERR: 非法操作:icomoon

[ 2018-04-22T08:25:49+08:00 ] ::1 /xiaomi/index.php/Home/Index/date/db.json
INFO: [ app_begin ] --START--
INFO: Run Behavior\ReadHtmlCache [ RunTime:0.000363s ]
INFO: [ app_begin ] --END-- [ RunTime:0.002337s ]
NOTIC: [2048] Declaration of Home\Controller\IndexController::show() should be compatible with that of Think\Controller::show() E:\PHP\wamp\www\xiaomi\Application\Home\Controller\IndexController.class.php 第 5 行.
INFO: [ action_begin ] --START--
INFO: [ action_begin ] --END-- [ RunTime:0.000175s ]
ERR: 非法操作:date

[ 2018-04-22T08:25:54+08:00 ] ::1 /xiaomi/index.php/Home/Mycar/add_mycar
ERR: 无法加载控制器:Mycar

[ 2018-04-22T08:25:56+08:00 ] ::1 /xiaomi/index.php/Home/Index/date/db.json
INFO: [ app_begin ] --START--
INFO: Run Behavior\ReadHtmlCache [ RunTime:0.000442s ]
INFO: [ app_begin ] --END-- [ RunTime:0.002966s ]
NOTIC: [2048] Declaration of Home\Controller\IndexController::show() should be compatible with that of Think\Controller::show() E:\PHP\wamp\www\xiaomi\Application\Home\Controller\IndexController.class.php 第 5 行.
INFO: [ action_begin ] --START--
INFO: [ action_begin ] --END-- [ RunTime:0.000222s ]
ERR: 非法操作:date

[ 2018-04-22T08:30:21+08:00 ] ::1 /xiaomi/index.php/Home/Index/date/db.json
INFO: [ app_begin ] --START--
INFO: Run Behavior\ReadHtmlCache [ RunTime:0.000265s ]
INFO: [ app_begin ] --END-- [ RunTime:0.001764s ]
NOTIC: [2048] Declaration of Home\Controller\IndexController::show() should be compatible with that of Think\Controller::show() E:\PHP\wamp\www\xiaomi\Application\Home\Controller\IndexController.class.php 第 5 行.
INFO: [ action_begin ] --START--
INFO: [ action_begin ] --END-- [ RunTime:0.000123s ]
ERR: 非法操作:date

[ 2018-04-22T08:32:03+08:00 ] ::1 /xiaomi/index.php/Home/Index/date/db.json
INFO: [ app_begin ] --START--
INFO: Run Behavior\ReadHtmlCache [ RunTime:0.000262s ]
INFO: [ app_begin ] --END-- [ RunTime:0.001653s ]
NOTIC: [2048] Declaration of Home\Controller\IndexController::show() should be compatible with that of Think\Controller::show() E:\PHP\wamp\www\xiaomi\Application\Home\Controller\IndexController.class.php 第 5 行.
INFO: [ action_begin ] --START--
INFO: [ action_begin ] --END-- [ RunTime:0.000117s ]
ERR: 非法操作:date

[ 2018-04-22T08:32:22+08:00 ] ::1 /xiaomi/index.php/Home/Index/date/db.json
INFO: [ app_begin ] --START--
INFO: Run Behavior\ReadHtmlCache [ RunTime:0.000285s ]
INFO: [ app_begin ] --END-- [ RunTime:0.001830s ]
NOTIC: [2048] Declaration of Home\Controller\IndexController::show() should be compatible with that of Think\Controller::show() E:\PHP\wamp\www\xiaomi\Application\Home\Controller\IndexController.class.php 第 5 行.
INFO: [ action_begin ] --START--
INFO: [ action_begin ] --END-- [ RunTime:0.000210s ]
ERR: 非法操作:date

[ 2018-04-22T08:32:47+08:00 ] ::1 /xiaomi/index.php/Home/Index/date/db.json
INFO: [ app_begin ] --START--
INFO: Run Behavior\ReadHtmlCache [ RunTime:0.000311s ]
INFO: [ app_begin ] --END-- [ RunTime:0.001785s ]
NOTIC: [2048] Declaration of Home\Controller\IndexController::show() should be compatible with that of Think\Controller::show() E:\PHP\wamp\www\xiaomi\Application\Home\Controller\IndexController.class.php 第 5 行.
INFO: [ action_begin ] --START--
INFO: [ action_begin ] --END-- [ RunTime:0.000136s ]
ERR: 非法操作:date

[ 2018-04-22T08:33:00+08:00 ] ::1 /xiaomi/index.php/Home/Index/date/db.json
INFO: [ app_begin ] --START--
INFO: Run Behavior\ReadHtmlCache [ RunTime:0.000271s ]
INFO: [ app_begin ] --END-- [ RunTime:0.001814s ]
NOTIC: [2048] Declaration of Home\Controller\IndexController::show() should be compatible with that of Think\Controller::show() E:\PHP\wamp\www\xiaomi\Application\Home\Controller\IndexController.class.php 第 5 行.
INFO: [ action_begin ] --START--
INFO: [ action_begin ] --END-- [ RunTime:0.000136s ]
ERR: 非法操作:date

[ 2018-04-22T08:33:37+08:00 ] ::1 /xiaomi/index.php/Home/Index/date/db.json
INFO: [ app_begin ] --START--
INFO: Run Behavior\ReadHtmlCache [ RunTime:0.000292s ]
INFO: [ app_begin ] --END-- [ RunTime:0.002389s ]
NOTIC: [2048] Declaration of Home\Controller\IndexController::show() should be compatible with that of Think\Controller::show() E:\PHP\wamp\www\xiaomi\Application\Home\Controller\IndexController.class.php 第 5 行.
INFO: [ action_begin ] --START--
INFO: [ action_begin ] --END-- [ RunTime:0.000141s ]
ERR: 非法操作:date

[ 2018-04-22T08:36:57+08:00 ] ::1 /xiaomi/index.php/Home/Index/date/db.json
INFO: [ app_begin ] --START--
INFO: Run Behavior\ReadHtmlCache [ RunTime:0.000313s ]
INFO: [ app_begin ] --END-- [ RunTime:0.001927s ]
NOTIC: [2048] Declaration of Home\Controller\IndexController::show() should be compatible with that of Think\Controller::show() E:\PHP\wamp\www\xiaomi\Application\Home\Controller\IndexController.class.php 第 5 行.
INFO: [ action_begin ] --START--
INFO: [ action_begin ] --END-- [ RunTime:0.000164s ]
ERR: 非法操作:date

[ 2018-04-22T08:37:24+08:00 ] ::1 /xiaomi/index.php/Home/Index/date/db.json
INFO: [ app_begin ] --START--
INFO: Run Behavior\ReadHtmlCache [ RunTime:0.000315s ]
INFO: [ app_begin ] --END-- [ RunTime:0.002444s ]
NOTIC: [2048] Declaration of Home\Controller\IndexController::show() should be compatible with that of Think\Controller::show() E:\PHP\wamp\www\xiaomi\Application\Home\Controller\IndexController.class.php 第 5 行.
INFO: [ action_begin ] --START--
INFO: [ action_begin ] --END-- [ RunTime:0.000149s ]
ERR: 非法操作:date

[ 2018-04-22T08:37:40+08:00 ] ::1 /xiaomi/index.php/Home/Index/date/db.json
INFO: [ app_begin ] --START--
INFO: Run Behavior\ReadHtmlCache [ RunTime:0.000303s ]
INFO: [ app_begin ] --END-- [ RunTime:0.002292s ]
NOTIC: [2048] Declaration of Home\Controller\IndexController::show() should be compatible with that of Think\Controller::show() E:\PHP\wamp\www\xiaomi\Application\Home\Controller\IndexController.class.php 第 5 行.
INFO: [ action_begin ] --START--
INFO: [ action_begin ] --END-- [ RunTime:0.000160s ]
ERR: 非法操作:date

[ 2018-04-22T08:39:22+08:00 ] ::1 /xiaomi/index.php/Home/Index/date/db.json
INFO: [ app_begin ] --START--
INFO: Run Behavior\ReadHtmlCache [ RunTime:0.000273s ]
INFO: [ app_begin ] --END-- [ RunTime:0.001997s ]
NOTIC: [2048] Declaration of Home\Controller\IndexController::show() should be compatible with that of Think\Controller::show() E:\PHP\wamp\www\xiaomi\Application\Home\Controller\IndexController.class.php 第 5 行.
INFO: [ action_begin ] --START--
INFO: [ action_begin ] --END-- [ RunTime:0.000141s ]
ERR: 非法操作:date

[ 2018-04-22T08:39:54+08:00 ] ::1 /xiaomi/index.php/Home/Index/date/db.json
INFO: [ app_begin ] --START--
INFO: Run Behavior\ReadHtmlCache [ RunTime:0.000351s ]
INFO: [ app_begin ] --END-- [ RunTime:0.002421s ]
NOTIC: [2048] Declaration of Home\Controller\IndexController::show() should be compatible with that of Think\Controller::show() E:\PHP\wamp\www\xiaomi\Application\Home\Controller\IndexController.class.php 第 5 行.
INFO: [ action_begin ] --START--
INFO: [ action_begin ] --END-- [ RunTime:0.000143s ]
ERR: 非法操作:date

[ 2018-04-22T08:40:27+08:00 ] ::1 /xiaomi/index.php/Home/Index/date/db.json
INFO: [ app_begin ] --START--
INFO: Run Behavior\ReadHtmlCache [ RunTime:0.000353s ]
INFO: [ app_begin ] --END-- [ RunTime:0.002086s ]
NOTIC: [2048] Declaration of Home\Controller\IndexController::show() should be compatible with that of Think\Controller::show() E:\PHP\wamp\www\xiaomi\Application\Home\Controller\IndexController.class.php 第 5 行.
INFO: [ action_begin ] --START--
INFO: [ action_begin ] --END-- [ RunTime:0.000138s ]
ERR: 非法操作:date

[ 2018-04-22T08:40:44+08:00 ] ::1 /xiaomi/index.php/Home/Index/date/db.json
INFO: [ app_begin ] --START--
INFO: Run Behavior\ReadHtmlCache [ RunTime:0.000331s ]
INFO: [ app_begin ] --END-- [ RunTime:0.003233s ]
NOTIC: [2048] Declaration of Home\Controller\IndexController::show() should be compatible with that of Think\Controller::show() E:\PHP\wamp\www\xiaomi\Application\Home\Controller\IndexController.class.php 第 5 行.
INFO: [ action_begin ] --START--
INFO: [ action_begin ] --END-- [ RunTime:0.000141s ]
ERR: 非法操作:date

[ 2018-04-22T08:45:15+08:00 ] ::1 /xiaomi/index.php/Home/Index/date/db.json
INFO: [ app_begin ] --START--
INFO: Run Behavior\ReadHtmlCache [ RunTime:0.000395s ]
INFO: [ app_begin ] --END-- [ RunTime:0.002210s ]
NOTIC: [2048] Declaration of Home\Controller\IndexController::show() should be compatible with that of Think\Controller::show() E:\PHP\wamp\www\xiaomi\Application\Home\Controller\IndexController.class.php 第 5 行.
INFO: [ action_begin ] --START--
INFO: [ action_begin ] --END-- [ RunTime:0.000123s ]
ERR: 非法操作:date

[ 2018-04-22T08:45:50+08:00 ] ::1 /xiaomi/index.php/Home/Index/date/db.json
INFO: [ app_begin ] --START--
INFO: Run Behavior\ReadHtmlCache [ RunTime:0.000498s ]
INFO: [ app_begin ] --END-- [ RunTime:0.002547s ]
NOTIC: [2048] Declaration of Home\Controller\IndexController::show() should be compatible with that of Think\Controller::show() E:\PHP\wamp\www\xiaomi\Application\Home\Controller\IndexController.class.php 第 5 行.
INFO: [ action_begin ] --START--
INFO: [ action_begin ] --END-- [ RunTime:0.000156s ]
ERR: 非法操作:date

[ 2018-04-22T08:46:33+08:00 ] ::1 /xiaomi/index.php/Home/Index/date/db.json
INFO: [ app_begin ] --START--
INFO: Run Behavior\ReadHtmlCache [ RunTime:0.000283s ]
INFO: [ app_begin ] --END-- [ RunTime:0.001882s ]
NOTIC: [2048] Declaration of Home\Controller\IndexController::show() should be compatible with that of Think\Controller::show() E:\PHP\wamp\www\xiaomi\Application\Home\Controller\IndexController.class.php 第 5 行.
INFO: [ action_begin ] --START--
INFO: [ action_begin ] --END-- [ RunTime:0.000128s ]
ERR: 非法操作:date

[ 2018-04-22T08:46:36+08:00 ] ::1 /xiaomi/index.php/Home/Index/date/db.json
INFO: [ app_begin ] --START--
INFO: Run Behavior\ReadHtmlCache [ RunTime:0.000365s ]
INFO: [ app_begin ] --END-- [ RunTime:0.002303s ]
NOTIC: [2048] Declaration of Home\Controller\IndexController::show() should be compatible with that of Think\Controller::show() E:\PHP\wamp\www\xiaomi\Application\Home\Controller\IndexController.class.php 第 5 行.
INFO: [ action_begin ] --START--
INFO: [ action_begin ] --END-- [ RunTime:0.000129s ]
ERR: 非法操作:date

[ 2018-04-22T08:46:50+08:00 ] ::1 /xiaomi/index.php/Home/Index/date/db.json
INFO: [ app_begin ] --START--
INFO: Run Behavior\ReadHtmlCache [ RunTime:0.000273s ]
INFO: [ app_begin ] --END-- [ RunTime:0.001555s ]
NOTIC: [2048] Declaration of Home\Controller\IndexController::show() should be compatible with that of Think\Controller::show() E:\PHP\wamp\www\xiaomi\Application\Home\Controller\IndexController.class.php 第 5 行.
INFO: [ action_begin ] --START--
INFO: [ action_begin ] --END-- [ RunTime:0.000172s ]
ERR: 非法操作:date

[ 2018-04-22T11:16:42+08:00 ] ::1 /xiaomi/index.php/Admin/Goods/IMG_GOODS
ERR: 非法操作:IMG_GOODS

[ 2018-04-22T11:17:34+08:00 ] ::1 /xiaomi/index.php/Home/Goods/select_goods.html?goods_name=90%E5%88%86%E6%97%85%E8%A1%8C%E7%AE%B1%2020%E5%AF%B8
ERR: 无法加载控制器:Goods

[ 2018-04-22T11:18:45+08:00 ] ::1 /xiaomi/index.php/Admin/Goods/IMG_GOODS
ERR: 非法操作:IMG_GOODS

[ 2018-04-22T15:00:52+08:00 ] ::1 /xiaomi/index.php/admin/
ERR: 无法加载控制器:Index

[ 2018-04-22T15:00:54+08:00 ] ::1 /xiaomi/index.php/admin/
ERR: 无法加载控制器:Index

[ 2018-04-22T17:37:17+08:00 ] ::1 /xiaomi/index.php/Home/main.js
ERR: 无法加载控制器:main.js

[ 2018-04-22T17:37:29+08:00 ] ::1 /xiaomi/index.php/Home/Index/date/db.json
INFO: [ app_begin ] --START--
INFO: Run Behavior\ReadHtmlCache [ RunTime:0.000250s ]
INFO: [ app_begin ] --END-- [ RunTime:0.001621s ]
NOTIC: [2048] Declaration of Home\Controller\IndexController::show() should be compatible with that of Think\Controller::show() E:\PHP\wamp\www\xiaomi\Application\Home\Controller\IndexController.class.php 第 5 行.
INFO: [ action_begin ] --START--
INFO: [ action_begin ] --END-- [ RunTime:0.000130s ]
ERR: 非法操作:date

[ 2018-04-22T17:37:54+08:00 ] ::1 /xiaomi/index.php/Home/main.js
ERR: 无法加载控制器:main.js

[ 2018-04-22T17:37:59+08:00 ] ::1 /xiaomi/index.php/Home/main.js
ERR: 无法加载控制器:main.js

[ 2018-04-22T17:38:04+08:00 ] ::1 /xiaomi/index.php/Home/Index/date/db.json
INFO: [ app_begin ] --START--
INFO: Run Behavior\ReadHtmlCache [ RunTime:0.000247s ]
INFO: [ app_begin ] --END-- [ RunTime:0.001607s ]
NOTIC: [2048] Declaration of Home\Controller\IndexController::show() should be compatible with that of Think\Controller::show() E:\PHP\wamp\www\xiaomi\Application\Home\Controller\IndexController.class.php 第 5 行.
INFO: [ action_begin ] --START--
INFO: [ action_begin ] --END-- [ RunTime:0.000138s ]
ERR: 非法操作:date

[ 2018-04-22T17:38:05+08:00 ] ::1 /xiaomi/index.php/Home/main.js
ERR: 无法加载控制器:main.js

[ 2018-04-22T17:38:10+08:00 ] ::1 /xiaomi/index.php/Home/Index/date/db.json
INFO: [ app_begin ] --START--
INFO: Run Behavior\ReadHtmlCache [ RunTime:0.000831s ]
INFO: [ app_begin ] --END-- [ RunTime:0.002556s ]
NOTIC: [2048] Declaration of Home\Controller\IndexController::show() should be compatible with that of Think\Controller::show() E:\PHP\wamp\www\xiaomi\Application\Home\Controller\IndexController.class.php 第 5 行.
INFO: [ action_begin ] --START--
INFO: [ action_begin ] --END-- [ RunTime:0.000153s ]
ERR: 非法操作:date

[ 2018-04-22T17:38:12+08:00 ] ::1 /xiaomi/index.php/Home/main.js
ERR: 无法加载控制器:main.js

[ 2018-04-22T17:41:11+08:00 ] ::1 /xiaomi/index.php/Home/Index/date/db.json
INFO: [ app_begin ] --START--
INFO: Run Behavior\ReadHtmlCache [ RunTime:0.000280s ]
INFO: [ app_begin ] --END-- [ RunTime:0.001948s ]
NOTIC: [2048] Declaration of Home\Controller\IndexController::show() should be compatible with that of Think\Controller::show() E:\PHP\wamp\www\xiaomi\Application\Home\Controller\IndexController.class.php 第 5 行.
INFO: [ action_begin ] --START--
INFO: [ action_begin ] --END-- [ RunTime:0.000148s ]
ERR: 非法操作:date

[ 2018-04-22T17:41:13+08:00 ] ::1 /xiaomi/index.php/Home/main.js
ERR: 无法加载控制器:main.js

[ 2018-04-22T17:42:16+08:00 ] ::1 /xiaomi/index.php/Home/main.js
ERR: 无法加载控制器:main.js

[ 2018-04-22T17:42:23+08:00 ] ::1 /xiaomi/index.php/Home/Index/date/db.json
INFO: [ app_begin ] --START--
INFO: Run Behavior\ReadHtmlCache [ RunTime:0.000270s ]
INFO: [ app_begin ] --END-- [ RunTime:0.001724s ]
NOTIC: [2048] Declaration of Home\Controller\IndexController::show() should be compatible with that of Think\Controller::show() E:\PHP\wamp\www\xiaomi\Application\Home\Controller\IndexController.class.php 第 5 行.
INFO: [ action_begin ] --START--
INFO: [ action_begin ] --END-- [ RunTime:0.000123s ]
ERR: 非法操作:date

[ 2018-04-22T17:42:25+08:00 ] ::1 /xiaomi/index.php/Home/main.js
ERR: 无法加载控制器:main.js

[ 2018-04-22T17:46:45+08:00 ] ::1 /xiaomi/index.php/Home/main.js
ERR: 无法加载控制器:main.js

[ 2018-04-22T17:47:42+08:00 ] ::1 /xiaomi/index.php/Home/main.js
ERR: 无法加载控制器:main.js

[ 2018-04-22T17:49:27+08:00 ] ::1 /xiaomi/index.php/Home/main.js
ERR: 无法加载控制器:main.js

[ 2018-04-22T17:49:55+08:00 ] ::1 /xiaomi/index.php/Home/Index/main.js
ERR: 非法操作:main.js

[ 2018-04-22T17:50:58+08:00 ] ::1 /xiaomi/index.php/Home/Index/main.js
ERR: 非法操作:main.js

[ 2018-04-22T17:51:18+08:00 ] ::1 /xiaomi/index.php/Home/Index/main.js
ERR: 非法操作:main.js

[ 2018-04-22T17:52:32+08:00 ] ::1 /xiaomi/index.php/Home/Index/main.js
ERR: 非法操作:main.js

[ 2018-04-22T17:52:59+08:00 ] ::1 /xiaomi/index.php/Home/Index/main.js
ERR: 非法操作:main.js

[ 2018-04-22T17:54:10+08:00 ] ::1 /xiaomi/index.php/Home/Index/main.js
ERR: 非法操作:main.js

[ 2018-04-22T17:54:33+08:00 ] ::1 /xiaomi/index.php/Home/Index/main.js
ERR: 非法操作:main.js

[ 2018-04-22T17:55:15+08:00 ] ::1 /xiaomi/index.php/Home/Index/main.js
ERR: 非法操作:main.js

[ 2018-04-22T17:55:24+08:00 ] ::1 /xiaomi/index.php/Home/main.js
ERR: 无法加载控制器:main.js

[ 2018-04-22T17:55:41+08:00 ] ::1 /xiaomi/index.php/Home/Index/main.js
ERR: 非法操作:main.js

[ 2018-04-22T17:56:41+08:00 ] ::1 /xiaomi/index.php/Home/main.js
ERR: 无法加载控制器:main.js

[ 2018-04-22T17:57:57+08:00 ] ::1 /xiaomi/index.php/Home/main.js
ERR: 无法加载控制器:main.js

[ 2018-04-22T18:01:54+08:00 ] ::1 /xiaomi/index.php/Home/Index/main.js
ERR: 非法操作:main.js

[ 2018-04-22T18:02:38+08:00 ] ::1 /xiaomi/index.php/Home/Index/main.js
ERR: 非法操作:main.js

[ 2018-04-22T18:03:38+08:00 ] ::1 /xiaomi/index.php/Home/Index/main.js
ERR: 非法操作:main.js

[ 2018-04-22T18:04:18+08:00 ] ::1 /xiaomi/index.php/Home/Index/main.js
ERR: 非法操作:main.js

[ 2018-04-22T18:05:34+08:00 ] ::1 /xiaomi/index.php/Home/Index/main.js
ERR: 非法操作:main.js

[ 2018-04-22T18:06:57+08:00 ] ::1 /xiaomi/index.php/Home/Index/main.js
ERR: 非法操作:main.js

[ 2018-04-22T18:07:37+08:00 ] ::1 /xiaomi/index.php/Home/Index/main.js
ERR: 非法操作:main.js

[ 2018-04-22T18:18:37+08:00 ] ::1 /xiaomi/index.php/Home/Index/main.js
ERR: 非法操作:main.js

[ 2018-04-22T18:23:17+08:00 ] ::1 /xiaomi/index.php/Home/Index/main.js
ERR: 非法操作:main.js

[ 2018-04-22T18:29:56+08:00 ] ::1 /xiaomi/index.php/Home/Index/main.js
ERR: 非法操作:main.js

[ 2018-04-22T18:31:35+08:00 ] ::1 /xiaomi/index.php/Home/Index/main.js
ERR: 非法操作:main.js

[ 2018-04-22T18:31:44+08:00 ] ::1 /xiaomi/index.php/Home/Index/main.js
ERR: 非法操作:main.js

[ 2018-04-22T18:33:36+08:00 ] ::1 /xiaomi/index.php/Home/Index/main.js
ERR: 非法操作:main.js

[ 2018-04-22T18:34:56+08:00 ] ::1 /xiaomi/index.php/Home/Index/main.js
ERR: 非法操作:main.js

[ 2018-04-22T18:35:15+08:00 ] ::1 /xiaomi/index.php/Home/Index/product
ERR: 非法操作:product

[ 2018-04-22T18:35:20+08:00 ] ::1 /xiaomi/index.php/Home/Index/main.js
ERR: 非法操作:main.js

[ 2018-04-22T18:36:23+08:00 ] ::1 /xiaomi/index.php/Home/Index/main.js
ERR: 非法操作:main.js

[ 2018-04-22T18:36:44+08:00 ] ::1 /xiaomi/index.php/Home/Index/main.js
ERR: 非法操作:main.js

[ 2018-04-22T18:37:13+08:00 ] ::1 /xiaomi/index.php/Home/Index/main.js
ERR: 非法操作:main.js

[ 2018-04-22T18:37:30+08:00 ] ::1 /xiaomi/index.php/Home/Index/main.js
ERR: 非法操作:main.js

[ 2018-04-22T18:37:49+08:00 ] ::1 /xiaomi/index.php/Home/Index/main.js
ERR: 非法操作:main.js

[ 2018-04-22T18:38:50+08:00 ] ::1 /xiaomi/index.php/Home/Index/main.js
ERR: 非法操作:main.js

[ 2018-04-22T18:44:21+08:00 ] ::1 /xiaomi/index.php/Home/Index/main.js
ERR: 非法操作:main.js

[ 2018-04-22T18:46:52+08:00 ] ::1 /xiaomi/index.php/Home/Index/main.js
ERR: 非法操作:main.js

