[ 2018-04-13T13:57:30+08:00 ] ::1 /xiaomi/
INFO: [ app_init ] --START--
INFO: [ app_init ] --END-- [ RunTime:0.000296s ]
INFO: [ app_begin ] --START--
INFO: Run Behavior\ReadHtmlCache [ RunTime:0.000501s ]
INFO: [ app_begin ] --END-- [ RunTime:0.000997s ]
INFO: [ action_begin ] --START--
INFO: [ action_begin ] --END-- [ RunTime:0.000288s ]
INFO: [ view_begin ] --START--
INFO: [ view_begin ] --END-- [ RunTime:0.000271s ]
INFO: [ view_parse ] --START--
INFO: [ template_filter ] --START--
INFO: Run Behavior\ContentReplace [ RunTime:0.000788s ]
INFO: [ template_filter ] --END-- [ RunTime:0.001356s ]
INFO: Run Behavior\ParseTemplate [ RunTime:0.042972s ]
INFO: [ view_parse ] --END-- [ RunTime:0.043546s ]
INFO: [ view_filter ] --START--
INFO: Run Behavior\WriteHtmlCache [ RunTime:0.000139s ]
INFO: [ view_filter ] --END-- [ RunTime:0.000587s ]
INFO: [ view_end ] --START--
INFO: [ view_end ] --END-- [ RunTime:0.000198s ]
INFO: [ app_end ] --START--
INFO: Run Behavior\ShowPageTrace [ RunTime:0.000549s ]
INFO: [ app_end ] --END-- [ RunTime:0.001594s ]

[ 2018-04-13T14:03:17+08:00 ] ::1 /xiaomi/index.php/
INFO: [ app_init ] --START--
INFO: [ app_init ] --END-- [ RunTime:0.001603s ]
INFO: [ app_begin ] --START--
INFO: Run Behavior\ReadHtmlCache [ RunTime:0.000528s ]
INFO: [ app_begin ] --END-- [ RunTime:0.001196s ]
INFO: [ action_begin ] --START--
INFO: [ action_begin ] --END-- [ RunTime:0.000264s ]
INFO: [ app_end ] --START--
INFO: Run Behavior\ShowPageTrace [ RunTime:0.000350s ]
INFO: [ app_end ] --END-- [ RunTime:0.000804s ]

[ 2018-04-13T14:03:28+08:00 ] ::1 /xiaomi/index.php/Home/Index/
INFO: [ app_init ] --START--
INFO: [ app_init ] --END-- [ RunTime:0.002980s ]
INFO: [ path_info ] --START--
INFO: [ path_info ] --END-- [ RunTime:0.000248s ]
INFO: [ app_begin ] --START--
INFO: Run Behavior\ReadHtmlCache [ RunTime:0.000395s ]
INFO: [ app_begin ] --END-- [ RunTime:0.000851s ]
INFO: [ action_begin ] --START--
INFO: [ action_begin ] --END-- [ RunTime:0.000230s ]
INFO: [ app_end ] --START--
INFO: Run Behavior\ShowPageTrace [ RunTime:0.000321s ]
INFO: [ app_end ] --END-- [ RunTime:0.000794s ]

[ 2018-04-13T14:09:04+08:00 ] ::1 /xiaomi/index.php/Home/Index/
INFO: [ app_init ] --START--
INFO: [ app_init ] --END-- [ RunTime:0.001794s ]
INFO: [ path_info ] --START--
INFO: [ path_info ] --END-- [ RunTime:0.000260s ]
INFO: [ app_begin ] --START--
INFO: Run Behavior\ReadHtmlCache [ RunTime:0.000372s ]
INFO: [ app_begin ] --END-- [ RunTime:0.000887s ]
INFO: [ action_begin ] --START--
INFO: [ action_begin ] --END-- [ RunTime:0.000224s ]
INFO: [ view_begin ] --START--
INFO: [ view_begin ] --END-- [ RunTime:0.000192s ]
INFO: [ view_parse ] --START--
INFO: [ template_filter ] --START--
INFO: Run Behavior\ContentReplace [ RunTime:0.003989s ]
INFO: [ template_filter ] --END-- [ RunTime:0.004725s ]
NOTIC: [8] Undefined variable: value E:\PHP\wamp\www\xiaomi\Application\Runtime\Cache\Home\2a94b8bda04ff446dcedd42276fc99ee.php 第 2722 行.
NOTIC: [8] Undefined variable: value E:\PHP\wamp\www\xiaomi\Application\Runtime\Cache\Home\2a94b8bda04ff446dcedd42276fc99ee.php 第 2723 行.
NOTIC: [8] Undefined variable: value E:\PHP\wamp\www\xiaomi\Application\Runtime\Cache\Home\2a94b8bda04ff446dcedd42276fc99ee.php 第 2724 行.
NOTIC: [8] Undefined variable: value E:\PHP\wamp\www\xiaomi\Application\Runtime\Cache\Home\2a94b8bda04ff446dcedd42276fc99ee.php 第 2726 行.
NOTIC: [8] Undefined variable: value E:\PHP\wamp\www\xiaomi\Application\Runtime\Cache\Home\2a94b8bda04ff446dcedd42276fc99ee.php 第 2734 行.
NOTIC: [8] Undefined variable: value E:\PHP\wamp\www\xiaomi\Application\Runtime\Cache\Home\2a94b8bda04ff446dcedd42276fc99ee.php 第 2751 行.
NOTIC: [8] Undefined variable: value E:\PHP\wamp\www\xiaomi\Application\Runtime\Cache\Home\2a94b8bda04ff446dcedd42276fc99ee.php 第 2756 行.
NOTIC: [8] Undefined variable: value E:\PHP\wamp\www\xiaomi\Application\Runtime\Cache\Home\2a94b8bda04ff446dcedd42276fc99ee.php 第 2763 行.
INFO: Run Behavior\ParseTemplate [ RunTime:0.298439s ]
INFO: [ view_parse ] --END-- [ RunTime:0.299446s ]
INFO: [ view_filter ] --START--
INFO: Run Behavior\WriteHtmlCache [ RunTime:0.000155s ]
INFO: [ view_filter ] --END-- [ RunTime:0.000672s ]
INFO: [ view_end ] --START--
INFO: [ view_end ] --END-- [ RunTime:0.000207s ]
INFO: [ app_end ] --START--
INFO: Run Behavior\ShowPageTrace [ RunTime:0.000294s ]
INFO: [ app_end ] --END-- [ RunTime:0.000754s ]

[ 2018-04-13T14:09:04+08:00 ] ::1 /xiaomi/index.php/Home/Index/js/template.js
INFO: [ app_init ] --START--
INFO: [ app_init ] --END-- [ RunTime:0.014019s ]
INFO: [ path_info ] --START--
INFO: [ path_info ] --END-- [ RunTime:0.000294s ]
INFO: [ app_begin ] --START--
INFO: Run Behavior\ReadHtmlCache [ RunTime:0.000412s ]
INFO: [ app_begin ] --END-- [ RunTime:0.000937s ]
INFO: [ action_begin ] --START--
INFO: [ action_begin ] --END-- [ RunTime:0.001312s ]
ERR: 非法操作:js

[ 2018-04-13T14:09:04+08:00 ] ::1 /xiaomi/index.php/Home/Index/js/require.js
INFO: [ app_init ] --START--
INFO: [ app_init ] --END-- [ RunTime:0.001877s ]
INFO: [ path_info ] --START--
INFO: [ path_info ] --END-- [ RunTime:0.000277s ]
INFO: [ app_begin ] --START--
INFO: Run Behavior\ReadHtmlCache [ RunTime:0.000486s ]
INFO: [ app_begin ] --END-- [ RunTime:0.001133s ]
INFO: [ action_begin ] --START--
INFO: [ action_begin ] --END-- [ RunTime:0.000342s ]
ERR: 非法操作:js

[ 2018-04-13T14:09:05+08:00 ] ::1 /xiaomi/index.php/Home/Index/js/footmb.js
INFO: [ app_init ] --START--
INFO: [ app_init ] --END-- [ RunTime:0.002126s ]
INFO: [ path_info ] --START--
INFO: [ path_info ] --END-- [ RunTime:0.000235s ]
INFO: [ app_begin ] --START--
INFO: Run Behavior\ReadHtmlCache [ RunTime:0.000404s ]
INFO: [ app_begin ] --END-- [ RunTime:0.000879s ]
INFO: [ action_begin ] --START--
INFO: [ action_begin ] --END-- [ RunTime:0.000386s ]
ERR: 非法操作:js

[ 2018-04-13T14:09:05+08:00 ] ::1 /xiaomi/index.php/Home/Index/js/jquery-1.11.3.js
INFO: [ app_init ] --START--
INFO: [ app_init ] --END-- [ RunTime:0.001814s ]
INFO: [ path_info ] --START--
INFO: [ path_info ] --END-- [ RunTime:0.000258s ]
INFO: [ app_begin ] --START--
INFO: Run Behavior\ReadHtmlCache [ RunTime:0.000447s ]
INFO: [ app_begin ] --END-- [ RunTime:0.001002s ]
INFO: [ action_begin ] --START--
INFO: [ action_begin ] --END-- [ RunTime:0.000254s ]
ERR: 非法操作:js

[ 2018-04-13T14:09:05+08:00 ] ::1 /xiaomi/index.php/Home/Index/js/cookie.js
INFO: [ app_init ] --START--
INFO: [ app_init ] --END-- [ RunTime:0.002150s ]
INFO: [ path_info ] --START--
INFO: [ path_info ] --END-- [ RunTime:0.000248s ]
INFO: [ app_begin ] --START--
INFO: Run Behavior\ReadHtmlCache [ RunTime:0.000477s ]
INFO: [ app_begin ] --END-- [ RunTime:0.001152s ]
INFO: [ action_begin ] --START--
INFO: [ action_begin ] --END-- [ RunTime:0.000303s ]
ERR: 非法操作:js

[ 2018-04-13T14:09:05+08:00 ] ::1 /xiaomi/index.php/Home/Index/js/require.js
INFO: [ app_init ] --START--
INFO: [ app_init ] --END-- [ RunTime:0.001865s ]
INFO: [ path_info ] --START--
INFO: [ path_info ] --END-- [ RunTime:0.000260s ]
INFO: [ app_begin ] --START--
INFO: Run Behavior\ReadHtmlCache [ RunTime:0.006247s ]
INFO: [ app_begin ] --END-- [ RunTime:0.007249s ]
INFO: [ action_begin ] --START--
INFO: [ action_begin ] --END-- [ RunTime:0.000728s ]
ERR: 非法操作:js

[ 2018-04-13T14:09:05+08:00 ] ::1 /xiaomi/index.php/Home/Index/js/index.js
INFO: [ app_init ] --START--
INFO: [ app_init ] --END-- [ RunTime:0.001458s ]
INFO: [ path_info ] --START--
INFO: [ path_info ] --END-- [ RunTime:0.000329s ]
INFO: [ app_begin ] --START--
INFO: Run Behavior\ReadHtmlCache [ RunTime:0.000408s ]
INFO: [ app_begin ] --END-- [ RunTime:0.001611s ]
INFO: [ action_begin ] --START--
INFO: [ action_begin ] --END-- [ RunTime:0.001998s ]
ERR: 非法操作:js

[ 2018-04-13T14:09:05+08:00 ] ::1 /xiaomi/index.php/Home/Index/js/footmb.js
INFO: [ app_init ] --START--
INFO: [ app_init ] --END-- [ RunTime:0.001967s ]
INFO: [ path_info ] --START--
INFO: [ path_info ] --END-- [ RunTime:0.000261s ]
INFO: [ app_begin ] --START--
INFO: Run Behavior\ReadHtmlCache [ RunTime:0.000616s ]
INFO: [ app_begin ] --END-- [ RunTime:0.001217s ]
INFO: [ action_begin ] --START--
INFO: [ action_begin ] --END-- [ RunTime:0.000292s ]
ERR: 非法操作:js

[ 2018-04-13T14:09:06+08:00 ] ::1 /xiaomi/index.php/Home/Index/video/miui9.mp4
INFO: [ app_init ] --START--
INFO: [ app_init ] --END-- [ RunTime:0.001327s ]
INFO: [ path_info ] --START--
INFO: [ path_info ] --END-- [ RunTime:0.000222s ]
INFO: [ app_begin ] --START--
INFO: Run Behavior\ReadHtmlCache [ RunTime:0.000401s ]
INFO: [ app_begin ] --END-- [ RunTime:0.000956s ]
INFO: [ action_begin ] --START--
INFO: [ action_begin ] --END-- [ RunTime:0.000330s ]
ERR: 非法操作:video

[ 2018-04-13T14:09:07+08:00 ] ::1 /xiaomi/index.php/Home/Index/js/jquery-1.11.3.js
INFO: [ app_init ] --START--
INFO: [ app_init ] --END-- [ RunTime:0.002380s ]
INFO: [ path_info ] --START--
INFO: [ path_info ] --END-- [ RunTime:0.000222s ]
INFO: [ app_begin ] --START--
INFO: Run Behavior\ReadHtmlCache [ RunTime:0.000572s ]
INFO: [ app_begin ] --END-- [ RunTime:0.001100s ]
INFO: [ action_begin ] --START--
INFO: [ action_begin ] --END-- [ RunTime:0.000275s ]
ERR: 非法操作:js

[ 2018-04-13T14:09:14+08:00 ] ::1 /xiaomi/index.php/Home/Index/js/cookie.js
INFO: [ app_init ] --START--
INFO: [ app_init ] --END-- [ RunTime:0.001551s ]
INFO: [ path_info ] --START--
INFO: [ path_info ] --END-- [ RunTime:0.000221s ]
INFO: [ app_begin ] --START--
INFO: Run Behavior\ReadHtmlCache [ RunTime:0.000366s ]
INFO: [ app_begin ] --END-- [ RunTime:0.000869s ]
INFO: [ action_begin ] --START--
INFO: [ action_begin ] --END-- [ RunTime:0.000324s ]
ERR: 非法操作:js

[ 2018-04-13T14:09:18+08:00 ] ::1 /xiaomi/index.php/Home/Index/js/index.js
INFO: [ app_init ] --START--
INFO: [ app_init ] --END-- [ RunTime:0.001676s ]
INFO: [ path_info ] --START--
INFO: [ path_info ] --END-- [ RunTime:0.000226s ]
INFO: [ app_begin ] --START--
INFO: Run Behavior\ReadHtmlCache [ RunTime:0.000944s ]
INFO: [ app_begin ] --END-- [ RunTime:0.001505s ]
INFO: [ action_begin ] --START--
INFO: [ action_begin ] --END-- [ RunTime:0.000313s ]
ERR: 非法操作:js

[ 2018-04-13T14:10:45+08:00 ] ::1 /xiaomi/index.php/Home/Index/
INFO: [ app_init ] --START--
INFO: [ app_init ] --END-- [ RunTime:0.003010s ]
INFO: [ path_info ] --START--
INFO: [ path_info ] --END-- [ RunTime:0.000227s ]
INFO: [ app_begin ] --START--
INFO: Run Behavior\ReadHtmlCache [ RunTime:0.000413s ]
INFO: [ app_begin ] --END-- [ RunTime:0.001353s ]
INFO: [ action_begin ] --START--
INFO: [ action_begin ] --END-- [ RunTime:0.000282s ]
INFO: [ view_begin ] --START--
INFO: [ view_begin ] --END-- [ RunTime:0.000232s ]
INFO: [ view_parse ] --START--
INFO: [ template_filter ] --START--
INFO: Run Behavior\ContentReplace [ RunTime:0.004571s ]
INFO: [ template_filter ] --END-- [ RunTime:0.005302s ]
NOTIC: [8] Undefined variable: value E:\PHP\wamp\www\xiaomi\Application\Runtime\Cache\Home\2a94b8bda04ff446dcedd42276fc99ee.php 第 2722 行.
NOTIC: [8] Undefined variable: value E:\PHP\wamp\www\xiaomi\Application\Runtime\Cache\Home\2a94b8bda04ff446dcedd42276fc99ee.php 第 2723 行.
NOTIC: [8] Undefined variable: value E:\PHP\wamp\www\xiaomi\Application\Runtime\Cache\Home\2a94b8bda04ff446dcedd42276fc99ee.php 第 2724 行.
NOTIC: [8] Undefined variable: value E:\PHP\wamp\www\xiaomi\Application\Runtime\Cache\Home\2a94b8bda04ff446dcedd42276fc99ee.php 第 2726 行.
NOTIC: [8] Undefined variable: value E:\PHP\wamp\www\xiaomi\Application\Runtime\Cache\Home\2a94b8bda04ff446dcedd42276fc99ee.php 第 2734 行.
NOTIC: [8] Undefined variable: value E:\PHP\wamp\www\xiaomi\Application\Runtime\Cache\Home\2a94b8bda04ff446dcedd42276fc99ee.php 第 2751 行.
NOTIC: [8] Undefined variable: value E:\PHP\wamp\www\xiaomi\Application\Runtime\Cache\Home\2a94b8bda04ff446dcedd42276fc99ee.php 第 2756 行.
NOTIC: [8] Undefined variable: value E:\PHP\wamp\www\xiaomi\Application\Runtime\Cache\Home\2a94b8bda04ff446dcedd42276fc99ee.php 第 2763 行.
INFO: Run Behavior\ParseTemplate [ RunTime:0.506476s ]
INFO: [ view_parse ] --END-- [ RunTime:0.507046s ]
INFO: [ view_filter ] --START--
INFO: Run Behavior\WriteHtmlCache [ RunTime:0.000106s ]
INFO: [ view_filter ] --END-- [ RunTime:0.000523s ]
INFO: [ view_end ] --START--
INFO: [ view_end ] --END-- [ RunTime:0.000201s ]
INFO: [ app_end ] --START--
INFO: Run Behavior\ShowPageTrace [ RunTime:0.000303s ]
INFO: [ app_end ] --END-- [ RunTime:0.000719s ]

[ 2018-04-13T14:10:45+08:00 ] ::1 /xiaomi/index.php/Home/Index/js/template.js
INFO: [ app_init ] --START--
INFO: [ app_init ] --END-- [ RunTime:0.037406s ]
INFO: [ path_info ] --START--
INFO: [ path_info ] --END-- [ RunTime:0.000241s ]
INFO: [ app_begin ] --START--
INFO: Run Behavior\ReadHtmlCache [ RunTime:0.000847s ]
INFO: [ app_begin ] --END-- [ RunTime:0.001411s ]
INFO: [ action_begin ] --START--
INFO: [ action_begin ] --END-- [ RunTime:0.000660s ]
ERR: 非法操作:js

[ 2018-04-13T14:10:45+08:00 ] ::1 /xiaomi/index.php/Home/Index/js/require.js
INFO: [ app_init ] --START--
INFO: [ app_init ] --END-- [ RunTime:0.004245s ]
INFO: [ path_info ] --START--
INFO: [ path_info ] --END-- [ RunTime:0.000266s ]
INFO: [ app_begin ] --START--
INFO: Run Behavior\ReadHtmlCache [ RunTime:0.000417s ]
INFO: [ app_begin ] --END-- [ RunTime:0.000960s ]
INFO: [ action_begin ] --START--
INFO: [ action_begin ] --END-- [ RunTime:0.000366s ]
ERR: 非法操作:js

[ 2018-04-13T14:10:47+08:00 ] ::1 /xiaomi/index.php/Home/Index/js/jquery-1.11.3.js
INFO: [ app_init ] --START--
INFO: [ app_init ] --END-- [ RunTime:0.101344s ]
INFO: [ path_info ] --START--
INFO: [ path_info ] --END-- [ RunTime:0.000252s ]
INFO: [ app_begin ] --START--
INFO: Run Behavior\ReadHtmlCache [ RunTime:0.000569s ]
INFO: [ app_begin ] --END-- [ RunTime:0.001095s ]
INFO: [ action_begin ] --START--
INFO: [ action_begin ] --END-- [ RunTime:0.000288s ]
ERR: 非法操作:js

[ 2018-04-13T14:10:47+08:00 ] ::1 /xiaomi/index.php/Home/Index/js/footmb.js
INFO: [ app_init ] --START--
INFO: [ app_init ] --END-- [ RunTime:0.039636s ]
INFO: [ path_info ] --START--
INFO: [ path_info ] --END-- [ RunTime:0.000245s ]
INFO: [ app_begin ] --START--
INFO: Run Behavior\ReadHtmlCache [ RunTime:0.000441s ]
INFO: [ app_begin ] --END-- [ RunTime:0.000983s ]
INFO: [ action_begin ] --START--
INFO: [ action_begin ] --END-- [ RunTime:0.000287s ]
ERR: 非法操作:js

[ 2018-04-13T14:10:47+08:00 ] ::1 /xiaomi/index.php/Home/Index/js/cookie.js
INFO: [ app_init ] --START--
INFO: [ app_init ] --END-- [ RunTime:0.046391s ]
INFO: [ path_info ] --START--
INFO: [ path_info ] --END-- [ RunTime:0.000297s ]
INFO: [ app_begin ] --START--
INFO: Run Behavior\ReadHtmlCache [ RunTime:0.000592s ]
INFO: [ app_begin ] --END-- [ RunTime:0.001193s ]
INFO: [ action_begin ] --START--
INFO: [ action_begin ] --END-- [ RunTime:0.000456s ]
ERR: 非法操作:js

[ 2018-04-13T14:10:47+08:00 ] ::1 /xiaomi/index.php/Home/Index/js/index.js
INFO: [ app_init ] --START--
INFO: [ app_init ] --END-- [ RunTime:0.003992s ]
INFO: [ path_info ] --START--
INFO: [ path_info ] --END-- [ RunTime:0.000317s ]
INFO: [ app_begin ] --START--
INFO: Run Behavior\ReadHtmlCache [ RunTime:0.000485s ]
INFO: [ app_begin ] --END-- [ RunTime:0.005743s ]
INFO: [ action_begin ] --START--
INFO: [ action_begin ] --END-- [ RunTime:0.000391s ]
ERR: 非法操作:js

[ 2018-04-13T14:10:47+08:00 ] ::1 /xiaomi/index.php/Home/Index/js/require.js
INFO: [ app_init ] --START--
INFO: [ app_init ] --END-- [ RunTime:0.011057s ]
INFO: [ path_info ] --START--
INFO: [ path_info ] --END-- [ RunTime:0.000762s ]
INFO: [ app_begin ] --START--
INFO: Run Behavior\ReadHtmlCache [ RunTime:0.000851s ]
INFO: [ app_begin ] --END-- [ RunTime:0.002006s ]
INFO: [ action_begin ] --START--
INFO: [ action_begin ] --END-- [ RunTime:0.000323s ]
ERR: 非法操作:js

[ 2018-04-13T14:10:47+08:00 ] ::1 /xiaomi/index.php/Home/Index/js/footmb.js
INFO: [ app_init ] --START--
INFO: [ app_init ] --END-- [ RunTime:0.001484s ]
INFO: [ path_info ] --START--
INFO: [ path_info ] --END-- [ RunTime:0.000232s ]
INFO: [ app_begin ] --START--
INFO: Run Behavior\ReadHtmlCache [ RunTime:0.000407s ]
INFO: [ app_begin ] --END-- [ RunTime:0.001364s ]
INFO: [ action_begin ] --START--
INFO: [ action_begin ] --END-- [ RunTime:0.000312s ]
ERR: 非法操作:js

[ 2018-04-13T14:10:48+08:00 ] ::1 /xiaomi/index.php/Home/Index/video/miui9.mp4
INFO: [ app_init ] --START--
INFO: [ app_init ] --END-- [ RunTime:0.001847s ]
INFO: [ path_info ] --START--
INFO: [ path_info ] --END-- [ RunTime:0.000283s ]
INFO: [ app_begin ] --START--
INFO: Run Behavior\ReadHtmlCache [ RunTime:0.000386s ]
INFO: [ app_begin ] --END-- [ RunTime:0.001174s ]
INFO: [ action_begin ] --START--
INFO: [ action_begin ] --END-- [ RunTime:0.000841s ]
ERR: 非法操作:video

[ 2018-04-13T14:10:48+08:00 ] ::1 /xiaomi/index.php/Home/Index/js/jquery-1.11.3.js
INFO: [ app_init ] --START--
INFO: [ app_init ] --END-- [ RunTime:0.001361s ]
INFO: [ path_info ] --START--
INFO: [ path_info ] --END-- [ RunTime:0.000218s ]
INFO: [ app_begin ] --START--
INFO: Run Behavior\ReadHtmlCache [ RunTime:0.000388s ]
INFO: [ app_begin ] --END-- [ RunTime:0.000855s ]
INFO: [ action_begin ] --START--
INFO: [ action_begin ] --END-- [ RunTime:0.000898s ]
ERR: 非法操作:js

[ 2018-04-13T14:10:48+08:00 ] ::1 /xiaomi/index.php/Home/Index/js/cookie.js
INFO: [ app_init ] --START--
INFO: [ app_init ] --END-- [ RunTime:0.001517s ]
INFO: [ path_info ] --START--
INFO: [ path_info ] --END-- [ RunTime:0.000224s ]
INFO: [ app_begin ] --START--
INFO: Run Behavior\ReadHtmlCache [ RunTime:0.000386s ]
INFO: [ app_begin ] --END-- [ RunTime:0.000885s ]
INFO: [ action_begin ] --START--
INFO: [ action_begin ] --END-- [ RunTime:0.000424s ]
ERR: 非法操作:js

[ 2018-04-13T14:10:48+08:00 ] ::1 /xiaomi/index.php/Home/Index/js/index.js
INFO: [ app_init ] --START--
INFO: [ app_init ] --END-- [ RunTime:0.001426s ]
INFO: [ path_info ] --START--
INFO: [ path_info ] --END-- [ RunTime:0.000235s ]
INFO: [ app_begin ] --START--
INFO: Run Behavior\ReadHtmlCache [ RunTime:0.000366s ]
INFO: [ app_begin ] --END-- [ RunTime:0.000814s ]
INFO: [ action_begin ] --START--
INFO: [ action_begin ] --END-- [ RunTime:0.000286s ]
ERR: 非法操作:js

[ 2018-04-13T14:11:42+08:00 ] ::1 /xiaomi/index.php/Home/Index/
INFO: [ app_init ] --START--
INFO: [ app_init ] --END-- [ RunTime:0.002063s ]
INFO: [ path_info ] --START--
INFO: [ path_info ] --END-- [ RunTime:0.000276s ]
INFO: [ app_begin ] --START--
INFO: Run Behavior\ReadHtmlCache [ RunTime:0.000482s ]
INFO: [ app_begin ] --END-- [ RunTime:0.001236s ]
INFO: [ action_begin ] --START--
INFO: [ action_begin ] --END-- [ RunTime:0.000280s ]
INFO: [ view_begin ] --START--
INFO: [ view_begin ] --END-- [ RunTime:0.000228s ]
INFO: [ view_parse ] --START--
INFO: [ template_filter ] --START--
INFO: Run Behavior\ContentReplace [ RunTime:0.003876s ]
INFO: [ template_filter ] --END-- [ RunTime:0.005291s ]
NOTIC: [8] Undefined variable: value E:\PHP\wamp\www\xiaomi\Application\Runtime\Cache\Home\2a94b8bda04ff446dcedd42276fc99ee.php 第 2722 行.
NOTIC: [8] Undefined variable: value E:\PHP\wamp\www\xiaomi\Application\Runtime\Cache\Home\2a94b8bda04ff446dcedd42276fc99ee.php 第 2723 行.
NOTIC: [8] Undefined variable: value E:\PHP\wamp\www\xiaomi\Application\Runtime\Cache\Home\2a94b8bda04ff446dcedd42276fc99ee.php 第 2724 行.
NOTIC: [8] Undefined variable: value E:\PHP\wamp\www\xiaomi\Application\Runtime\Cache\Home\2a94b8bda04ff446dcedd42276fc99ee.php 第 2726 行.
NOTIC: [8] Undefined variable: value E:\PHP\wamp\www\xiaomi\Application\Runtime\Cache\Home\2a94b8bda04ff446dcedd42276fc99ee.php 第 2734 行.
NOTIC: [8] Undefined variable: value E:\PHP\wamp\www\xiaomi\Application\Runtime\Cache\Home\2a94b8bda04ff446dcedd42276fc99ee.php 第 2751 行.
NOTIC: [8] Undefined variable: value E:\PHP\wamp\www\xiaomi\Application\Runtime\Cache\Home\2a94b8bda04ff446dcedd42276fc99ee.php 第 2756 行.
NOTIC: [8] Undefined variable: value E:\PHP\wamp\www\xiaomi\Application\Runtime\Cache\Home\2a94b8bda04ff446dcedd42276fc99ee.php 第 2763 行.
INFO: Run Behavior\ParseTemplate [ RunTime:0.429467s ]
INFO: [ view_parse ] --END-- [ RunTime:0.430085s ]
INFO: [ view_filter ] --START--
INFO: Run Behavior\WriteHtmlCache [ RunTime:0.000123s ]
INFO: [ view_filter ] --END-- [ RunTime:0.000595s ]
INFO: [ view_end ] --START--
INFO: [ view_end ] --END-- [ RunTime:0.000211s ]
INFO: [ app_end ] --START--
INFO: Run Behavior\ShowPageTrace [ RunTime:0.000365s ]
INFO: [ app_end ] --END-- [ RunTime:0.001477s ]

[ 2018-04-13T14:11:42+08:00 ] ::1 /xiaomi/index.php/Home/Index/js/template.js
INFO: [ app_init ] --START--
INFO: [ app_init ] --END-- [ RunTime:0.001642s ]
INFO: [ path_info ] --START--
INFO: [ path_info ] --END-- [ RunTime:0.000244s ]
INFO: [ app_begin ] --START--
INFO: Run Behavior\ReadHtmlCache [ RunTime:0.000640s ]
INFO: [ app_begin ] --END-- [ RunTime:0.001440s ]
INFO: [ action_begin ] --START--
INFO: [ action_begin ] --END-- [ RunTime:0.000256s ]
ERR: 非法操作:js

[ 2018-04-13T14:11:42+08:00 ] ::1 /xiaomi/index.php/Home/Index/js/require.js
INFO: [ app_init ] --START--
INFO: [ app_init ] --END-- [ RunTime:0.001767s ]
INFO: [ path_info ] --START--
INFO: [ path_info ] --END-- [ RunTime:0.000249s ]
INFO: [ app_begin ] --START--
INFO: Run Behavior\ReadHtmlCache [ RunTime:0.000548s ]
INFO: [ app_begin ] --END-- [ RunTime:0.001114s ]
INFO: [ action_begin ] --START--
INFO: [ action_begin ] --END-- [ RunTime:0.000484s ]
ERR: 非法操作:js

[ 2018-04-13T14:11:44+08:00 ] ::1 /xiaomi/index.php/Home/Index/video/miui9.mp4
INFO: [ app_init ] --START--
INFO: [ app_init ] --END-- [ RunTime:0.001540s ]
INFO: [ path_info ] --START--
INFO: [ path_info ] --END-- [ RunTime:0.001021s ]
INFO: [ app_begin ] --START--
INFO: Run Behavior\ReadHtmlCache [ RunTime:0.000418s ]
INFO: [ app_begin ] --END-- [ RunTime:0.000935s ]
INFO: [ action_begin ] --START--
INFO: [ action_begin ] --END-- [ RunTime:0.000270s ]
ERR: 非法操作:video

[ 2018-04-13T14:13:24+08:00 ] ::1 /xiaomi/index.php/Home/Index/
INFO: [ app_init ] --START--
INFO: [ app_init ] --END-- [ RunTime:0.002569s ]
INFO: [ path_info ] --START--
INFO: [ path_info ] --END-- [ RunTime:0.000315s ]
INFO: [ app_begin ] --START--
INFO: Run Behavior\ReadHtmlCache [ RunTime:0.000475s ]
INFO: [ app_begin ] --END-- [ RunTime:0.001089s ]
INFO: [ action_begin ] --START--
INFO: [ action_begin ] --END-- [ RunTime:0.000282s ]
INFO: [ view_begin ] --START--
INFO: [ view_begin ] --END-- [ RunTime:0.000212s ]
INFO: [ view_parse ] --START--
INFO: [ template_filter ] --START--
INFO: Run Behavior\ContentReplace [ RunTime:0.004938s ]
INFO: [ template_filter ] --END-- [ RunTime:0.005685s ]
NOTIC: [8] Undefined variable: value E:\PHP\wamp\www\xiaomi\Application\Runtime\Cache\Home\2a94b8bda04ff446dcedd42276fc99ee.php 第 2722 行.
NOTIC: [8] Undefined variable: value E:\PHP\wamp\www\xiaomi\Application\Runtime\Cache\Home\2a94b8bda04ff446dcedd42276fc99ee.php 第 2723 行.
NOTIC: [8] Undefined variable: value E:\PHP\wamp\www\xiaomi\Application\Runtime\Cache\Home\2a94b8bda04ff446dcedd42276fc99ee.php 第 2724 行.
NOTIC: [8] Undefined variable: value E:\PHP\wamp\www\xiaomi\Application\Runtime\Cache\Home\2a94b8bda04ff446dcedd42276fc99ee.php 第 2726 行.
NOTIC: [8] Undefined variable: value E:\PHP\wamp\www\xiaomi\Application\Runtime\Cache\Home\2a94b8bda04ff446dcedd42276fc99ee.php 第 2734 行.
NOTIC: [8] Undefined variable: value E:\PHP\wamp\www\xiaomi\Application\Runtime\Cache\Home\2a94b8bda04ff446dcedd42276fc99ee.php 第 2751 行.
NOTIC: [8] Undefined variable: value E:\PHP\wamp\www\xiaomi\Application\Runtime\Cache\Home\2a94b8bda04ff446dcedd42276fc99ee.php 第 2756 行.
NOTIC: [8] Undefined variable: value E:\PHP\wamp\www\xiaomi\Application\Runtime\Cache\Home\2a94b8bda04ff446dcedd42276fc99ee.php 第 2763 行.
INFO: Run Behavior\ParseTemplate [ RunTime:0.569500s ]
INFO: [ view_parse ] --END-- [ RunTime:0.570061s ]
INFO: [ view_filter ] --START--
INFO: Run Behavior\WriteHtmlCache [ RunTime:0.000124s ]
INFO: [ view_filter ] --END-- [ RunTime:0.000853s ]
INFO: [ view_end ] --START--
INFO: [ view_end ] --END-- [ RunTime:0.000220s ]
INFO: [ app_end ] --START--
INFO: Run Behavior\ShowPageTrace [ RunTime:0.000315s ]
INFO: [ app_end ] --END-- [ RunTime:0.000734s ]

[ 2018-04-13T14:13:25+08:00 ] ::1 /xiaomi/index.php/Home/Index/js/template.js
INFO: [ app_init ] --START--
INFO: [ app_init ] --END-- [ RunTime:0.001859s ]
INFO: [ path_info ] --START--
INFO: [ path_info ] --END-- [ RunTime:0.000259s ]
INFO: [ app_begin ] --START--
INFO: Run Behavior\ReadHtmlCache [ RunTime:0.000549s ]
INFO: [ app_begin ] --END-- [ RunTime:0.001122s ]
INFO: [ action_begin ] --START--
INFO: [ action_begin ] --END-- [ RunTime:0.000313s ]
ERR: 非法操作:js

[ 2018-04-13T14:13:25+08:00 ] ::1 /xiaomi/index.php/Home/Index/js/require.js
INFO: [ app_init ] --START--
INFO: [ app_init ] --END-- [ RunTime:0.002436s ]
INFO: [ path_info ] --START--
INFO: [ path_info ] --END-- [ RunTime:0.000311s ]
INFO: [ app_begin ] --START--
INFO: Run Behavior\ReadHtmlCache [ RunTime:0.000375s ]
INFO: [ app_begin ] --END-- [ RunTime:0.000828s ]
INFO: [ action_begin ] --START--
INFO: [ action_begin ] --END-- [ RunTime:0.000499s ]
ERR: 非法操作:js

[ 2018-04-13T14:15:54+08:00 ] ::1 /xiaomi/index.php/Home/Index/
INFO: [ app_init ] --START--
INFO: [ app_init ] --END-- [ RunTime:0.001668s ]
INFO: [ path_info ] --START--
INFO: [ path_info ] --END-- [ RunTime:0.000223s ]
INFO: [ app_begin ] --START--
INFO: Run Behavior\ReadHtmlCache [ RunTime:0.000399s ]
INFO: [ app_begin ] --END-- [ RunTime:0.000909s ]
INFO: [ action_begin ] --START--
INFO: [ action_begin ] --END-- [ RunTime:0.000273s ]
INFO: [ view_begin ] --START--
INFO: [ view_begin ] --END-- [ RunTime:0.000217s ]
INFO: [ view_parse ] --START--
INFO: [ template_filter ] --START--
INFO: Run Behavior\ContentReplace [ RunTime:0.004602s ]
INFO: [ template_filter ] --END-- [ RunTime:0.005240s ]
NOTIC: [8] Undefined variable: value E:\PHP\wamp\www\xiaomi\Application\Runtime\Cache\Home\2a94b8bda04ff446dcedd42276fc99ee.php 第 2722 行.
NOTIC: [8] Undefined variable: value E:\PHP\wamp\www\xiaomi\Application\Runtime\Cache\Home\2a94b8bda04ff446dcedd42276fc99ee.php 第 2723 行.
NOTIC: [8] Undefined variable: value E:\PHP\wamp\www\xiaomi\Application\Runtime\Cache\Home\2a94b8bda04ff446dcedd42276fc99ee.php 第 2724 行.
NOTIC: [8] Undefined variable: value E:\PHP\wamp\www\xiaomi\Application\Runtime\Cache\Home\2a94b8bda04ff446dcedd42276fc99ee.php 第 2726 行.
NOTIC: [8] Undefined variable: value E:\PHP\wamp\www\xiaomi\Application\Runtime\Cache\Home\2a94b8bda04ff446dcedd42276fc99ee.php 第 2734 行.
NOTIC: [8] Undefined variable: value E:\PHP\wamp\www\xiaomi\Application\Runtime\Cache\Home\2a94b8bda04ff446dcedd42276fc99ee.php 第 2751 行.
NOTIC: [8] Undefined variable: value E:\PHP\wamp\www\xiaomi\Application\Runtime\Cache\Home\2a94b8bda04ff446dcedd42276fc99ee.php 第 2756 行.
NOTIC: [8] Undefined variable: value E:\PHP\wamp\www\xiaomi\Application\Runtime\Cache\Home\2a94b8bda04ff446dcedd42276fc99ee.php 第 2763 行.
INFO: Run Behavior\ParseTemplate [ RunTime:0.386350s ]
INFO: [ view_parse ] --END-- [ RunTime:0.386894s ]
INFO: [ view_filter ] --START--
INFO: Run Behavior\WriteHtmlCache [ RunTime:0.000111s ]
INFO: [ view_filter ] --END-- [ RunTime:0.000540s ]
INFO: [ view_end ] --START--
INFO: [ view_end ] --END-- [ RunTime:0.000195s ]
INFO: [ app_end ] --START--
INFO: Run Behavior\ShowPageTrace [ RunTime:0.000337s ]
INFO: [ app_end ] --END-- [ RunTime:0.000791s ]

[ 2018-04-13T14:15:54+08:00 ] ::1 /xiaomi/index.php/Home/Index/js/template.js
INFO: [ app_init ] --START--
INFO: [ app_init ] --END-- [ RunTime:0.001897s ]
INFO: [ path_info ] --START--
INFO: [ path_info ] --END-- [ RunTime:0.000259s ]
INFO: [ app_begin ] --START--
INFO: Run Behavior\ReadHtmlCache [ RunTime:0.000417s ]
INFO: [ app_begin ] --END-- [ RunTime:0.000889s ]
INFO: [ action_begin ] --START--
INFO: [ action_begin ] --END-- [ RunTime:0.000303s ]
ERR: 非法操作:js

[ 2018-04-13T14:15:54+08:00 ] ::1 /xiaomi/index.php/Home/Index/js/require.js
INFO: [ app_init ] --START--
INFO: [ app_init ] --END-- [ RunTime:0.001863s ]
INFO: [ path_info ] --START--
INFO: [ path_info ] --END-- [ RunTime:0.000227s ]
INFO: [ app_begin ] --START--
INFO: Run Behavior\ReadHtmlCache [ RunTime:0.000396s ]
INFO: [ app_begin ] --END-- [ RunTime:0.000867s ]
INFO: [ action_begin ] --START--
INFO: [ action_begin ] --END-- [ RunTime:0.000265s ]
ERR: 非法操作:js

[ 2018-04-13T14:25:27+08:00 ] ::1 /xiaomi/index.php/Home/Index/
INFO: [ app_init ] --START--
INFO: [ app_init ] --END-- [ RunTime:0.006315s ]
INFO: [ path_info ] --START--
INFO: [ path_info ] --END-- [ RunTime:0.000260s ]
INFO: [ app_begin ] --START--
INFO: Run Behavior\ReadHtmlCache [ RunTime:0.000471s ]
INFO: [ app_begin ] --END-- [ RunTime:0.008105s ]
INFO: [ action_begin ] --START--
INFO: [ action_begin ] --END-- [ RunTime:0.000338s ]
INFO: [ view_begin ] --START--
INFO: [ view_begin ] --END-- [ RunTime:0.000224s ]
INFO: [ view_parse ] --START--
INFO: [ template_filter ] --START--
INFO: Run Behavior\ContentReplace [ RunTime:0.004010s ]
INFO: [ template_filter ] --END-- [ RunTime:0.004614s ]
NOTIC: [8] Undefined variable: value E:\PHP\wamp\www\xiaomi\Application\Runtime\Cache\Home\2a94b8bda04ff446dcedd42276fc99ee.php 第 2722 行.
NOTIC: [8] Undefined variable: value E:\PHP\wamp\www\xiaomi\Application\Runtime\Cache\Home\2a94b8bda04ff446dcedd42276fc99ee.php 第 2723 行.
NOTIC: [8] Undefined variable: value E:\PHP\wamp\www\xiaomi\Application\Runtime\Cache\Home\2a94b8bda04ff446dcedd42276fc99ee.php 第 2724 行.
NOTIC: [8] Undefined variable: value E:\PHP\wamp\www\xiaomi\Application\Runtime\Cache\Home\2a94b8bda04ff446dcedd42276fc99ee.php 第 2726 行.
NOTIC: [8] Undefined variable: value E:\PHP\wamp\www\xiaomi\Application\Runtime\Cache\Home\2a94b8bda04ff446dcedd42276fc99ee.php 第 2734 行.
NOTIC: [8] Undefined variable: value E:\PHP\wamp\www\xiaomi\Application\Runtime\Cache\Home\2a94b8bda04ff446dcedd42276fc99ee.php 第 2751 行.
NOTIC: [8] Undefined variable: value E:\PHP\wamp\www\xiaomi\Application\Runtime\Cache\Home\2a94b8bda04ff446dcedd42276fc99ee.php 第 2756 行.
NOTIC: [8] Undefined variable: value E:\PHP\wamp\www\xiaomi\Application\Runtime\Cache\Home\2a94b8bda04ff446dcedd42276fc99ee.php 第 2763 行.
INFO: Run Behavior\ParseTemplate [ RunTime:0.518807s ]
INFO: [ view_parse ] --END-- [ RunTime:0.519394s ]
INFO: [ view_filter ] --START--
INFO: Run Behavior\WriteHtmlCache [ RunTime:0.000119s ]
INFO: [ view_filter ] --END-- [ RunTime:0.000543s ]
INFO: [ view_end ] --START--
INFO: [ view_end ] --END-- [ RunTime:0.000249s ]
INFO: [ app_end ] --START--
INFO: Run Behavior\ShowPageTrace [ RunTime:0.000326s ]
INFO: [ app_end ] --END-- [ RunTime:0.000759s ]

[ 2018-04-13T14:25:27+08:00 ] ::1 /xiaomi/index.php/Home/Index/%7B%7D
INFO: [ app_init ] --START--
INFO: [ app_init ] --END-- [ RunTime:0.002975s ]
INFO: [ path_info ] --START--
INFO: [ path_info ] --END-- [ RunTime:0.000296s ]
INFO: [ app_begin ] --START--
INFO: Run Behavior\ReadHtmlCache [ RunTime:0.000544s ]
INFO: [ app_begin ] --END-- [ RunTime:0.001183s ]
INFO: [ action_begin ] --START--
INFO: [ action_begin ] --END-- [ RunTime:0.000307s ]
ERR: 非法操作:{}

[ 2018-04-13T14:25:29+08:00 ] ::1 /xiaomi/index.php/Home/Index/main.js
INFO: [ app_init ] --START--
INFO: [ app_init ] --END-- [ RunTime:0.001908s ]
INFO: [ path_info ] --START--
INFO: [ path_info ] --END-- [ RunTime:0.000282s ]
INFO: [ app_begin ] --START--
INFO: Run Behavior\ReadHtmlCache [ RunTime:0.000530s ]
INFO: [ app_begin ] --END-- [ RunTime:0.001184s ]
INFO: [ action_begin ] --START--
INFO: [ action_begin ] --END-- [ RunTime:0.000268s ]
ERR: 非法操作:main.js

[ 2018-04-13T14:26:22+08:00 ] ::1 /xiaomi/index.php/Home/Login/login
INFO: [ app_init ] --START--
INFO: [ app_init ] --END-- [ RunTime:0.001457s ]
INFO: [ path_info ] --START--
INFO: [ path_info ] --END-- [ RunTime:0.000238s ]
INFO: [ app_begin ] --START--
INFO: Run Behavior\ReadHtmlCache [ RunTime:0.001314s ]
INFO: [ app_begin ] --END-- [ RunTime:0.001928s ]
INFO: [ action_begin ] --START--
INFO: [ action_begin ] --END-- [ RunTime:0.000274s ]
INFO: [ view_begin ] --START--
INFO: [ view_begin ] --END-- [ RunTime:0.000230s ]
INFO: [ view_parse ] --START--
INFO: [ template_filter ] --START--
INFO: Run Behavior\ContentReplace [ RunTime:0.000444s ]
INFO: [ template_filter ] --END-- [ RunTime:0.001057s ]
INFO: Run Behavior\ParseTemplate [ RunTime:0.040506s ]
INFO: [ view_parse ] --END-- [ RunTime:0.041927s ]
INFO: [ view_filter ] --START--
INFO: Run Behavior\WriteHtmlCache [ RunTime:0.000511s ]
INFO: [ view_filter ] --END-- [ RunTime:0.001304s ]
INFO: [ view_end ] --START--
INFO: [ view_end ] --END-- [ RunTime:0.000210s ]
INFO: [ app_end ] --START--
INFO: Run Behavior\ShowPageTrace [ RunTime:0.000323s ]
INFO: [ app_end ] --END-- [ RunTime:0.000767s ]

[ 2018-04-13T14:26:22+08:00 ] ::1 /xiaomi/index.php/Home/Login/icomoon/style.css
INFO: [ app_init ] --START--
INFO: [ app_init ] --END-- [ RunTime:0.002441s ]
INFO: [ path_info ] --START--
INFO: [ path_info ] --END-- [ RunTime:0.000372s ]
INFO: [ app_begin ] --START--
INFO: Run Behavior\ReadHtmlCache [ RunTime:0.000421s ]
INFO: [ app_begin ] --END-- [ RunTime:0.001032s ]
INFO: [ action_begin ] --START--
INFO: [ action_begin ] --END-- [ RunTime:0.000330s ]
ERR: 非法操作:icomoon

[ 2018-04-13T14:27:59+08:00 ] ::1 /xiaomi/index.php/Home/Login/login
INFO: [ app_init ] --START--
INFO: [ app_init ] --END-- [ RunTime:0.002022s ]
INFO: [ path_info ] --START--
INFO: [ path_info ] --END-- [ RunTime:0.000221s ]
INFO: [ app_begin ] --START--
INFO: Run Behavior\ReadHtmlCache [ RunTime:0.000441s ]
INFO: [ app_begin ] --END-- [ RunTime:0.000898s ]
INFO: [ action_begin ] --START--
INFO: [ action_begin ] --END-- [ RunTime:0.000268s ]
INFO: [ view_begin ] --START--
INFO: [ view_begin ] --END-- [ RunTime:0.000202s ]
INFO: [ view_parse ] --START--
INFO: [ template_filter ] --START--
INFO: Run Behavior\ContentReplace [ RunTime:0.000417s ]
INFO: [ template_filter ] --END-- [ RunTime:0.000932s ]
INFO: Run Behavior\ParseTemplate [ RunTime:0.035328s ]
INFO: [ view_parse ] --END-- [ RunTime:0.035925s ]
INFO: [ view_filter ] --START--
INFO: Run Behavior\WriteHtmlCache [ RunTime:0.000113s ]
INFO: [ view_filter ] --END-- [ RunTime:0.000543s ]
INFO: [ view_end ] --START--
INFO: [ view_end ] --END-- [ RunTime:0.000197s ]
INFO: [ app_end ] --START--
INFO: Run Behavior\ShowPageTrace [ RunTime:0.000306s ]
INFO: [ app_end ] --END-- [ RunTime:0.000713s ]

[ 2018-04-13T14:28:09+08:00 ] ::1 /xiaomi/index.php/Home/Login/register
INFO: [ app_init ] --START--
INFO: [ app_init ] --END-- [ RunTime:0.001965s ]
INFO: [ path_info ] --START--
INFO: [ path_info ] --END-- [ RunTime:0.000238s ]
INFO: [ app_begin ] --START--
INFO: Run Behavior\ReadHtmlCache [ RunTime:0.000384s ]
INFO: [ app_begin ] --END-- [ RunTime:0.000836s ]
INFO: [ action_begin ] --START--
INFO: [ action_begin ] --END-- [ RunTime:0.000310s ]
INFO: [ view_begin ] --START--
INFO: [ view_begin ] --END-- [ RunTime:0.000218s ]
INFO: [ view_parse ] --START--
INFO: [ template_filter ] --START--
INFO: Run Behavior\ContentReplace [ RunTime:0.000382s ]
INFO: [ template_filter ] --END-- [ RunTime:0.000935s ]
INFO: Run Behavior\ParseTemplate [ RunTime:0.037481s ]
INFO: [ view_parse ] --END-- [ RunTime:0.038123s ]
INFO: [ view_filter ] --START--
INFO: Run Behavior\WriteHtmlCache [ RunTime:0.000131s ]
INFO: [ view_filter ] --END-- [ RunTime:0.000798s ]
INFO: [ view_end ] --START--
INFO: [ view_end ] --END-- [ RunTime:0.000197s ]
INFO: [ app_end ] --START--
INFO: Run Behavior\ShowPageTrace [ RunTime:0.000320s ]
INFO: [ app_end ] --END-- [ RunTime:0.000750s ]

[ 2018-04-13T16:45:45+08:00 ] ::1 /xiaomi/index.php/Home/Index/
INFO: [ app_init ] --START--
INFO: [ app_init ] --END-- [ RunTime:0.001765s ]
INFO: [ path_info ] --START--
INFO: [ path_info ] --END-- [ RunTime:0.000235s ]
INFO: [ app_begin ] --START--
INFO: Run Behavior\ReadHtmlCache [ RunTime:0.000418s ]
INFO: [ app_begin ] --END-- [ RunTime:0.000904s ]
INFO: [ action_begin ] --START--
INFO: [ action_begin ] --END-- [ RunTime:0.000238s ]
INFO: [ view_begin ] --START--
INFO: [ view_begin ] --END-- [ RunTime:0.000255s ]
INFO: [ view_parse ] --START--
INFO: [ template_filter ] --START--
INFO: Run Behavior\ContentReplace [ RunTime:0.003996s ]
INFO: [ template_filter ] --END-- [ RunTime:0.004513s ]
NOTIC: [8] Undefined variable: value E:\PHP\wamp\www\xiaomi\Application\Runtime\Cache\Home\2a94b8bda04ff446dcedd42276fc99ee.php 第 2722 行.
NOTIC: [8] Undefined variable: value E:\PHP\wamp\www\xiaomi\Application\Runtime\Cache\Home\2a94b8bda04ff446dcedd42276fc99ee.php 第 2723 行.
NOTIC: [8] Undefined variable: value E:\PHP\wamp\www\xiaomi\Application\Runtime\Cache\Home\2a94b8bda04ff446dcedd42276fc99ee.php 第 2724 行.
NOTIC: [8] Undefined variable: value E:\PHP\wamp\www\xiaomi\Application\Runtime\Cache\Home\2a94b8bda04ff446dcedd42276fc99ee.php 第 2726 行.
NOTIC: [8] Undefined variable: value E:\PHP\wamp\www\xiaomi\Application\Runtime\Cache\Home\2a94b8bda04ff446dcedd42276fc99ee.php 第 2734 行.
NOTIC: [8] Undefined variable: value E:\PHP\wamp\www\xiaomi\Application\Runtime\Cache\Home\2a94b8bda04ff446dcedd42276fc99ee.php 第 2751 行.
NOTIC: [8] Undefined variable: value E:\PHP\wamp\www\xiaomi\Application\Runtime\Cache\Home\2a94b8bda04ff446dcedd42276fc99ee.php 第 2756 行.
NOTIC: [8] Undefined variable: value E:\PHP\wamp\www\xiaomi\Application\Runtime\Cache\Home\2a94b8bda04ff446dcedd42276fc99ee.php 第 2763 行.
INFO: Run Behavior\ParseTemplate [ RunTime:0.400187s ]
INFO: [ view_parse ] --END-- [ RunTime:0.400790s ]
INFO: [ view_filter ] --START--
INFO: Run Behavior\WriteHtmlCache [ RunTime:0.000118s ]
INFO: [ view_filter ] --END-- [ RunTime:0.000561s ]
INFO: [ view_end ] --START--
INFO: [ view_end ] --END-- [ RunTime:0.000251s ]
INFO: [ app_end ] --START--
INFO: Run Behavior\ShowPageTrace [ RunTime:0.000326s ]
INFO: [ app_end ] --END-- [ RunTime:0.000772s ]

[ 2018-04-13T16:45:47+08:00 ] ::1 /xiaomi/index.php/Home/Index/%7B%7D
INFO: [ app_init ] --START--
INFO: [ app_init ] --END-- [ RunTime:0.001706s ]
INFO: [ path_info ] --START--
INFO: [ path_info ] --END-- [ RunTime:0.000246s ]
INFO: [ app_begin ] --START--
INFO: Run Behavior\ReadHtmlCache [ RunTime:0.000406s ]
INFO: [ app_begin ] --END-- [ RunTime:0.000908s ]
INFO: [ action_begin ] --START--
INFO: [ action_begin ] --END-- [ RunTime:0.000259s ]
ERR: 非法操作:{}

[ 2018-04-13T16:45:48+08:00 ] ::1 /xiaomi/index.php/Home/Index/main.js
INFO: [ app_init ] --START--
INFO: [ app_init ] --END-- [ RunTime:0.001468s ]
INFO: [ path_info ] --START--
INFO: [ path_info ] --END-- [ RunTime:0.000200s ]
INFO: [ app_begin ] --START--
INFO: Run Behavior\ReadHtmlCache [ RunTime:0.000361s ]
INFO: [ app_begin ] --END-- [ RunTime:0.000772s ]
INFO: [ action_begin ] --START--
INFO: [ action_begin ] --END-- [ RunTime:0.000368s ]
ERR: 非法操作:main.js

[ 2018-04-13T16:49:59+08:00 ] ::1 /xiaomi/index.php/Home/Index/
INFO: [ app_init ] --START--
INFO: [ app_init ] --END-- [ RunTime:0.002164s ]
INFO: [ path_info ] --START--
INFO: [ path_info ] --END-- [ RunTime:0.000214s ]
INFO: [ app_begin ] --START--
INFO: Run Behavior\ReadHtmlCache [ RunTime:0.000446s ]
INFO: [ app_begin ] --END-- [ RunTime:0.000928s ]
INFO: [ action_begin ] --START--
INFO: [ action_begin ] --END-- [ RunTime:0.000317s ]
INFO: [ view_begin ] --START--
INFO: [ view_begin ] --END-- [ RunTime:0.000206s ]
INFO: [ view_parse ] --START--
INFO: [ template_filter ] --START--
INFO: Run Behavior\ContentReplace [ RunTime:0.004983s ]
INFO: [ template_filter ] --END-- [ RunTime:0.005608s ]
NOTIC: [8] Undefined variable: value E:\PHP\wamp\www\xiaomi\Application\Runtime\Cache\Home\2a94b8bda04ff446dcedd42276fc99ee.php 第 2722 行.
NOTIC: [8] Undefined variable: value E:\PHP\wamp\www\xiaomi\Application\Runtime\Cache\Home\2a94b8bda04ff446dcedd42276fc99ee.php 第 2723 行.
NOTIC: [8] Undefined variable: value E:\PHP\wamp\www\xiaomi\Application\Runtime\Cache\Home\2a94b8bda04ff446dcedd42276fc99ee.php 第 2724 行.
NOTIC: [8] Undefined variable: value E:\PHP\wamp\www\xiaomi\Application\Runtime\Cache\Home\2a94b8bda04ff446dcedd42276fc99ee.php 第 2726 行.
NOTIC: [8] Undefined variable: value E:\PHP\wamp\www\xiaomi\Application\Runtime\Cache\Home\2a94b8bda04ff446dcedd42276fc99ee.php 第 2734 行.
NOTIC: [8] Undefined variable: value E:\PHP\wamp\www\xiaomi\Application\Runtime\Cache\Home\2a94b8bda04ff446dcedd42276fc99ee.php 第 2751 行.
NOTIC: [8] Undefined variable: value E:\PHP\wamp\www\xiaomi\Application\Runtime\Cache\Home\2a94b8bda04ff446dcedd42276fc99ee.php 第 2756 行.
NOTIC: [8] Undefined variable: value E:\PHP\wamp\www\xiaomi\Application\Runtime\Cache\Home\2a94b8bda04ff446dcedd42276fc99ee.php 第 2763 行.
INFO: Run Behavior\ParseTemplate [ RunTime:0.372110s ]
INFO: [ view_parse ] --END-- [ RunTime:0.372647s ]
INFO: [ view_filter ] --START--
INFO: Run Behavior\WriteHtmlCache [ RunTime:0.000118s ]
INFO: [ view_filter ] --END-- [ RunTime:0.000565s ]
INFO: [ view_end ] --START--
INFO: [ view_end ] --END-- [ RunTime:0.000209s ]
INFO: [ app_end ] --START--
INFO: Run Behavior\ShowPageTrace [ RunTime:0.000309s ]
INFO: [ app_end ] --END-- [ RunTime:0.000734s ]

[ 2018-04-13T16:50:02+08:00 ] ::1 /xiaomi/index.php/Home/Index/%7B%7D
INFO: [ app_init ] --START--
INFO: [ app_init ] --END-- [ RunTime:0.007638s ]
INFO: [ path_info ] --START--
INFO: [ path_info ] --END-- [ RunTime:0.000648s ]
INFO: [ app_begin ] --START--
INFO: Run Behavior\ReadHtmlCache [ RunTime:0.000947s ]
INFO: [ app_begin ] --END-- [ RunTime:0.001965s ]
INFO: [ action_begin ] --START--
INFO: [ action_begin ] --END-- [ RunTime:0.000914s ]
ERR: 非法操作:{}

[ 2018-04-13T16:50:03+08:00 ] ::1 /xiaomi/index.php/Home/Index/main.js
INFO: [ app_init ] --START--
INFO: [ app_init ] --END-- [ RunTime:0.001966s ]
INFO: [ path_info ] --START--
INFO: [ path_info ] --END-- [ RunTime:0.000264s ]
INFO: [ app_begin ] --START--
INFO: Run Behavior\ReadHtmlCache [ RunTime:0.001669s ]
INFO: [ app_begin ] --END-- [ RunTime:0.002414s ]
INFO: [ action_begin ] --START--
INFO: [ action_begin ] --END-- [ RunTime:0.002276s ]
ERR: 非法操作:main.js

[ 2018-04-13T16:55:39+08:00 ] ::1 /xiaomi/index.php/Home/Index/
INFO: [ app_init ] --START--
INFO: [ app_init ] --END-- [ RunTime:0.004254s ]
INFO: [ path_info ] --START--
INFO: [ path_info ] --END-- [ RunTime:0.000206s ]
INFO: [ app_begin ] --START--
INFO: Run Behavior\ReadHtmlCache [ RunTime:0.000550s ]
INFO: [ app_begin ] --END-- [ RunTime:0.001152s ]
INFO: [ action_begin ] --START--
INFO: [ action_begin ] --END-- [ RunTime:0.000260s ]
INFO: [ view_begin ] --START--
INFO: [ view_begin ] --END-- [ RunTime:0.000300s ]
INFO: [ view_parse ] --START--
INFO: [ template_filter ] --START--
INFO: Run Behavior\ContentReplace [ RunTime:0.009969s ]
INFO: [ template_filter ] --END-- [ RunTime:0.010701s ]
NOTIC: [8] Undefined variable: value E:\PHP\wamp\www\xiaomi\Application\Runtime\Cache\Home\2a94b8bda04ff446dcedd42276fc99ee.php 第 2722 行.
NOTIC: [8] Undefined variable: value E:\PHP\wamp\www\xiaomi\Application\Runtime\Cache\Home\2a94b8bda04ff446dcedd42276fc99ee.php 第 2723 行.
NOTIC: [8] Undefined variable: value E:\PHP\wamp\www\xiaomi\Application\Runtime\Cache\Home\2a94b8bda04ff446dcedd42276fc99ee.php 第 2724 行.
NOTIC: [8] Undefined variable: value E:\PHP\wamp\www\xiaomi\Application\Runtime\Cache\Home\2a94b8bda04ff446dcedd42276fc99ee.php 第 2726 行.
NOTIC: [8] Undefined variable: value E:\PHP\wamp\www\xiaomi\Application\Runtime\Cache\Home\2a94b8bda04ff446dcedd42276fc99ee.php 第 2734 行.
NOTIC: [8] Undefined variable: value E:\PHP\wamp\www\xiaomi\Application\Runtime\Cache\Home\2a94b8bda04ff446dcedd42276fc99ee.php 第 2751 行.
NOTIC: [8] Undefined variable: value E:\PHP\wamp\www\xiaomi\Application\Runtime\Cache\Home\2a94b8bda04ff446dcedd42276fc99ee.php 第 2756 行.
NOTIC: [8] Undefined variable: value E:\PHP\wamp\www\xiaomi\Application\Runtime\Cache\Home\2a94b8bda04ff446dcedd42276fc99ee.php 第 2763 行.
INFO: Run Behavior\ParseTemplate [ RunTime:0.537059s ]
INFO: [ view_parse ] --END-- [ RunTime:0.538981s ]
INFO: [ view_filter ] --START--
INFO: Run Behavior\WriteHtmlCache [ RunTime:0.000110s ]
INFO: [ view_filter ] --END-- [ RunTime:0.000505s ]
INFO: [ view_end ] --START--
INFO: [ view_end ] --END-- [ RunTime:0.000228s ]
INFO: [ app_end ] --START--
INFO: Run Behavior\ShowPageTrace [ RunTime:0.000282s ]
INFO: [ app_end ] --END-- [ RunTime:0.000691s ]

[ 2018-04-13T16:55:41+08:00 ] ::1 /xiaomi/index.php/Home/Index/%7B%7D
INFO: [ app_init ] --START--
INFO: [ app_init ] --END-- [ RunTime:0.002027s ]
INFO: [ path_info ] --START--
INFO: [ path_info ] --END-- [ RunTime:0.000226s ]
INFO: [ app_begin ] --START--
INFO: Run Behavior\ReadHtmlCache [ RunTime:0.000998s ]
INFO: [ app_begin ] --END-- [ RunTime:0.001546s ]
INFO: [ action_begin ] --START--
INFO: [ action_begin ] --END-- [ RunTime:0.000255s ]
ERR: 非法操作:{}

[ 2018-04-13T16:55:41+08:00 ] ::1 /xiaomi/index.php/Home/Index/main.js
INFO: [ app_init ] --START--
INFO: [ app_init ] --END-- [ RunTime:0.004557s ]
INFO: [ path_info ] --START--
INFO: [ path_info ] --END-- [ RunTime:0.000517s ]
INFO: [ app_begin ] --START--
INFO: Run Behavior\ReadHtmlCache [ RunTime:0.001103s ]
INFO: [ app_begin ] --END-- [ RunTime:0.001870s ]
INFO: [ action_begin ] --START--
INFO: [ action_begin ] --END-- [ RunTime:0.000273s ]
ERR: 非法操作:main.js

[ 2018-04-13T16:55:47+08:00 ] ::1 /xiaomi/index.php/Home/Login/login
INFO: [ app_init ] --START--
INFO: [ app_init ] --END-- [ RunTime:0.001587s ]
INFO: [ path_info ] --START--
INFO: [ path_info ] --END-- [ RunTime:0.000252s ]
INFO: [ app_begin ] --START--
INFO: Run Behavior\ReadHtmlCache [ RunTime:0.000440s ]
INFO: [ app_begin ] --END-- [ RunTime:0.000966s ]
INFO: [ action_begin ] --START--
INFO: [ action_begin ] --END-- [ RunTime:0.000248s ]
INFO: [ view_begin ] --START--
INFO: [ view_begin ] --END-- [ RunTime:0.000205s ]
INFO: [ view_parse ] --START--
INFO: [ template_filter ] --START--
INFO: Run Behavior\ContentReplace [ RunTime:0.000411s ]
INFO: [ template_filter ] --END-- [ RunTime:0.001416s ]
INFO: Run Behavior\ParseTemplate [ RunTime:0.038874s ]
INFO: [ view_parse ] --END-- [ RunTime:0.039663s ]
INFO: [ view_filter ] --START--
INFO: Run Behavior\WriteHtmlCache [ RunTime:0.000124s ]
INFO: [ view_filter ] --END-- [ RunTime:0.000576s ]
INFO: [ view_end ] --START--
INFO: [ view_end ] --END-- [ RunTime:0.000223s ]
INFO: [ app_end ] --START--
INFO: Run Behavior\ShowPageTrace [ RunTime:0.001605s ]
INFO: [ app_end ] --END-- [ RunTime:0.002444s ]

[ 2018-04-13T16:55:50+08:00 ] ::1 /xiaomi/index.php/Home/Index/%7B%7D
INFO: [ app_init ] --START--
INFO: [ app_init ] --END-- [ RunTime:0.001880s ]
INFO: [ path_info ] --START--
INFO: [ path_info ] --END-- [ RunTime:0.000223s ]
INFO: [ app_begin ] --START--
INFO: Run Behavior\ReadHtmlCache [ RunTime:0.000689s ]
INFO: [ app_begin ] --END-- [ RunTime:0.001338s ]
INFO: [ action_begin ] --START--
INFO: [ action_begin ] --END-- [ RunTime:0.000457s ]
ERR: 非法操作:{}

[ 2018-04-13T16:55:50+08:00 ] ::1 /xiaomi/index.php/Home/Index/main.js
INFO: [ app_init ] --START--
INFO: [ app_init ] --END-- [ RunTime:0.002001s ]
INFO: [ path_info ] --START--
INFO: [ path_info ] --END-- [ RunTime:0.000240s ]
INFO: [ app_begin ] --START--
INFO: Run Behavior\ReadHtmlCache [ RunTime:0.000553s ]
INFO: [ app_begin ] --END-- [ RunTime:0.001082s ]
INFO: [ action_begin ] --START--
INFO: [ action_begin ] --END-- [ RunTime:0.000454s ]
ERR: 非法操作:main.js

[ 2018-04-13T16:55:51+08:00 ] ::1 /xiaomi/index.php/Home/Login/register
INFO: [ app_init ] --START--
INFO: [ app_init ] --END-- [ RunTime:0.013342s ]
INFO: [ path_info ] --START--
INFO: [ path_info ] --END-- [ RunTime:0.000239s ]
INFO: [ app_begin ] --START--
INFO: Run Behavior\ReadHtmlCache [ RunTime:0.000395s ]
INFO: [ app_begin ] --END-- [ RunTime:0.000860s ]
INFO: [ action_begin ] --START--
INFO: [ action_begin ] --END-- [ RunTime:0.000262s ]
INFO: [ view_begin ] --START--
INFO: [ view_begin ] --END-- [ RunTime:0.000242s ]
INFO: [ view_parse ] --START--
INFO: [ template_filter ] --START--
INFO: Run Behavior\ContentReplace [ RunTime:0.000410s ]
INFO: [ template_filter ] --END-- [ RunTime:0.000881s ]
INFO: Run Behavior\ParseTemplate [ RunTime:0.057728s ]
INFO: [ view_parse ] --END-- [ RunTime:0.058725s ]
INFO: [ view_filter ] --START--
INFO: Run Behavior\WriteHtmlCache [ RunTime:0.000133s ]
INFO: [ view_filter ] --END-- [ RunTime:0.000557s ]
INFO: [ view_end ] --START--
INFO: [ view_end ] --END-- [ RunTime:0.000172s ]
INFO: [ app_end ] --START--
INFO: Run Behavior\ShowPageTrace [ RunTime:0.000278s ]
INFO: [ app_end ] --END-- [ RunTime:0.000659s ]

[ 2018-04-13T16:55:53+08:00 ] ::1 /xiaomi/index.php/Home/Index/%7B%7D
INFO: [ app_init ] --START--
INFO: [ app_init ] --END-- [ RunTime:0.002020s ]
INFO: [ path_info ] --START--
INFO: [ path_info ] --END-- [ RunTime:0.000231s ]
INFO: [ app_begin ] --START--
INFO: Run Behavior\ReadHtmlCache [ RunTime:0.000962s ]
INFO: [ app_begin ] --END-- [ RunTime:0.001522s ]
INFO: [ action_begin ] --START--
INFO: [ action_begin ] --END-- [ RunTime:0.000263s ]
ERR: 非法操作:{}

[ 2018-04-13T16:55:54+08:00 ] ::1 /xiaomi/index.php/Home/Index/main.js
INFO: [ app_init ] --START--
INFO: [ app_init ] --END-- [ RunTime:0.031097s ]
INFO: [ path_info ] --START--
INFO: [ path_info ] --END-- [ RunTime:0.000585s ]
INFO: [ app_begin ] --START--
INFO: Run Behavior\ReadHtmlCache [ RunTime:0.000432s ]
INFO: [ app_begin ] --END-- [ RunTime:0.001184s ]
INFO: [ action_begin ] --START--
INFO: [ action_begin ] --END-- [ RunTime:0.000330s ]
ERR: 非法操作:main.js

[ 2018-04-13T16:55:55+08:00 ] ::1 /xiaomi/index.php/Home/Login/login
INFO: [ app_init ] --START--
INFO: [ app_init ] --END-- [ RunTime:0.002153s ]
INFO: [ path_info ] --START--
INFO: [ path_info ] --END-- [ RunTime:0.000256s ]
INFO: [ app_begin ] --START--
INFO: Run Behavior\ReadHtmlCache [ RunTime:0.000661s ]
INFO: [ app_begin ] --END-- [ RunTime:0.001301s ]
INFO: [ action_begin ] --START--
INFO: [ action_begin ] --END-- [ RunTime:0.000236s ]
INFO: [ view_begin ] --START--
INFO: [ view_begin ] --END-- [ RunTime:0.000203s ]
INFO: [ view_parse ] --START--
INFO: [ template_filter ] --START--
INFO: Run Behavior\ContentReplace [ RunTime:0.000398s ]
INFO: [ template_filter ] --END-- [ RunTime:0.000993s ]
INFO: Run Behavior\ParseTemplate [ RunTime:0.033442s ]
INFO: [ view_parse ] --END-- [ RunTime:0.034059s ]
INFO: [ view_filter ] --START--
INFO: Run Behavior\WriteHtmlCache [ RunTime:0.000114s ]
INFO: [ view_filter ] --END-- [ RunTime:0.000561s ]
INFO: [ view_end ] --START--
INFO: [ view_end ] --END-- [ RunTime:0.000220s ]
INFO: [ app_end ] --START--
INFO: Run Behavior\ShowPageTrace [ RunTime:0.000349s ]
INFO: [ app_end ] --END-- [ RunTime:0.000820s ]

[ 2018-04-13T16:57:50+08:00 ] ::1 /xiaomi/index.php/Home/Index/%7B%7D
INFO: [ app_init ] --START--
INFO: [ app_init ] --END-- [ RunTime:0.001936s ]
INFO: [ path_info ] --START--
INFO: [ path_info ] --END-- [ RunTime:0.000203s ]
INFO: [ app_begin ] --START--
INFO: Run Behavior\ReadHtmlCache [ RunTime:0.000442s ]
INFO: [ app_begin ] --END-- [ RunTime:0.002036s ]
INFO: [ action_begin ] --START--
INFO: [ action_begin ] --END-- [ RunTime:0.000269s ]
ERR: 非法操作:{}

[ 2018-04-13T16:57:50+08:00 ] ::1 /xiaomi/index.php/Home/Index/main.js
INFO: [ app_init ] --START--
INFO: [ app_init ] --END-- [ RunTime:0.001795s ]
INFO: [ path_info ] --START--
INFO: [ path_info ] --END-- [ RunTime:0.000805s ]
INFO: [ app_begin ] --START--
INFO: Run Behavior\ReadHtmlCache [ RunTime:0.002232s ]
INFO: [ app_begin ] --END-- [ RunTime:0.004558s ]
INFO: [ action_begin ] --START--
INFO: [ action_begin ] --END-- [ RunTime:0.002678s ]
ERR: 非法操作:main.js

[ 2018-04-13T16:57:52+08:00 ] ::1 /xiaomi/index.php/Home/Index/mycar.html
INFO: [ app_init ] --START--
INFO: [ app_init ] --END-- [ RunTime:0.005888s ]
INFO: [ path_info ] --START--
INFO: [ path_info ] --END-- [ RunTime:0.000206s ]
INFO: [ app_begin ] --START--
INFO: Run Behavior\ReadHtmlCache [ RunTime:0.000368s ]
INFO: [ app_begin ] --END-- [ RunTime:0.000809s ]
INFO: [ action_begin ] --START--
INFO: [ action_begin ] --END-- [ RunTime:0.000404s ]
ERR: 非法操作:mycar

[ 2018-04-13T16:58:19+08:00 ] ::1 /xiaomi/index.php/Home/Index/main.js
INFO: [ app_init ] --START--
INFO: [ app_init ] --END-- [ RunTime:0.035195s ]
INFO: [ path_info ] --START--
INFO: [ path_info ] --END-- [ RunTime:0.000217s ]
INFO: [ app_begin ] --START--
INFO: Run Behavior\ReadHtmlCache [ RunTime:0.000385s ]
INFO: [ app_begin ] --END-- [ RunTime:0.001219s ]
INFO: [ action_begin ] --START--
INFO: [ action_begin ] --END-- [ RunTime:0.000267s ]
ERR: 非法操作:main.js

[ 2018-04-13T16:58:19+08:00 ] ::1 /xiaomi/index.php/Home/Index/%7B%7D
INFO: [ app_init ] --START--
INFO: [ app_init ] --END-- [ RunTime:0.012578s ]
INFO: [ path_info ] --START--
INFO: [ path_info ] --END-- [ RunTime:0.000221s ]
INFO: [ app_begin ] --START--
INFO: Run Behavior\ReadHtmlCache [ RunTime:0.000368s ]
INFO: [ app_begin ] --END-- [ RunTime:0.000871s ]
INFO: [ action_begin ] --START--
INFO: [ action_begin ] --END-- [ RunTime:0.000348s ]
ERR: 非法操作:{}

[ 2018-04-13T16:59:38+08:00 ] ::1 /xiaomi/index.php/Home/Index/
INFO: [ app_init ] --START--
INFO: [ app_init ] --END-- [ RunTime:0.001724s ]
INFO: [ path_info ] --START--
INFO: [ path_info ] --END-- [ RunTime:0.000241s ]
INFO: [ app_begin ] --START--
INFO: Run Behavior\ReadHtmlCache [ RunTime:0.003162s ]
INFO: [ app_begin ] --END-- [ RunTime:0.003669s ]
INFO: [ action_begin ] --START--
INFO: [ action_begin ] --END-- [ RunTime:0.000270s ]
INFO: [ view_begin ] --START--
INFO: [ view_begin ] --END-- [ RunTime:0.000261s ]
INFO: [ view_parse ] --START--
INFO: [ template_filter ] --START--
INFO: Run Behavior\ContentReplace [ RunTime:0.003637s ]
INFO: [ template_filter ] --END-- [ RunTime:0.004165s ]
NOTIC: [8] Undefined variable: value E:\PHP\wamp\www\xiaomi\Application\Runtime\Cache\Home\2a94b8bda04ff446dcedd42276fc99ee.php 第 2722 行.
NOTIC: [8] Undefined variable: value E:\PHP\wamp\www\xiaomi\Application\Runtime\Cache\Home\2a94b8bda04ff446dcedd42276fc99ee.php 第 2723 行.
NOTIC: [8] Undefined variable: value E:\PHP\wamp\www\xiaomi\Application\Runtime\Cache\Home\2a94b8bda04ff446dcedd42276fc99ee.php 第 2724 行.
NOTIC: [8] Undefined variable: value E:\PHP\wamp\www\xiaomi\Application\Runtime\Cache\Home\2a94b8bda04ff446dcedd42276fc99ee.php 第 2726 行.
NOTIC: [8] Undefined variable: value E:\PHP\wamp\www\xiaomi\Application\Runtime\Cache\Home\2a94b8bda04ff446dcedd42276fc99ee.php 第 2734 行.
NOTIC: [8] Undefined variable: value E:\PHP\wamp\www\xiaomi\Application\Runtime\Cache\Home\2a94b8bda04ff446dcedd42276fc99ee.php 第 2751 行.
NOTIC: [8] Undefined variable: value E:\PHP\wamp\www\xiaomi\Application\Runtime\Cache\Home\2a94b8bda04ff446dcedd42276fc99ee.php 第 2756 行.
NOTIC: [8] Undefined variable: value E:\PHP\wamp\www\xiaomi\Application\Runtime\Cache\Home\2a94b8bda04ff446dcedd42276fc99ee.php 第 2763 行.
INFO: Run Behavior\ParseTemplate [ RunTime:0.384519s ]
INFO: [ view_parse ] --END-- [ RunTime:0.385114s ]
INFO: [ view_filter ] --START--
INFO: Run Behavior\WriteHtmlCache [ RunTime:0.000124s ]
INFO: [ view_filter ] --END-- [ RunTime:0.000592s ]
INFO: [ view_end ] --START--
INFO: [ view_end ] --END-- [ RunTime:0.000324s ]
INFO: [ app_end ] --START--
INFO: Run Behavior\ShowPageTrace [ RunTime:0.000300s ]
INFO: [ app_end ] --END-- [ RunTime:0.000715s ]

[ 2018-04-13T16:59:40+08:00 ] ::1 /xiaomi/index.php/Home/Index/%7B%7D
INFO: [ app_init ] --START--
INFO: [ app_init ] --END-- [ RunTime:0.001602s ]
INFO: [ path_info ] --START--
INFO: [ path_info ] --END-- [ RunTime:0.000983s ]
INFO: [ app_begin ] --START--
INFO: Run Behavior\ReadHtmlCache [ RunTime:0.000987s ]
INFO: [ app_begin ] --END-- [ RunTime:0.001466s ]
INFO: [ action_begin ] --START--
INFO: [ action_begin ] --END-- [ RunTime:0.000471s ]
ERR: 非法操作:{}

[ 2018-04-13T16:59:41+08:00 ] ::1 /xiaomi/index.php/Home/Index/main.js
INFO: [ app_init ] --START--
INFO: [ app_init ] --END-- [ RunTime:0.010817s ]
INFO: [ path_info ] --START--
INFO: [ path_info ] --END-- [ RunTime:0.005891s ]
INFO: [ app_begin ] --START--
INFO: Run Behavior\ReadHtmlCache [ RunTime:0.002635s ]
INFO: [ app_begin ] --END-- [ RunTime:0.004299s ]
INFO: [ action_begin ] --START--
INFO: [ action_begin ] --END-- [ RunTime:0.000942s ]
ERR: 非法操作:main.js

[ 2018-04-13T17:02:19+08:00 ] ::1 /xiaomi/index.php/Home/Index/date/search.php
INFO: [ app_init ] --START--
INFO: [ app_init ] --END-- [ RunTime:0.002165s ]
INFO: [ path_info ] --START--
INFO: [ path_info ] --END-- [ RunTime:0.000285s ]
INFO: [ app_begin ] --START--
INFO: Run Behavior\ReadHtmlCache [ RunTime:0.000399s ]
INFO: [ app_begin ] --END-- [ RunTime:0.000857s ]
INFO: [ action_begin ] --START--
INFO: [ action_begin ] --END-- [ RunTime:0.000236s ]
ERR: 非法操作:date

[ 2018-04-13T17:02:22+08:00 ] ::1 /xiaomi/index.php/Home/Index/date/search.php
INFO: [ app_init ] --START--
INFO: [ app_init ] --END-- [ RunTime:0.001597s ]
INFO: [ path_info ] --START--
INFO: [ path_info ] --END-- [ RunTime:0.000216s ]
INFO: [ app_begin ] --START--
INFO: Run Behavior\ReadHtmlCache [ RunTime:0.000465s ]
INFO: [ app_begin ] --END-- [ RunTime:0.001170s ]
INFO: [ action_begin ] --START--
INFO: [ action_begin ] --END-- [ RunTime:0.000242s ]
ERR: 非法操作:date

[ 2018-04-13T17:09:57+08:00 ] ::1 /xiaomi/index.php/Home/Index/date/search.php
INFO: [ app_init ] --START--
INFO: [ app_init ] --END-- [ RunTime:0.001792s ]
INFO: [ path_info ] --START--
INFO: [ path_info ] --END-- [ RunTime:0.000222s ]
INFO: [ app_begin ] --START--
INFO: Run Behavior\ReadHtmlCache [ RunTime:0.000470s ]
INFO: [ app_begin ] --END-- [ RunTime:0.000932s ]
INFO: [ action_begin ] --START--
INFO: [ action_begin ] --END-- [ RunTime:0.000278s ]
ERR: 非法操作:date

[ 2018-04-13T17:09:58+08:00 ] ::1 /xiaomi/index.php/Home/Index/
INFO: [ app_init ] --START--
INFO: [ app_init ] --END-- [ RunTime:0.001732s ]
INFO: [ path_info ] --START--
INFO: [ path_info ] --END-- [ RunTime:0.000249s ]
INFO: [ app_begin ] --START--
INFO: Run Behavior\ReadHtmlCache [ RunTime:0.000440s ]
INFO: [ app_begin ] --END-- [ RunTime:0.006233s ]
INFO: [ action_begin ] --START--
INFO: [ action_begin ] --END-- [ RunTime:0.000335s ]
INFO: [ view_begin ] --START--
INFO: [ view_begin ] --END-- [ RunTime:0.000725s ]
INFO: [ view_parse ] --START--
INFO: [ template_filter ] --START--
INFO: Run Behavior\ContentReplace [ RunTime:0.004073s ]
INFO: [ template_filter ] --END-- [ RunTime:0.004669s ]
NOTIC: [8] Undefined variable: value E:\PHP\wamp\www\xiaomi\Application\Runtime\Cache\Home\2a94b8bda04ff446dcedd42276fc99ee.php 第 2722 行.
NOTIC: [8] Undefined variable: value E:\PHP\wamp\www\xiaomi\Application\Runtime\Cache\Home\2a94b8bda04ff446dcedd42276fc99ee.php 第 2723 行.
NOTIC: [8] Undefined variable: value E:\PHP\wamp\www\xiaomi\Application\Runtime\Cache\Home\2a94b8bda04ff446dcedd42276fc99ee.php 第 2724 行.
NOTIC: [8] Undefined variable: value E:\PHP\wamp\www\xiaomi\Application\Runtime\Cache\Home\2a94b8bda04ff446dcedd42276fc99ee.php 第 2726 行.
NOTIC: [8] Undefined variable: value E:\PHP\wamp\www\xiaomi\Application\Runtime\Cache\Home\2a94b8bda04ff446dcedd42276fc99ee.php 第 2734 行.
NOTIC: [8] Undefined variable: value E:\PHP\wamp\www\xiaomi\Application\Runtime\Cache\Home\2a94b8bda04ff446dcedd42276fc99ee.php 第 2751 行.
NOTIC: [8] Undefined variable: value E:\PHP\wamp\www\xiaomi\Application\Runtime\Cache\Home\2a94b8bda04ff446dcedd42276fc99ee.php 第 2756 行.
NOTIC: [8] Undefined variable: value E:\PHP\wamp\www\xiaomi\Application\Runtime\Cache\Home\2a94b8bda04ff446dcedd42276fc99ee.php 第 2763 行.
INFO: Run Behavior\ParseTemplate [ RunTime:0.718585s ]
INFO: [ view_parse ] --END-- [ RunTime:0.719446s ]
INFO: [ view_filter ] --START--
INFO: Run Behavior\WriteHtmlCache [ RunTime:0.000418s ]
INFO: [ view_filter ] --END-- [ RunTime:0.001130s ]
INFO: [ view_end ] --START--
INFO: [ view_end ] --END-- [ RunTime:0.000388s ]
INFO: [ app_end ] --START--
INFO: Run Behavior\ShowPageTrace [ RunTime:0.000360s ]
INFO: [ app_end ] --END-- [ RunTime:0.000837s ]

[ 2018-04-13T17:10:01+08:00 ] ::1 /xiaomi/index.php/Home/Index/main.js
INFO: [ app_init ] --START--
INFO: [ app_init ] --END-- [ RunTime:0.008845s ]
INFO: [ path_info ] --START--
INFO: [ path_info ] --END-- [ RunTime:0.000257s ]
INFO: [ app_begin ] --START--
INFO: Run Behavior\ReadHtmlCache [ RunTime:0.000887s ]
INFO: [ app_begin ] --END-- [ RunTime:0.002147s ]
INFO: [ action_begin ] --START--
INFO: [ action_begin ] --END-- [ RunTime:0.000298s ]
ERR: 非法操作:main.js

[ 2018-04-13T17:10:01+08:00 ] ::1 /xiaomi/index.php/Home/Index/%7B%7D
INFO: [ app_init ] --START--
INFO: [ app_init ] --END-- [ RunTime:0.001569s ]
INFO: [ path_info ] --START--
INFO: [ path_info ] --END-- [ RunTime:0.000211s ]
INFO: [ app_begin ] --START--
INFO: Run Behavior\ReadHtmlCache [ RunTime:0.000432s ]
INFO: [ app_begin ] --END-- [ RunTime:0.001918s ]
INFO: [ action_begin ] --START--
INFO: [ action_begin ] --END-- [ RunTime:0.000488s ]
ERR: 非法操作:{}

[ 2018-04-13T17:10:08+08:00 ] ::1 /xiaomi/index.php/Home/Car/mycar
INFO: [ app_init ] --START--
INFO: [ app_init ] --END-- [ RunTime:0.001874s ]
INFO: [ path_info ] --START--
INFO: [ path_info ] --END-- [ RunTime:0.000518s ]
INFO: [ app_begin ] --START--
INFO: Run Behavior\ReadHtmlCache [ RunTime:0.000420s ]
INFO: [ app_begin ] --END-- [ RunTime:0.000930s ]
INFO: [ action_begin ] --START--
INFO: [ action_begin ] --END-- [ RunTime:0.000291s ]
INFO: [ view_begin ] --START--
INFO: [ view_begin ] --END-- [ RunTime:0.000294s ]
INFO: [ view_parse ] --START--
INFO: [ template_filter ] --START--
INFO: Run Behavior\ContentReplace [ RunTime:0.000509s ]
INFO: [ template_filter ] --END-- [ RunTime:0.001049s ]
NOTIC: [8] Undefined variable: value E:\PHP\wamp\www\xiaomi\Application\Runtime\Cache\Home\1fcaf630fdcdfe68f7c89763c5e34b79.php 第 146 行.
NOTIC: [8] Undefined variable: value E:\PHP\wamp\www\xiaomi\Application\Runtime\Cache\Home\1fcaf630fdcdfe68f7c89763c5e34b79.php 第 147 行.
NOTIC: [8] Undefined variable: value E:\PHP\wamp\www\xiaomi\Application\Runtime\Cache\Home\1fcaf630fdcdfe68f7c89763c5e34b79.php 第 148 行.
NOTIC: [8] Undefined variable: value E:\PHP\wamp\www\xiaomi\Application\Runtime\Cache\Home\1fcaf630fdcdfe68f7c89763c5e34b79.php 第 150 行.
NOTIC: [8] Undefined variable: value E:\PHP\wamp\www\xiaomi\Application\Runtime\Cache\Home\1fcaf630fdcdfe68f7c89763c5e34b79.php 第 158 行.
NOTIC: [8] Undefined variable: value E:\PHP\wamp\www\xiaomi\Application\Runtime\Cache\Home\1fcaf630fdcdfe68f7c89763c5e34b79.php 第 175 行.
NOTIC: [8] Undefined variable: value E:\PHP\wamp\www\xiaomi\Application\Runtime\Cache\Home\1fcaf630fdcdfe68f7c89763c5e34b79.php 第 180 行.
NOTIC: [8] Undefined variable: value E:\PHP\wamp\www\xiaomi\Application\Runtime\Cache\Home\1fcaf630fdcdfe68f7c89763c5e34b79.php 第 187 行.
INFO: Run Behavior\ParseTemplate [ RunTime:0.058488s ]
INFO: [ view_parse ] --END-- [ RunTime:0.059360s ]
INFO: [ view_filter ] --START--
INFO: Run Behavior\WriteHtmlCache [ RunTime:0.000124s ]
INFO: [ view_filter ] --END-- [ RunTime:0.000657s ]
INFO: [ view_end ] --START--
INFO: [ view_end ] --END-- [ RunTime:0.000222s ]
INFO: [ app_end ] --START--
INFO: Run Behavior\ShowPageTrace [ RunTime:0.000368s ]
INFO: [ app_end ] --END-- [ RunTime:0.000829s ]

[ 2018-04-13T17:10:08+08:00 ] ::1 /xiaomi/index.php/Home/Car/icomoon/style.css
INFO: [ app_init ] --START--
INFO: [ app_init ] --END-- [ RunTime:0.002221s ]
INFO: [ path_info ] --START--
INFO: [ path_info ] --END-- [ RunTime:0.000252s ]
INFO: [ app_begin ] --START--
INFO: Run Behavior\ReadHtmlCache [ RunTime:0.000418s ]
INFO: [ app_begin ] --END-- [ RunTime:0.000928s ]
INFO: [ action_begin ] --START--
INFO: [ action_begin ] --END-- [ RunTime:0.000500s ]
ERR: 非法操作:icomoon

[ 2018-04-13T17:10:08+08:00 ] ::1 /xiaomi/index.php/Home/Car/%7B%7D
INFO: [ app_init ] --START--
INFO: [ app_init ] --END-- [ RunTime:0.002611s ]
INFO: [ path_info ] --START--
INFO: [ path_info ] --END-- [ RunTime:0.000686s ]
INFO: [ app_begin ] --START--
INFO: Run Behavior\ReadHtmlCache [ RunTime:0.001245s ]
INFO: [ app_begin ] --END-- [ RunTime:0.001825s ]
INFO: [ action_begin ] --START--
INFO: [ action_begin ] --END-- [ RunTime:0.000284s ]
ERR: 非法操作:{}

[ 2018-04-13T17:10:10+08:00 ] ::1 /xiaomi/index.php/Home/Index/%7B%7D
INFO: [ app_init ] --START--
INFO: [ app_init ] --END-- [ RunTime:0.006811s ]
INFO: [ path_info ] --START--
INFO: [ path_info ] --END-- [ RunTime:0.000246s ]
INFO: [ app_begin ] --START--
INFO: Run Behavior\ReadHtmlCache [ RunTime:0.000869s ]
INFO: [ app_begin ] --END-- [ RunTime:0.001355s ]
INFO: [ action_begin ] --START--
INFO: [ action_begin ] --END-- [ RunTime:0.000290s ]
ERR: 非法操作:{}

[ 2018-04-13T17:10:10+08:00 ] ::1 /xiaomi/index.php/Home/Index/main.js
INFO: [ app_init ] --START--
INFO: [ app_init ] --END-- [ RunTime:0.003040s ]
INFO: [ path_info ] --START--
INFO: [ path_info ] --END-- [ RunTime:0.000844s ]
INFO: [ app_begin ] --START--
INFO: Run Behavior\ReadHtmlCache [ RunTime:0.000387s ]
INFO: [ app_begin ] --END-- [ RunTime:0.001661s ]
INFO: [ action_begin ] --START--
INFO: [ action_begin ] --END-- [ RunTime:0.000449s ]
ERR: 非法操作:main.js

[ 2018-04-13T17:10:14+08:00 ] ::1 /xiaomi/index.php/Home/Index/list.html
INFO: [ app_init ] --START--
INFO: [ app_init ] --END-- [ RunTime:0.001523s ]
INFO: [ path_info ] --START--
INFO: [ path_info ] --END-- [ RunTime:0.000244s ]
INFO: [ app_begin ] --START--
INFO: Run Behavior\ReadHtmlCache [ RunTime:0.000405s ]
INFO: [ app_begin ] --END-- [ RunTime:0.000924s ]
INFO: [ action_begin ] --START--
INFO: [ action_begin ] --END-- [ RunTime:0.000338s ]
ERR: 非法操作:list

[ 2018-04-13T17:10:17+08:00 ] ::1 /xiaomi/index.php/Home/Index/%7B%7D
INFO: [ app_init ] --START--
INFO: [ app_init ] --END-- [ RunTime:0.003103s ]
INFO: [ path_info ] --START--
INFO: [ path_info ] --END-- [ RunTime:0.000268s ]
INFO: [ app_begin ] --START--
INFO: Run Behavior\ReadHtmlCache [ RunTime:0.000434s ]
INFO: [ app_begin ] --END-- [ RunTime:0.000967s ]
INFO: [ action_begin ] --START--
INFO: [ action_begin ] --END-- [ RunTime:0.000313s ]
ERR: 非法操作:{}

[ 2018-04-13T17:10:17+08:00 ] ::1 /xiaomi/index.php/Home/Index/main.js
INFO: [ app_init ] --START--
INFO: [ app_init ] --END-- [ RunTime:0.002571s ]
INFO: [ path_info ] --START--
INFO: [ path_info ] --END-- [ RunTime:0.000249s ]
INFO: [ app_begin ] --START--
INFO: Run Behavior\ReadHtmlCache [ RunTime:0.000453s ]
INFO: [ app_begin ] --END-- [ RunTime:0.000998s ]
INFO: [ action_begin ] --START--
INFO: [ action_begin ] --END-- [ RunTime:0.011267s ]
ERR: 非法操作:main.js

[ 2018-04-13T17:10:24+08:00 ] ::1 /xiaomi/index.php/Home/Index/list.html
INFO: [ app_init ] --START--
INFO: [ app_init ] --END-- [ RunTime:0.007001s ]
INFO: [ path_info ] --START--
INFO: [ path_info ] --END-- [ RunTime:0.000229s ]
INFO: [ app_begin ] --START--
INFO: Run Behavior\ReadHtmlCache [ RunTime:0.000697s ]
INFO: [ app_begin ] --END-- [ RunTime:0.001300s ]
INFO: [ action_begin ] --START--
INFO: [ action_begin ] --END-- [ RunTime:0.000328s ]
ERR: 非法操作:list

[ 2018-04-13T17:11:03+08:00 ] ::1 /xiaomi/index.php/Home/Index/list.html
INFO: [ app_init ] --START--
INFO: [ app_init ] --END-- [ RunTime:0.005402s ]
INFO: [ path_info ] --START--
INFO: [ path_info ] --END-- [ RunTime:0.000285s ]
INFO: [ app_begin ] --START--
INFO: Run Behavior\ReadHtmlCache [ RunTime:0.000420s ]
INFO: [ app_begin ] --END-- [ RunTime:0.000897s ]
INFO: [ action_begin ] --START--
INFO: [ action_begin ] --END-- [ RunTime:0.000585s ]
ERR: 非法操作:list

[ 2018-04-13T17:11:05+08:00 ] ::1 /xiaomi/index.php/Home/Index/%7B%7D
INFO: [ app_init ] --START--
INFO: [ app_init ] --END-- [ RunTime:0.009573s ]
INFO: [ path_info ] --START--
INFO: [ path_info ] --END-- [ RunTime:0.000229s ]
INFO: [ app_begin ] --START--
INFO: Run Behavior\ReadHtmlCache [ RunTime:0.000389s ]
INFO: [ app_begin ] --END-- [ RunTime:0.000886s ]
INFO: [ action_begin ] --START--
INFO: [ action_begin ] --END-- [ RunTime:0.000319s ]
ERR: 非法操作:{}

[ 2018-04-13T17:11:05+08:00 ] ::1 /xiaomi/index.php/Home/Index/main.js
INFO: [ app_init ] --START--
INFO: [ app_init ] --END-- [ RunTime:0.005130s ]
INFO: [ path_info ] --START--
INFO: [ path_info ] --END-- [ RunTime:0.000281s ]
INFO: [ app_begin ] --START--
INFO: Run Behavior\ReadHtmlCache [ RunTime:0.000406s ]
INFO: [ app_begin ] --END-- [ RunTime:0.000889s ]
INFO: [ action_begin ] --START--
INFO: [ action_begin ] --END-- [ RunTime:0.000301s ]
ERR: 非法操作:main.js

[ 2018-04-13T17:11:06+08:00 ] ::1 /xiaomi/index.php/Home/Index/
INFO: [ app_init ] --START--
INFO: [ app_init ] --END-- [ RunTime:0.001649s ]
INFO: [ path_info ] --START--
INFO: [ path_info ] --END-- [ RunTime:0.000260s ]
INFO: [ app_begin ] --START--
INFO: Run Behavior\ReadHtmlCache [ RunTime:0.000498s ]
INFO: [ app_begin ] --END-- [ RunTime:0.001112s ]
INFO: [ action_begin ] --START--
INFO: [ action_begin ] --END-- [ RunTime:0.000295s ]
INFO: [ view_begin ] --START--
INFO: [ view_begin ] --END-- [ RunTime:0.000222s ]
INFO: [ view_parse ] --START--
INFO: [ template_filter ] --START--
INFO: Run Behavior\ContentReplace [ RunTime:0.004116s ]
INFO: [ template_filter ] --END-- [ RunTime:0.004950s ]
NOTIC: [8] Undefined variable: value E:\PHP\wamp\www\xiaomi\Application\Runtime\Cache\Home\2a94b8bda04ff446dcedd42276fc99ee.php 第 2722 行.
NOTIC: [8] Undefined variable: value E:\PHP\wamp\www\xiaomi\Application\Runtime\Cache\Home\2a94b8bda04ff446dcedd42276fc99ee.php 第 2723 行.
NOTIC: [8] Undefined variable: value E:\PHP\wamp\www\xiaomi\Application\Runtime\Cache\Home\2a94b8bda04ff446dcedd42276fc99ee.php 第 2724 行.
NOTIC: [8] Undefined variable: value E:\PHP\wamp\www\xiaomi\Application\Runtime\Cache\Home\2a94b8bda04ff446dcedd42276fc99ee.php 第 2726 行.
NOTIC: [8] Undefined variable: value E:\PHP\wamp\www\xiaomi\Application\Runtime\Cache\Home\2a94b8bda04ff446dcedd42276fc99ee.php 第 2734 行.
NOTIC: [8] Undefined variable: value E:\PHP\wamp\www\xiaomi\Application\Runtime\Cache\Home\2a94b8bda04ff446dcedd42276fc99ee.php 第 2751 行.
NOTIC: [8] Undefined variable: value E:\PHP\wamp\www\xiaomi\Application\Runtime\Cache\Home\2a94b8bda04ff446dcedd42276fc99ee.php 第 2756 行.
NOTIC: [8] Undefined variable: value E:\PHP\wamp\www\xiaomi\Application\Runtime\Cache\Home\2a94b8bda04ff446dcedd42276fc99ee.php 第 2763 行.
INFO: Run Behavior\ParseTemplate [ RunTime:0.376386s ]
INFO: [ view_parse ] --END-- [ RunTime:0.376968s ]
INFO: [ view_filter ] --START--
INFO: Run Behavior\WriteHtmlCache [ RunTime:0.000124s ]
INFO: [ view_filter ] --END-- [ RunTime:0.001026s ]
INFO: [ view_end ] --START--
INFO: [ view_end ] --END-- [ RunTime:0.000514s ]
INFO: [ app_end ] --START--
INFO: Run Behavior\ShowPageTrace [ RunTime:0.000340s ]
INFO: [ app_end ] --END-- [ RunTime:0.000795s ]

[ 2018-04-13T17:11:08+08:00 ] ::1 /xiaomi/index.php/Home/Index/%7B%7D
INFO: [ app_init ] --START--
INFO: [ app_init ] --END-- [ RunTime:0.001936s ]
INFO: [ path_info ] --START--
INFO: [ path_info ] --END-- [ RunTime:0.000254s ]
INFO: [ app_begin ] --START--
INFO: Run Behavior\ReadHtmlCache [ RunTime:0.000416s ]
INFO: [ app_begin ] --END-- [ RunTime:0.007452s ]
INFO: [ action_begin ] --START--
INFO: [ action_begin ] --END-- [ RunTime:0.000322s ]
ERR: 非法操作:{}

[ 2018-04-13T17:11:08+08:00 ] ::1 /xiaomi/index.php/Home/Index/main.js
INFO: [ app_init ] --START--
INFO: [ app_init ] --END-- [ RunTime:0.001967s ]
INFO: [ path_info ] --START--
INFO: [ path_info ] --END-- [ RunTime:0.000386s ]
INFO: [ app_begin ] --START--
INFO: Run Behavior\ReadHtmlCache [ RunTime:0.000394s ]
INFO: [ app_begin ] --END-- [ RunTime:0.000955s ]
INFO: [ action_begin ] --START--
INFO: [ action_begin ] --END-- [ RunTime:0.000335s ]
ERR: 非法操作:main.js

[ 2018-04-13T17:11:11+08:00 ] ::1 /xiaomi/index.php/Home/List/list
INFO: [ app_init ] --START--
INFO: [ app_init ] --END-- [ RunTime:0.001570s ]
INFO: [ path_info ] --START--
INFO: [ path_info ] --END-- [ RunTime:0.000218s ]
INFO: [ app_begin ] --START--
INFO: Run Behavior\ReadHtmlCache [ RunTime:0.000488s ]
INFO: [ app_begin ] --END-- [ RunTime:0.011730s ]
INFO: [ action_begin ] --START--
INFO: [ action_begin ] --END-- [ RunTime:0.000299s ]
INFO: [ view_begin ] --START--
INFO: [ view_begin ] --END-- [ RunTime:0.000205s ]
INFO: [ view_parse ] --START--
INFO: [ template_filter ] --START--
INFO: Run Behavior\ContentReplace [ RunTime:0.000986s ]
INFO: [ template_filter ] --END-- [ RunTime:0.001520s ]
NOTIC: [8] Undefined variable: value E:\PHP\wamp\www\xiaomi\Application\Runtime\Cache\Home\103ad514d34e98125d7e96e257e08639.php 第 488 行.
NOTIC: [8] Undefined variable: value E:\PHP\wamp\www\xiaomi\Application\Runtime\Cache\Home\103ad514d34e98125d7e96e257e08639.php 第 489 行.
NOTIC: [8] Undefined variable: value E:\PHP\wamp\www\xiaomi\Application\Runtime\Cache\Home\103ad514d34e98125d7e96e257e08639.php 第 490 行.
NOTIC: [8] Undefined variable: value E:\PHP\wamp\www\xiaomi\Application\Runtime\Cache\Home\103ad514d34e98125d7e96e257e08639.php 第 492 行.
NOTIC: [8] Undefined variable: value E:\PHP\wamp\www\xiaomi\Application\Runtime\Cache\Home\103ad514d34e98125d7e96e257e08639.php 第 500 行.
NOTIC: [8] Undefined variable: value E:\PHP\wamp\www\xiaomi\Application\Runtime\Cache\Home\103ad514d34e98125d7e96e257e08639.php 第 517 行.
NOTIC: [8] Undefined variable: value E:\PHP\wamp\www\xiaomi\Application\Runtime\Cache\Home\103ad514d34e98125d7e96e257e08639.php 第 522 行.
NOTIC: [8] Undefined variable: value E:\PHP\wamp\www\xiaomi\Application\Runtime\Cache\Home\103ad514d34e98125d7e96e257e08639.php 第 529 行.
INFO: Run Behavior\ParseTemplate [ RunTime:0.166728s ]
INFO: [ view_parse ] --END-- [ RunTime:0.167643s ]
INFO: [ view_filter ] --START--
INFO: Run Behavior\WriteHtmlCache [ RunTime:0.000128s ]
INFO: [ view_filter ] --END-- [ RunTime:0.001405s ]
INFO: [ view_end ] --START--
INFO: [ view_end ] --END-- [ RunTime:0.000203s ]
INFO: [ app_end ] --START--
INFO: Run Behavior\ShowPageTrace [ RunTime:0.000407s ]
INFO: [ app_end ] --END-- [ RunTime:0.000993s ]

[ 2018-04-13T17:11:12+08:00 ] ::1 /xiaomi/index.php/Home/List/%7B%7D
INFO: [ app_init ] --START--
INFO: [ app_init ] --END-- [ RunTime:0.001678s ]
INFO: [ path_info ] --START--
INFO: [ path_info ] --END-- [ RunTime:0.000214s ]
INFO: [ app_begin ] --START--
INFO: Run Behavior\ReadHtmlCache [ RunTime:0.000413s ]
INFO: [ app_begin ] --END-- [ RunTime:0.000846s ]
INFO: [ action_begin ] --START--
INFO: [ action_begin ] --END-- [ RunTime:0.000322s ]
ERR: 非法操作:{}

[ 2018-04-13T17:11:12+08:00 ] ::1 /xiaomi/index.php/Home/List/date/db.json
INFO: [ app_init ] --START--
INFO: [ app_init ] --END-- [ RunTime:0.001692s ]
INFO: [ path_info ] --START--
INFO: [ path_info ] --END-- [ RunTime:0.000217s ]
INFO: [ app_begin ] --START--
INFO: Run Behavior\ReadHtmlCache [ RunTime:0.001611s ]
INFO: [ app_begin ] --END-- [ RunTime:0.002103s ]
INFO: [ action_begin ] --START--
INFO: [ action_begin ] --END-- [ RunTime:0.000257s ]
ERR: 非法操作:date

[ 2018-04-13T17:11:14+08:00 ] ::1 /xiaomi/index.php/Home/Index/%7B%7D
INFO: [ app_init ] --START--
INFO: [ app_init ] --END-- [ RunTime:0.017041s ]
INFO: [ path_info ] --START--
INFO: [ path_info ] --END-- [ RunTime:0.000252s ]
INFO: [ app_begin ] --START--
INFO: Run Behavior\ReadHtmlCache [ RunTime:0.000459s ]
INFO: [ app_begin ] --END-- [ RunTime:0.001573s ]
INFO: [ action_begin ] --START--
INFO: [ action_begin ] --END-- [ RunTime:0.000348s ]
ERR: 非法操作:{}

[ 2018-04-13T17:11:14+08:00 ] ::1 /xiaomi/index.php/Home/Index/main.js
INFO: [ app_init ] --START--
INFO: [ app_init ] --END-- [ RunTime:0.002752s ]
INFO: [ path_info ] --START--
INFO: [ path_info ] --END-- [ RunTime:0.000483s ]
INFO: [ app_begin ] --START--
INFO: Run Behavior\ReadHtmlCache [ RunTime:0.000360s ]
INFO: [ app_begin ] --END-- [ RunTime:0.000825s ]
INFO: [ action_begin ] --START--
INFO: [ action_begin ] --END-- [ RunTime:0.000277s ]
ERR: 非法操作:main.js

[ 2018-04-13T17:24:53+08:00 ] ::1 /xiaomi/index.php/Home/Index/
INFO: [ app_init ] --START--
INFO: [ app_init ] --END-- [ RunTime:0.001942s ]
INFO: [ path_info ] --START--
INFO: [ path_info ] --END-- [ RunTime:0.000299s ]
INFO: [ app_begin ] --START--
INFO: Run Behavior\ReadHtmlCache [ RunTime:0.000539s ]
INFO: [ app_begin ] --END-- [ RunTime:0.001172s ]
INFO: [ action_begin ] --START--
INFO: [ action_begin ] --END-- [ RunTime:0.000533s ]
INFO: [ view_begin ] --START--
INFO: [ view_begin ] --END-- [ RunTime:0.000257s ]
INFO: [ view_parse ] --START--
INFO: [ template_filter ] --START--
INFO: Run Behavior\ContentReplace [ RunTime:0.003901s ]
INFO: [ template_filter ] --END-- [ RunTime:0.004541s ]
NOTIC: [8] Undefined variable: value E:\PHP\wamp\www\xiaomi\Application\Runtime\Cache\Home\2a94b8bda04ff446dcedd42276fc99ee.php 第 2722 行.
NOTIC: [8] Undefined variable: value E:\PHP\wamp\www\xiaomi\Application\Runtime\Cache\Home\2a94b8bda04ff446dcedd42276fc99ee.php 第 2723 行.
NOTIC: [8] Undefined variable: value E:\PHP\wamp\www\xiaomi\Application\Runtime\Cache\Home\2a94b8bda04ff446dcedd42276fc99ee.php 第 2724 行.
NOTIC: [8] Undefined variable: value E:\PHP\wamp\www\xiaomi\Application\Runtime\Cache\Home\2a94b8bda04ff446dcedd42276fc99ee.php 第 2726 行.
NOTIC: [8] Undefined variable: value E:\PHP\wamp\www\xiaomi\Application\Runtime\Cache\Home\2a94b8bda04ff446dcedd42276fc99ee.php 第 2734 行.
NOTIC: [8] Undefined variable: value E:\PHP\wamp\www\xiaomi\Application\Runtime\Cache\Home\2a94b8bda04ff446dcedd42276fc99ee.php 第 2751 行.
NOTIC: [8] Undefined variable: value E:\PHP\wamp\www\xiaomi\Application\Runtime\Cache\Home\2a94b8bda04ff446dcedd42276fc99ee.php 第 2756 行.
NOTIC: [8] Undefined variable: value E:\PHP\wamp\www\xiaomi\Application\Runtime\Cache\Home\2a94b8bda04ff446dcedd42276fc99ee.php 第 2763 行.
INFO: Run Behavior\ParseTemplate [ RunTime:0.417810s ]
INFO: [ view_parse ] --END-- [ RunTime:0.418560s ]
INFO: [ view_filter ] --START--
INFO: Run Behavior\WriteHtmlCache [ RunTime:0.000107s ]
INFO: [ view_filter ] --END-- [ RunTime:0.000547s ]
INFO: [ view_end ] --START--
INFO: [ view_end ] --END-- [ RunTime:0.000176s ]
INFO: [ app_end ] --START--
INFO: Run Behavior\ShowPageTrace [ RunTime:0.000281s ]
INFO: [ app_end ] --END-- [ RunTime:0.000661s ]

[ 2018-04-13T17:24:58+08:00 ] ::1 /xiaomi/index.php/Home/Index/main.js
INFO: [ app_init ] --START--
INFO: [ app_init ] --END-- [ RunTime:0.002363s ]
INFO: [ path_info ] --START--
INFO: [ path_info ] --END-- [ RunTime:0.000267s ]
INFO: [ app_begin ] --START--
INFO: Run Behavior\ReadHtmlCache [ RunTime:0.000473s ]
INFO: [ app_begin ] --END-- [ RunTime:0.001024s ]
INFO: [ action_begin ] --START--
INFO: [ action_begin ] --END-- [ RunTime:0.000275s ]
ERR: 非法操作:main.js

[ 2018-04-13T17:25:06+08:00 ] ::1 /xiaomi/index.php/Home/Index/%7B%7D
INFO: [ app_init ] --START--
INFO: [ app_init ] --END-- [ RunTime:0.001750s ]
INFO: [ path_info ] --START--
INFO: [ path_info ] --END-- [ RunTime:0.000212s ]
INFO: [ app_begin ] --START--
INFO: Run Behavior\ReadHtmlCache [ RunTime:0.000454s ]
INFO: [ app_begin ] --END-- [ RunTime:0.001074s ]
INFO: [ action_begin ] --START--
INFO: [ action_begin ] --END-- [ RunTime:0.000278s ]
ERR: 非法操作:{}

[ 2018-04-13T17:25:07+08:00 ] ::1 /xiaomi/index.php/Home/Car/mycar
INFO: [ app_init ] --START--
INFO: [ app_init ] --END-- [ RunTime:0.001470s ]
INFO: [ path_info ] --START--
INFO: [ path_info ] --END-- [ RunTime:0.000420s ]
INFO: [ app_begin ] --START--
INFO: Run Behavior\ReadHtmlCache [ RunTime:0.000468s ]
INFO: [ app_begin ] --END-- [ RunTime:0.001106s ]
INFO: [ action_begin ] --START--
INFO: [ action_begin ] --END-- [ RunTime:0.000251s ]
INFO: [ view_begin ] --START--
INFO: [ view_begin ] --END-- [ RunTime:0.000214s ]
INFO: [ view_parse ] --START--
INFO: [ template_filter ] --START--
INFO: Run Behavior\ContentReplace [ RunTime:0.000562s ]
INFO: [ template_filter ] --END-- [ RunTime:0.001109s ]
NOTIC: [8] Undefined variable: value E:\PHP\wamp\www\xiaomi\Application\Runtime\Cache\Home\1fcaf630fdcdfe68f7c89763c5e34b79.php 第 146 行.
NOTIC: [8] Undefined variable: value E:\PHP\wamp\www\xiaomi\Application\Runtime\Cache\Home\1fcaf630fdcdfe68f7c89763c5e34b79.php 第 147 行.
NOTIC: [8] Undefined variable: value E:\PHP\wamp\www\xiaomi\Application\Runtime\Cache\Home\1fcaf630fdcdfe68f7c89763c5e34b79.php 第 148 行.
NOTIC: [8] Undefined variable: value E:\PHP\wamp\www\xiaomi\Application\Runtime\Cache\Home\1fcaf630fdcdfe68f7c89763c5e34b79.php 第 150 行.
NOTIC: [8] Undefined variable: value E:\PHP\wamp\www\xiaomi\Application\Runtime\Cache\Home\1fcaf630fdcdfe68f7c89763c5e34b79.php 第 158 行.
NOTIC: [8] Undefined variable: value E:\PHP\wamp\www\xiaomi\Application\Runtime\Cache\Home\1fcaf630fdcdfe68f7c89763c5e34b79.php 第 175 行.
NOTIC: [8] Undefined variable: value E:\PHP\wamp\www\xiaomi\Application\Runtime\Cache\Home\1fcaf630fdcdfe68f7c89763c5e34b79.php 第 180 行.
NOTIC: [8] Undefined variable: value E:\PHP\wamp\www\xiaomi\Application\Runtime\Cache\Home\1fcaf630fdcdfe68f7c89763c5e34b79.php 第 187 行.
INFO: Run Behavior\ParseTemplate [ RunTime:0.050440s ]
INFO: [ view_parse ] --END-- [ RunTime:0.050989s ]
INFO: [ view_filter ] --START--
INFO: Run Behavior\WriteHtmlCache [ RunTime:0.000131s ]
INFO: [ view_filter ] --END-- [ RunTime:0.000746s ]
INFO: [ view_end ] --START--
INFO: [ view_end ] --END-- [ RunTime:0.000195s ]
INFO: [ app_end ] --START--
INFO: Run Behavior\ShowPageTrace [ RunTime:0.000598s ]
INFO: [ app_end ] --END-- [ RunTime:0.001460s ]

[ 2018-04-13T17:25:07+08:00 ] ::1 /xiaomi/index.php/Home/Car/icomoon/style.css
INFO: [ app_init ] --START--
INFO: [ app_init ] --END-- [ RunTime:0.002608s ]
INFO: [ path_info ] --START--
INFO: [ path_info ] --END-- [ RunTime:0.000266s ]
INFO: [ app_begin ] --START--
INFO: Run Behavior\ReadHtmlCache [ RunTime:0.000435s ]
INFO: [ app_begin ] --END-- [ RunTime:0.000935s ]
INFO: [ action_begin ] --START--
INFO: [ action_begin ] --END-- [ RunTime:0.000294s ]
ERR: 非法操作:icomoon

[ 2018-04-13T17:25:08+08:00 ] ::1 /xiaomi/index.php/Home/Car/%7B%7D
INFO: [ app_init ] --START--
INFO: [ app_init ] --END-- [ RunTime:0.001914s ]
INFO: [ path_info ] --START--
INFO: [ path_info ] --END-- [ RunTime:0.000307s ]
INFO: [ app_begin ] --START--
INFO: Run Behavior\ReadHtmlCache [ RunTime:0.000380s ]
INFO: [ app_begin ] --END-- [ RunTime:0.000889s ]
INFO: [ action_begin ] --START--
INFO: [ action_begin ] --END-- [ RunTime:0.000302s ]
ERR: 非法操作:{}

[ 2018-04-13T17:25:12+08:00 ] ::1 /xiaomi/index.php/Home/Car/list.html
INFO: [ app_init ] --START--
INFO: [ app_init ] --END-- [ RunTime:0.002097s ]
INFO: [ path_info ] --START--
INFO: [ path_info ] --END-- [ RunTime:0.000249s ]
INFO: [ app_begin ] --START--
INFO: Run Behavior\ReadHtmlCache [ RunTime:0.000373s ]
INFO: [ app_begin ] --END-- [ RunTime:0.000829s ]
INFO: [ action_begin ] --START--
INFO: [ action_begin ] --END-- [ RunTime:0.000287s ]
ERR: 非法操作:list

[ 2018-04-13T17:25:17+08:00 ] ::1 /xiaomi/index.php/Home/Car/icomoon/style.css
INFO: [ app_init ] --START--
INFO: [ app_init ] --END-- [ RunTime:0.001915s ]
INFO: [ path_info ] --START--
INFO: [ path_info ] --END-- [ RunTime:0.000451s ]
INFO: [ app_begin ] --START--
INFO: Run Behavior\ReadHtmlCache [ RunTime:0.000644s ]
INFO: [ app_begin ] --END-- [ RunTime:0.001634s ]
INFO: [ action_begin ] --START--
INFO: [ action_begin ] --END-- [ RunTime:0.000288s ]
ERR: 非法操作:icomoon

[ 2018-04-13T17:25:18+08:00 ] ::1 /xiaomi/index.php/Home/Car/%7B%7D
INFO: [ app_init ] --START--
INFO: [ app_init ] --END-- [ RunTime:0.003012s ]
INFO: [ path_info ] --START--
INFO: [ path_info ] --END-- [ RunTime:0.000293s ]
INFO: [ app_begin ] --START--
INFO: Run Behavior\ReadHtmlCache [ RunTime:0.000587s ]
INFO: [ app_begin ] --END-- [ RunTime:0.001282s ]
INFO: [ action_begin ] --START--
INFO: [ action_begin ] --END-- [ RunTime:0.000328s ]
ERR: 非法操作:{}

