[ 2018-04-26T08:22:56+08:00 ] ::1 /xiaomi/index.php/Home/Index/main.js
ERR: 非法操作:main.js

[ 2018-04-26T08:23:06+08:00 ] ::1 /xiaomi/index.php/Home/Index/date/db.json
INFO: [ app_begin ] --START--
INFO: Run Behavior\ReadHtmlCache [ RunTime:0.000343s ]
INFO: [ app_begin ] --END-- [ RunTime:0.001996s ]
NOTIC: [2048] Declaration of Home\Controller\IndexController::show() should be compatible with that of Think\Controller::show() E:\PHP\wamp\www\xiaomi\Application\Home\Controller\IndexController.class.php 第 5 行.
INFO: [ action_begin ] --START--
INFO: [ action_begin ] --END-- [ RunTime:0.000143s ]
ERR: 非法操作:date

[ 2018-04-26T08:23:18+08:00 ] ::1 /xiaomi/index.php/Home/Index/date/db.json
INFO: [ app_begin ] --START--
INFO: Run Behavior\ReadHtmlCache [ RunTime:0.000363s ]
INFO: [ app_begin ] --END-- [ RunTime:0.002107s ]
NOTIC: [2048] Declaration of Home\Controller\IndexController::show() should be compatible with that of Think\Controller::show() E:\PHP\wamp\www\xiaomi\Application\Home\Controller\IndexController.class.php 第 5 行.
INFO: [ action_begin ] --START--
INFO: [ action_begin ] --END-- [ RunTime:0.000377s ]
ERR: 非法操作:date

[ 2018-04-26T08:30:07+08:00 ] ::1 /xiaomi/index.php/Home/Index/date/db.json
INFO: [ app_begin ] --START--
INFO: Run Behavior\ReadHtmlCache [ RunTime:0.000312s ]
INFO: [ app_begin ] --END-- [ RunTime:0.001800s ]
NOTIC: [2048] Declaration of Home\Controller\IndexController::show() should be compatible with that of Think\Controller::show() E:\PHP\wamp\www\xiaomi\Application\Home\Controller\IndexController.class.php 第 5 行.
INFO: [ action_begin ] --START--
INFO: [ action_begin ] --END-- [ RunTime:0.000324s ]
ERR: 非法操作:date

[ 2018-04-26T08:30:36+08:00 ] ::1 /xiaomi/index.php/Home/Car/icomoon/style.css
ERR: 非法操作:icomoon

[ 2018-04-26T08:33:35+08:00 ] ::1 /xiaomi/index.php/Home/Car/icomoon/style.css
ERR: 非法操作:icomoon

[ 2018-04-26T20:06:30+08:00 ] ::1 /xiaomi/index.php/Home/Index/main.js
ERR: 非法操作:main.js

[ 2018-04-26T20:06:35+08:00 ] ::1 /xiaomi/index.php/Home/Car/icomoon/style.css
ERR: 非法操作:icomoon

[ 2018-04-26T20:08:07+08:00 ] ::1 /xiaomi/index.php/Home/Index/main.js
ERR: 非法操作:main.js

[ 2018-04-26T20:08:18+08:00 ] ::1 /xiaomi/index.php/Home/Index/date/db.json
INFO: [ app_begin ] --START--
INFO: Run Behavior\ReadHtmlCache [ RunTime:0.000241s ]
INFO: [ app_begin ] --END-- [ RunTime:0.001402s ]
NOTIC: [2048] Declaration of Home\Controller\IndexController::show() should be compatible with that of Think\Controller::show() E:\PHP\wamp\www\xiaomi\Application\Home\Controller\IndexController.class.php 第 5 行.
INFO: [ action_begin ] --START--
INFO: [ action_begin ] --END-- [ RunTime:0.000108s ]
ERR: 非法操作:date

[ 2018-04-26T20:08:29+08:00 ] ::1 /xiaomi/index.php/Home/Index/date/search.php
INFO: [ app_begin ] --START--
INFO: Run Behavior\ReadHtmlCache [ RunTime:0.000242s ]
INFO: [ app_begin ] --END-- [ RunTime:0.001747s ]
NOTIC: [2048] Declaration of Home\Controller\IndexController::show() should be compatible with that of Think\Controller::show() E:\PHP\wamp\www\xiaomi\Application\Home\Controller\IndexController.class.php 第 5 行.
INFO: [ action_begin ] --START--
INFO: [ action_begin ] --END-- [ RunTime:0.000135s ]
ERR: 非法操作:date

[ 2018-04-26T20:29:41+08:00 ] ::1 /xiaomi/index.php/Home/Index/date/db.json
INFO: [ app_begin ] --START--
INFO: Run Behavior\ReadHtmlCache [ RunTime:0.000410s ]
INFO: [ app_begin ] --END-- [ RunTime:0.001731s ]
NOTIC: [2048] Declaration of Home\Controller\IndexController::show() should be compatible with that of Think\Controller::show() E:\PHP\wamp\www\xiaomi\Application\Home\Controller\IndexController.class.php 第 5 行.
INFO: [ action_begin ] --START--
INFO: [ action_begin ] --END-- [ RunTime:0.000131s ]
ERR: 非法操作:date

[ 2018-04-26T20:29:47+08:00 ] ::1 /xiaomi/index.php/Home/Index/date/db.json
INFO: [ app_begin ] --START--
INFO: Run Behavior\ReadHtmlCache [ RunTime:0.000275s ]
INFO: [ app_begin ] --END-- [ RunTime:0.001513s ]
NOTIC: [2048] Declaration of Home\Controller\IndexController::show() should be compatible with that of Think\Controller::show() E:\PHP\wamp\www\xiaomi\Application\Home\Controller\IndexController.class.php 第 5 行.
INFO: [ action_begin ] --START--
INFO: [ action_begin ] --END-- [ RunTime:0.000169s ]
ERR: 非法操作:date

[ 2018-04-26T20:29:50+08:00 ] ::1 /xiaomi/index.php/Home/Index/main.js
ERR: 非法操作:main.js

[ 2018-04-26T20:30:05+08:00 ] ::1 /xiaomi/index.php/Home/Index/date/db.json
INFO: [ app_begin ] --START--
INFO: Run Behavior\ReadHtmlCache [ RunTime:0.000226s ]
INFO: [ app_begin ] --END-- [ RunTime:0.001310s ]
NOTIC: [2048] Declaration of Home\Controller\IndexController::show() should be compatible with that of Think\Controller::show() E:\PHP\wamp\www\xiaomi\Application\Home\Controller\IndexController.class.php 第 5 行.
INFO: [ action_begin ] --START--
INFO: [ action_begin ] --END-- [ RunTime:0.000094s ]
ERR: 非法操作:date

[ 2018-04-26T20:30:13+08:00 ] ::1 /xiaomi/index.php/Home/Index/main.js
ERR: 非法操作:main.js

