[ 2018-04-14T07:57:58+08:00 ] ::1 /xiaomi/
INFO: [ app_init ] --START--
INFO: [ app_init ] --END-- [ RunTime:0.027385s ]
INFO: [ app_begin ] --START--
INFO: Run Behavior\ReadHtmlCache [ RunTime:0.000497s ]
INFO: [ app_begin ] --END-- [ RunTime:0.001084s ]
INFO: [ action_begin ] --START--
INFO: [ action_begin ] --END-- [ RunTime:0.000296s ]
INFO: [ view_begin ] --START--
INFO: [ view_begin ] --END-- [ RunTime:0.000236s ]
INFO: [ view_parse ] --START--
INFO: [ template_filter ] --START--
INFO: Run Behavior\ContentReplace [ RunTime:0.004212s ]
INFO: [ template_filter ] --END-- [ RunTime:0.004869s ]
NOTIC: [8] Undefined variable: value E:\PHP\wamp\www\xiaomi\Application\Runtime\Cache\Home\2a94b8bda04ff446dcedd42276fc99ee.php 第 2722 行.
NOTIC: [8] Undefined variable: value E:\PHP\wamp\www\xiaomi\Application\Runtime\Cache\Home\2a94b8bda04ff446dcedd42276fc99ee.php 第 2723 行.
NOTIC: [8] Undefined variable: value E:\PHP\wamp\www\xiaomi\Application\Runtime\Cache\Home\2a94b8bda04ff446dcedd42276fc99ee.php 第 2724 行.
NOTIC: [8] Undefined variable: value E:\PHP\wamp\www\xiaomi\Application\Runtime\Cache\Home\2a94b8bda04ff446dcedd42276fc99ee.php 第 2726 行.
NOTIC: [8] Undefined variable: value E:\PHP\wamp\www\xiaomi\Application\Runtime\Cache\Home\2a94b8bda04ff446dcedd42276fc99ee.php 第 2734 行.
NOTIC: [8] Undefined variable: value E:\PHP\wamp\www\xiaomi\Application\Runtime\Cache\Home\2a94b8bda04ff446dcedd42276fc99ee.php 第 2751 行.
NOTIC: [8] Undefined variable: value E:\PHP\wamp\www\xiaomi\Application\Runtime\Cache\Home\2a94b8bda04ff446dcedd42276fc99ee.php 第 2756 行.
NOTIC: [8] Undefined variable: value E:\PHP\wamp\www\xiaomi\Application\Runtime\Cache\Home\2a94b8bda04ff446dcedd42276fc99ee.php 第 2763 行.
INFO: Run Behavior\ParseTemplate [ RunTime:0.469535s ]
INFO: [ view_parse ] --END-- [ RunTime:0.470145s ]
INFO: [ view_filter ] --START--
INFO: Run Behavior\WriteHtmlCache [ RunTime:0.000147s ]
INFO: [ view_filter ] --END-- [ RunTime:0.000754s ]
INFO: [ view_end ] --START--
INFO: [ view_end ] --END-- [ RunTime:0.000268s ]
INFO: [ app_end ] --START--
INFO: Run Behavior\ShowPageTrace [ RunTime:0.000327s ]
INFO: [ app_end ] --END-- [ RunTime:0.000790s ]

[ 2018-04-14T08:34:33+08:00 ] ::1 /xiaomi/
INFO: [ app_init ] --START--
INFO: [ app_init ] --END-- [ RunTime:0.001551s ]
INFO: [ app_begin ] --START--
INFO: Run Behavior\ReadHtmlCache [ RunTime:0.000362s ]
INFO: [ app_begin ] --END-- [ RunTime:0.000815s ]
INFO: [ action_begin ] --START--
INFO: [ action_begin ] --END-- [ RunTime:0.000178s ]
INFO: [ view_begin ] --START--
INFO: [ view_begin ] --END-- [ RunTime:0.000148s ]
INFO: [ view_parse ] --START--
INFO: [ template_filter ] --START--
INFO: Run Behavior\ContentReplace [ RunTime:0.003091s ]
INFO: [ template_filter ] --END-- [ RunTime:0.003555s ]
NOTIC: [8] Undefined variable: value E:\PHP\wamp\www\xiaomi\Application\Runtime\Cache\Home\2a94b8bda04ff446dcedd42276fc99ee.php 第 2722 行.
NOTIC: [8] Undefined variable: value E:\PHP\wamp\www\xiaomi\Application\Runtime\Cache\Home\2a94b8bda04ff446dcedd42276fc99ee.php 第 2723 行.
NOTIC: [8] Undefined variable: value E:\PHP\wamp\www\xiaomi\Application\Runtime\Cache\Home\2a94b8bda04ff446dcedd42276fc99ee.php 第 2724 行.
NOTIC: [8] Undefined variable: value E:\PHP\wamp\www\xiaomi\Application\Runtime\Cache\Home\2a94b8bda04ff446dcedd42276fc99ee.php 第 2726 行.
NOTIC: [8] Undefined variable: value E:\PHP\wamp\www\xiaomi\Application\Runtime\Cache\Home\2a94b8bda04ff446dcedd42276fc99ee.php 第 2734 行.
NOTIC: [8] Undefined variable: value E:\PHP\wamp\www\xiaomi\Application\Runtime\Cache\Home\2a94b8bda04ff446dcedd42276fc99ee.php 第 2751 行.
NOTIC: [8] Undefined variable: value E:\PHP\wamp\www\xiaomi\Application\Runtime\Cache\Home\2a94b8bda04ff446dcedd42276fc99ee.php 第 2756 行.
NOTIC: [8] Undefined variable: value E:\PHP\wamp\www\xiaomi\Application\Runtime\Cache\Home\2a94b8bda04ff446dcedd42276fc99ee.php 第 2763 行.
INFO: Run Behavior\ParseTemplate [ RunTime:0.354013s ]
INFO: [ view_parse ] --END-- [ RunTime:0.354437s ]
INFO: [ view_filter ] --START--
INFO: Run Behavior\WriteHtmlCache [ RunTime:0.000092s ]
INFO: [ view_filter ] --END-- [ RunTime:0.000427s ]
INFO: [ view_end ] --START--
INFO: [ view_end ] --END-- [ RunTime:0.000159s ]
INFO: [ app_end ] --START--
INFO: Run Behavior\ShowPageTrace [ RunTime:0.000265s ]
INFO: [ app_end ] --END-- [ RunTime:0.000597s ]

[ 2018-04-14T08:35:35+08:00 ] ::1 /xiaomi/
INFO: [ app_init ] --START--
INFO: [ app_init ] --END-- [ RunTime:0.001587s ]
INFO: [ app_begin ] --START--
INFO: Run Behavior\ReadHtmlCache [ RunTime:0.000455s ]
INFO: [ app_begin ] --END-- [ RunTime:0.001032s ]
INFO: [ action_begin ] --START--
INFO: [ action_begin ] --END-- [ RunTime:0.000442s ]
INFO: [ view_begin ] --START--
INFO: [ view_begin ] --END-- [ RunTime:0.000222s ]
INFO: [ view_parse ] --START--
INFO: [ template_filter ] --START--
INFO: Run Behavior\ContentReplace [ RunTime:0.006713s ]
INFO: [ template_filter ] --END-- [ RunTime:0.007328s ]
NOTIC: [8] Undefined variable: value E:\PHP\wamp\www\xiaomi\Application\Runtime\Cache\Home\2a94b8bda04ff446dcedd42276fc99ee.php 第 2722 行.
NOTIC: [8] Undefined variable: value E:\PHP\wamp\www\xiaomi\Application\Runtime\Cache\Home\2a94b8bda04ff446dcedd42276fc99ee.php 第 2723 行.
NOTIC: [8] Undefined variable: value E:\PHP\wamp\www\xiaomi\Application\Runtime\Cache\Home\2a94b8bda04ff446dcedd42276fc99ee.php 第 2724 行.
NOTIC: [8] Undefined variable: value E:\PHP\wamp\www\xiaomi\Application\Runtime\Cache\Home\2a94b8bda04ff446dcedd42276fc99ee.php 第 2726 行.
NOTIC: [8] Undefined variable: value E:\PHP\wamp\www\xiaomi\Application\Runtime\Cache\Home\2a94b8bda04ff446dcedd42276fc99ee.php 第 2734 行.
NOTIC: [8] Undefined variable: value E:\PHP\wamp\www\xiaomi\Application\Runtime\Cache\Home\2a94b8bda04ff446dcedd42276fc99ee.php 第 2751 行.
NOTIC: [8] Undefined variable: value E:\PHP\wamp\www\xiaomi\Application\Runtime\Cache\Home\2a94b8bda04ff446dcedd42276fc99ee.php 第 2756 行.
NOTIC: [8] Undefined variable: value E:\PHP\wamp\www\xiaomi\Application\Runtime\Cache\Home\2a94b8bda04ff446dcedd42276fc99ee.php 第 2763 行.
INFO: Run Behavior\ParseTemplate [ RunTime:0.507073s ]
INFO: [ view_parse ] --END-- [ RunTime:0.507745s ]
INFO: [ view_filter ] --START--
INFO: Run Behavior\WriteHtmlCache [ RunTime:0.000171s ]
INFO: [ view_filter ] --END-- [ RunTime:0.000756s ]
INFO: [ view_end ] --START--
INFO: [ view_end ] --END-- [ RunTime:0.000215s ]
INFO: [ app_end ] --START--
INFO: Run Behavior\ShowPageTrace [ RunTime:0.000499s ]
INFO: [ app_end ] --END-- [ RunTime:0.001017s ]

[ 2018-04-14T08:43:22+08:00 ] ::1 /xiaomi/index.php/Admin/
INFO: [ app_init ] --START--
INFO: [ app_init ] --END-- [ RunTime:0.001685s ]
INFO: [ app_begin ] --START--
INFO: Run Behavior\ReadHtmlCache [ RunTime:0.000414s ]
INFO: [ app_begin ] --END-- [ RunTime:0.001025s ]
ERR: 无法加载控制器:Index

[ 2018-04-14T08:43:32+08:00 ] ::1 /xiaomi/index.php/Admin/Login/index
INFO: [ app_init ] --START--
INFO: [ app_init ] --END-- [ RunTime:0.003107s ]
INFO: [ path_info ] --START--
INFO: [ path_info ] --END-- [ RunTime:0.000243s ]
INFO: [ app_begin ] --START--
INFO: Run Behavior\ReadHtmlCache [ RunTime:0.000390s ]
INFO: [ app_begin ] --END-- [ RunTime:0.000836s ]
ERR: 无法加载控制器:Login

[ 2018-04-14T08:43:37+08:00 ] ::1 /xiaomi/index.php/Admin
INFO: [ app_init ] --START--
INFO: [ app_init ] --END-- [ RunTime:0.001624s ]
INFO: [ app_begin ] --START--
INFO: Run Behavior\ReadHtmlCache [ RunTime:0.000508s ]
INFO: [ app_begin ] --END-- [ RunTime:0.001167s ]
ERR: 无法加载控制器:Index

[ 2018-04-14T08:43:41+08:00 ] ::1 /xiaomi/index.php/
INFO: [ app_init ] --START--
INFO: [ app_init ] --END-- [ RunTime:0.001800s ]
INFO: [ app_begin ] --START--
INFO: Run Behavior\ReadHtmlCache [ RunTime:0.000446s ]
INFO: [ app_begin ] --END-- [ RunTime:0.001040s ]
INFO: [ action_begin ] --START--
INFO: [ action_begin ] --END-- [ RunTime:0.000879s ]
INFO: [ view_begin ] --START--
INFO: [ view_begin ] --END-- [ RunTime:0.000265s ]
INFO: [ view_parse ] --START--
INFO: [ template_filter ] --START--
INFO: Run Behavior\ContentReplace [ RunTime:0.004587s ]
INFO: [ template_filter ] --END-- [ RunTime:0.005558s ]
NOTIC: [8] Undefined variable: value E:\PHP\wamp\www\xiaomi\Application\Runtime\Cache\Home\2a94b8bda04ff446dcedd42276fc99ee.php 第 2722 行.
NOTIC: [8] Undefined variable: value E:\PHP\wamp\www\xiaomi\Application\Runtime\Cache\Home\2a94b8bda04ff446dcedd42276fc99ee.php 第 2723 行.
NOTIC: [8] Undefined variable: value E:\PHP\wamp\www\xiaomi\Application\Runtime\Cache\Home\2a94b8bda04ff446dcedd42276fc99ee.php 第 2724 行.
NOTIC: [8] Undefined variable: value E:\PHP\wamp\www\xiaomi\Application\Runtime\Cache\Home\2a94b8bda04ff446dcedd42276fc99ee.php 第 2726 行.
NOTIC: [8] Undefined variable: value E:\PHP\wamp\www\xiaomi\Application\Runtime\Cache\Home\2a94b8bda04ff446dcedd42276fc99ee.php 第 2734 行.
NOTIC: [8] Undefined variable: value E:\PHP\wamp\www\xiaomi\Application\Runtime\Cache\Home\2a94b8bda04ff446dcedd42276fc99ee.php 第 2751 行.
NOTIC: [8] Undefined variable: value E:\PHP\wamp\www\xiaomi\Application\Runtime\Cache\Home\2a94b8bda04ff446dcedd42276fc99ee.php 第 2756 行.
NOTIC: [8] Undefined variable: value E:\PHP\wamp\www\xiaomi\Application\Runtime\Cache\Home\2a94b8bda04ff446dcedd42276fc99ee.php 第 2763 行.
INFO: Run Behavior\ParseTemplate [ RunTime:0.385016s ]
INFO: [ view_parse ] --END-- [ RunTime:0.385633s ]
INFO: [ view_filter ] --START--
INFO: Run Behavior\WriteHtmlCache [ RunTime:0.000119s ]
INFO: [ view_filter ] --END-- [ RunTime:0.000571s ]
INFO: [ view_end ] --START--
INFO: [ view_end ] --END-- [ RunTime:0.000207s ]
INFO: [ app_end ] --START--
INFO: Run Behavior\ShowPageTrace [ RunTime:0.000310s ]
INFO: [ app_end ] --END-- [ RunTime:0.000740s ]

[ 2018-04-14T08:44:05+08:00 ] ::1 /xiaomi/index.php/Admin/
INFO: [ app_init ] --START--
INFO: [ app_init ] --END-- [ RunTime:0.001773s ]
INFO: [ app_begin ] --START--
INFO: Run Behavior\ReadHtmlCache [ RunTime:0.000397s ]
INFO: [ app_begin ] --END-- [ RunTime:0.001000s ]
ERR: 无法加载控制器:Index

[ 2018-04-14T08:44:11+08:00 ] ::1 /xiaomi/index.php/Admin/Login/index
INFO: [ app_init ] --START--
INFO: [ app_init ] --END-- [ RunTime:0.002061s ]
INFO: [ path_info ] --START--
INFO: [ path_info ] --END-- [ RunTime:0.000213s ]
INFO: [ app_begin ] --START--
INFO: Run Behavior\ReadHtmlCache [ RunTime:0.000437s ]
INFO: [ app_begin ] --END-- [ RunTime:0.001056s ]
ERR: 无法加载控制器:Login

[ 2018-04-14T08:45:32+08:00 ] ::1 /xiaomi/index.php/Admin/Login/index
INFO: [ app_init ] --START--
INFO: [ app_init ] --END-- [ RunTime:0.001581s ]
INFO: [ path_info ] --START--
INFO: [ path_info ] --END-- [ RunTime:0.000264s ]
INFO: [ app_begin ] --START--
INFO: Run Behavior\ReadHtmlCache [ RunTime:0.000654s ]
INFO: [ app_begin ] --END-- [ RunTime:0.001432s ]

[ 2018-04-14T08:48:26+08:00 ] ::1 /xiaomi/index.php/Admin/Login/index
INFO: [ app_init ] --START--
INFO: [ app_init ] --END-- [ RunTime:0.001723s ]
INFO: [ path_info ] --START--
INFO: [ path_info ] --END-- [ RunTime:0.000210s ]
INFO: [ app_begin ] --START--
INFO: Run Behavior\ReadHtmlCache [ RunTime:0.000562s ]
INFO: [ app_begin ] --END-- [ RunTime:0.001135s ]

[ 2018-04-14T08:50:05+08:00 ] ::1 /xiaomi/index.php/Admin/Login/index
INFO: [ app_init ] --START--
INFO: [ app_init ] --END-- [ RunTime:0.002036s ]
INFO: [ path_info ] --START--
INFO: [ path_info ] --END-- [ RunTime:0.000207s ]
INFO: [ app_begin ] --START--
INFO: Run Behavior\ReadHtmlCache [ RunTime:0.000475s ]
INFO: [ app_begin ] --END-- [ RunTime:0.001547s ]
INFO: [ action_begin ] --START--
INFO: [ action_begin ] --END-- [ RunTime:0.000325s ]
INFO: [ view_begin ] --START--
INFO: [ view_begin ] --END-- [ RunTime:0.000207s ]
INFO: [ view_parse ] --START--
INFO: [ template_filter ] --START--
INFO: Run Behavior\ContentReplace [ RunTime:0.000422s ]
INFO: [ template_filter ] --END-- [ RunTime:0.000912s ]
NOTIC: [8] Undefined variable: code E:\PHP\wamp\www\xiaomi\Application\Runtime\Cache\Admin\32ec6c906c117a7c2bf504769276d87a.php 第 105 行.
INFO: Run Behavior\ParseTemplate [ RunTime:0.045565s ]
INFO: [ view_parse ] --END-- [ RunTime:0.046094s ]
INFO: [ view_filter ] --START--
INFO: Run Behavior\WriteHtmlCache [ RunTime:0.000110s ]
INFO: [ view_filter ] --END-- [ RunTime:0.000541s ]
INFO: [ view_end ] --START--
INFO: [ view_end ] --END-- [ RunTime:0.000212s ]
INFO: [ app_end ] --START--
INFO: Run Behavior\ShowPageTrace [ RunTime:0.000325s ]
INFO: [ app_end ] --END-- [ RunTime:0.000759s ]

[ 2018-04-14T08:50:05+08:00 ] ::1 /xiaomi/index.php/Admin/Public/css/main.css
INFO: [ app_init ] --START--
INFO: [ app_init ] --END-- [ RunTime:0.001831s ]
INFO: [ path_info ] --START--
INFO: [ path_info ] --END-- [ RunTime:0.000236s ]
INFO: [ app_begin ] --START--
INFO: Run Behavior\ReadHtmlCache [ RunTime:0.000732s ]
INFO: [ app_begin ] --END-- [ RunTime:0.001629s ]
ERR: 无法加载控制器:Public

[ 2018-04-14T08:50:06+08:00 ] ::1 /xiaomi/index.php/Admin/Public/css/css.css
INFO: [ app_init ] --START--
INFO: [ app_init ] --END-- [ RunTime:0.001846s ]
INFO: [ path_info ] --START--
INFO: [ path_info ] --END-- [ RunTime:0.000233s ]
INFO: [ app_begin ] --START--
INFO: Run Behavior\ReadHtmlCache [ RunTime:0.000430s ]
INFO: [ app_begin ] --END-- [ RunTime:0.000962s ]
ERR: 无法加载控制器:Public

[ 2018-04-14T08:50:06+08:00 ] ::1 /xiaomi/index.php/Admin/Public/js/jquery.effects.core.js
INFO: [ app_init ] --START--
INFO: [ app_init ] --END-- [ RunTime:0.002231s ]
INFO: [ path_info ] --START--
INFO: [ path_info ] --END-- [ RunTime:0.000257s ]
INFO: [ app_begin ] --START--
INFO: Run Behavior\ReadHtmlCache [ RunTime:0.000451s ]
INFO: [ app_begin ] --END-- [ RunTime:0.000997s ]
ERR: 无法加载控制器:Public

[ 2018-04-14T08:50:06+08:00 ] ::1 /xiaomi/index.php/Admin/Public/js/jquery.effects.bounce.js
INFO: [ app_init ] --START--
INFO: [ app_init ] --END-- [ RunTime:0.002050s ]
INFO: [ path_info ] --START--
INFO: [ path_info ] --END-- [ RunTime:0.000571s ]
INFO: [ app_begin ] --START--
INFO: Run Behavior\ReadHtmlCache [ RunTime:0.000416s ]
INFO: [ app_begin ] --END-- [ RunTime:0.000947s ]
ERR: 无法加载控制器:Public

[ 2018-04-14T08:50:06+08:00 ] ::1 /xiaomi/index.php/Admin/Public/js/jquery-1.6.2.min.js
INFO: [ app_init ] --START--
INFO: [ app_init ] --END-- [ RunTime:0.009272s ]
INFO: [ path_info ] --START--
INFO: [ path_info ] --END-- [ RunTime:0.010375s ]
INFO: [ app_begin ] --START--
INFO: Run Behavior\ReadHtmlCache [ RunTime:0.000512s ]
INFO: [ app_begin ] --END-- [ RunTime:0.001034s ]
ERR: 无法加载控制器:Public

[ 2018-04-14T08:50:06+08:00 ] ::1 /xiaomi/index.php/Admin/Public/js/jquery.effects.shake.js
INFO: [ app_init ] --START--
INFO: [ app_init ] --END-- [ RunTime:0.002024s ]
INFO: [ path_info ] --START--
INFO: [ path_info ] --END-- [ RunTime:0.000254s ]
INFO: [ app_begin ] --START--
INFO: Run Behavior\ReadHtmlCache [ RunTime:0.000497s ]
INFO: [ app_begin ] --END-- [ RunTime:0.001023s ]
ERR: 无法加载控制器:Public

[ 2018-04-14T08:50:06+08:00 ] ::1 /xiaomi/index.php/Admin/Public/js/jquery.effects.core.js
INFO: [ app_init ] --START--
INFO: [ app_init ] --END-- [ RunTime:0.002137s ]
INFO: [ path_info ] --START--
INFO: [ path_info ] --END-- [ RunTime:0.000251s ]
INFO: [ app_begin ] --START--
INFO: Run Behavior\ReadHtmlCache [ RunTime:0.000436s ]
INFO: [ app_begin ] --END-- [ RunTime:0.001003s ]
ERR: 无法加载控制器:Public

[ 2018-04-14T08:50:06+08:00 ] ::1 /xiaomi/index.php/Admin/Public/js/jquery.effects.shake.js
INFO: [ app_init ] --START--
INFO: [ app_init ] --END-- [ RunTime:0.002833s ]
INFO: [ path_info ] --START--
INFO: [ path_info ] --END-- [ RunTime:0.000274s ]
INFO: [ app_begin ] --START--
INFO: Run Behavior\ReadHtmlCache [ RunTime:0.000399s ]
INFO: [ app_begin ] --END-- [ RunTime:0.000815s ]
ERR: 无法加载控制器:Public

[ 2018-04-14T08:50:06+08:00 ] ::1 /xiaomi/index.php/Admin/Public/js/jquery.effects.bounce.js
INFO: [ app_init ] --START--
INFO: [ app_init ] --END-- [ RunTime:0.002049s ]
INFO: [ path_info ] --START--
INFO: [ path_info ] --END-- [ RunTime:0.000227s ]
INFO: [ app_begin ] --START--
INFO: Run Behavior\ReadHtmlCache [ RunTime:0.000352s ]
INFO: [ app_begin ] --END-- [ RunTime:0.000762s ]
ERR: 无法加载控制器:Public

[ 2018-04-14T09:02:10+08:00 ] ::1 /xiaomi/index.php/Admin/Login/index
ERR: 无法加载控制器:Login

[ 2018-04-14T09:26:13+08:00 ] ::1 /xiaomi/index.php/Admin/Login/assets/css/form-elements.css
ERR: 非法操作:assets

[ 2018-04-14T09:26:13+08:00 ] ::1 /xiaomi/index.php/Admin/Login/assets/bootstrap/css/bootstrap.min.css
ERR: 非法操作:assets

[ 2018-04-14T09:26:13+08:00 ] ::1 /xiaomi/index.php/Admin/Login/assets/js/jquery-1.11.1.min.js
ERR: 非法操作:assets

[ 2018-04-14T09:26:13+08:00 ] ::1 /xiaomi/index.php/Admin/Login/assets/font-awesome/css/font-awesome.min.css
ERR: 非法操作:assets

[ 2018-04-14T09:26:13+08:00 ] ::1 /xiaomi/index.php/Admin/Login/assets/css/style.css
ERR: 非法操作:assets

[ 2018-04-14T09:26:13+08:00 ] ::1 /xiaomi/index.php/Admin/Login/assets/bootstrap/js/bootstrap.min.js
ERR: 非法操作:assets

[ 2018-04-14T09:26:13+08:00 ] ::1 /xiaomi/index.php/Admin/Login/assets/js/jquery.backstretch.min.js
ERR: 非法操作:assets

[ 2018-04-14T09:26:13+08:00 ] ::1 /xiaomi/index.php/Admin/Login/assets/js/scripts.js
ERR: 非法操作:assets

[ 2018-04-14T09:26:13+08:00 ] ::1 /xiaomi/index.php/Admin/Login/assets/js/jquery.backstretch.min.js
ERR: 非法操作:assets

[ 2018-04-14T09:26:13+08:00 ] ::1 /xiaomi/index.php/Admin/Login/assets/js/scripts.js
ERR: 非法操作:assets

[ 2018-04-14T09:50:29+08:00 ] ::1 /xiaomi/index.php/Home/Car/icomoon/style.css
ERR: 非法操作:icomoon

[ 2018-04-14T09:58:38+08:00 ] ::1 /xiaomi/index.php/Home/Index/%7B%7D
ERR: 非法操作:{}

[ 2018-04-14T09:58:38+08:00 ] ::1 /xiaomi/index.php/Home/Index/main.js
ERR: 非法操作:main.js

[ 2018-04-14T10:00:30+08:00 ] ::1 /xiaomi/index.php/Home/Index/%7B%7D
ERR: 非法操作:{}

[ 2018-04-14T10:00:30+08:00 ] ::1 /xiaomi/index.php/Home/Index/main.js
ERR: 非法操作:main.js

[ 2018-04-14T10:01:53+08:00 ] ::1 /xiaomi/index.php/Home/%7B%7D
ERR: 无法加载控制器:{}

[ 2018-04-14T10:01:53+08:00 ] ::1 /xiaomi/index.php/Home/date/db.json
INFO: [ app_begin ] --START--
INFO: Run Behavior\ReadHtmlCache [ RunTime:0.000441s ]
INFO: [ app_begin ] --END-- [ RunTime:0.002728s ]
ERR: 无法加载控制器:date

[ 2018-04-14T10:03:12+08:00 ] ::1 /xiaomi/index.php/Home/%7B%7D
ERR: 无法加载控制器:{}

[ 2018-04-14T10:03:12+08:00 ] ::1 /xiaomi/index.php/Home/date/db.json
INFO: [ app_begin ] --START--
INFO: Run Behavior\ReadHtmlCache [ RunTime:0.000339s ]
INFO: [ app_begin ] --END-- [ RunTime:0.002181s ]
ERR: 无法加载控制器:date

[ 2018-04-14T10:04:59+08:00 ] ::1 /xiaomi/index.php/Home/Car/icomoon/style.css
ERR: 非法操作:icomoon

[ 2018-04-14T10:04:59+08:00 ] ::1 /xiaomi/index.php/Home/Car/%7B%7D
ERR: 非法操作:{}

[ 2018-04-14T10:05:04+08:00 ] ::1 /xiaomi/index.php/Home/%7B%7D
ERR: 无法加载控制器:{}

[ 2018-04-14T10:05:04+08:00 ] ::1 /xiaomi/index.php/Home/date/db.json
INFO: [ app_begin ] --START--
INFO: Run Behavior\ReadHtmlCache [ RunTime:0.000435s ]
INFO: [ app_begin ] --END-- [ RunTime:0.003124s ]
ERR: 无法加载控制器:date

[ 2018-04-14T10:09:46+08:00 ] ::1 /xiaomi/index.php/Home/Index/%7B%7D
ERR: 非法操作:{}

[ 2018-04-14T10:09:46+08:00 ] ::1 /xiaomi/index.php/Home/Index/main.js
ERR: 非法操作:main.js

[ 2018-04-14T10:11:01+08:00 ] ::1 /xiaomi/index.php/Home/Index/main.js
ERR: 非法操作:main.js

[ 2018-04-14T10:11:01+08:00 ] ::1 /xiaomi/index.php/Home/Index/%7B%7D
ERR: 非法操作:{}

[ 2018-04-14T10:11:23+08:00 ] ::1 /xiaomi/index.php/Home/Index/%7B%7D
ERR: 非法操作:{}

[ 2018-04-14T10:11:23+08:00 ] ::1 /xiaomi/index.php/Home/Index/main.js
ERR: 非法操作:main.js

[ 2018-04-14T10:13:21+08:00 ] ::1 /xiaomi/index.php/Home/Index/%7B%7D
ERR: 非法操作:{}

[ 2018-04-14T10:13:21+08:00 ] ::1 /xiaomi/index.php/Home/Index/main.js
ERR: 非法操作:main.js

[ 2018-04-14T10:15:06+08:00 ] ::1 /xiaomi/index.php/Home/Index/%7B%7D
ERR: 非法操作:{}

[ 2018-04-14T10:15:06+08:00 ] ::1 /xiaomi/index.php/Home/Index/main.js
ERR: 非法操作:main.js

[ 2018-04-14T10:30:27+08:00 ] ::1 /xiaomi/index.php/Admin/Login/verify
ERR: 非法操作:verify

[ 2018-04-14T10:30:29+08:00 ] ::1 /xiaomi/index.php/Admin/Login/verify
ERR: 非法操作:verify

[ 2018-04-14T10:40:55+08:00 ] ::1 /xiaomi/index.php/Home/Index/main.js
ERR: 非法操作:main.js

[ 2018-04-14T10:40:55+08:00 ] ::1 /xiaomi/index.php/Home/Index/%7B%7D
ERR: 非法操作:{}

[ 2018-04-14T10:40:59+08:00 ] ::1 /xiaomi/index.php/Home/Index/%7B%7D
ERR: 非法操作:{}

[ 2018-04-14T10:40:59+08:00 ] ::1 /xiaomi/index.php/Home/Index/main.js
ERR: 非法操作:main.js

[ 2018-04-14T10:43:11+08:00 ] ::1 /xiaomi/index.php/Home/Index/%7B%7D
ERR: 非法操作:{}

[ 2018-04-14T10:43:11+08:00 ] ::1 /xiaomi/index.php/Home/Index/main.js
ERR: 非法操作:main.js

[ 2018-04-14T21:17:38+08:00 ] ::1 /xiaomi/index.php/admin
ERR: 无法加载控制器:Index

[ 2018-04-14T21:46:30+08:00 ] ::1 /xiaomi/index.php/Home/Car/icomoon/style.css
ERR: 非法操作:icomoon

[ 2018-04-14T21:46:30+08:00 ] ::1 /xiaomi/index.php/Home/Car/%7B%7D
ERR: 非法操作:{}

[ 2018-04-14T21:49:24+08:00 ] ::1 /xiaomi/index.php/Home/List/date/db.json
INFO: [ app_begin ] --START--
INFO: Run Behavior\ReadHtmlCache [ RunTime:0.000421s ]
INFO: [ app_begin ] --END-- [ RunTime:0.002502s ]
INFO: [ action_begin ] --START--
INFO: [ action_begin ] --END-- [ RunTime:0.000241s ]
ERR: 非法操作:date

[ 2018-04-14T21:49:24+08:00 ] ::1 /xiaomi/index.php/Home/List/%7B%7D
ERR: 非法操作:{}

[ 2018-04-14T21:50:41+08:00 ] ::1 /xiaomi/index.php/Home/List/%7B%7D
ERR: 非法操作:{}

[ 2018-04-14T21:50:41+08:00 ] ::1 /xiaomi/index.php/Home/List/date/db.json
INFO: [ app_begin ] --START--
INFO: Run Behavior\ReadHtmlCache [ RunTime:0.000416s ]
INFO: [ app_begin ] --END-- [ RunTime:0.002347s ]
INFO: [ action_begin ] --START--
INFO: [ action_begin ] --END-- [ RunTime:0.000274s ]
ERR: 非法操作:date

