[ 2018-04-17T08:07:59+08:00 ] ::1 /xiaomi/index.php/Home/Index/main.js
ERR: 非法操作:main.js

[ 2018-04-17T08:08:05+08:00 ] ::1 /xiaomi/index.php/Home/Index/%7B%7D
ERR: 非法操作:{}

[ 2018-04-17T08:15:26+08:00 ] ::1 /xiaomi/index.php/Home/Index/%7B%7D
ERR: 非法操作:{}

[ 2018-04-17T08:15:26+08:00 ] ::1 /xiaomi/index.php/Home/Index/main.js
ERR: 非法操作:main.js

[ 2018-04-17T08:15:58+08:00 ] ::1 /xiaomi/index.php/Home/Index/%7B%7D
ERR: 非法操作:{}

[ 2018-04-17T08:15:58+08:00 ] ::1 /xiaomi/index.php/Home/Index/main.js
ERR: 非法操作:main.js

[ 2018-04-17T08:16:20+08:00 ] ::1 /xiaomi/index.php/Home/Index/main.js
ERR: 非法操作:main.js

[ 2018-04-17T08:16:20+08:00 ] ::1 /xiaomi/index.php/Home/Index/%7B%7D
ERR: 非法操作:{}

[ 2018-04-17T08:16:24+08:00 ] ::1 /xiaomi/index.php/Home/Index/%7B%7D
ERR: 非法操作:{}

[ 2018-04-17T08:16:24+08:00 ] ::1 /xiaomi/index.php/Home/Index/main.js
ERR: 非法操作:main.js

[ 2018-04-17T08:16:34+08:00 ] ::1 /xiaomi/index.php/Home/Index/%7B%7D
ERR: 非法操作:{}

[ 2018-04-17T08:16:34+08:00 ] ::1 /xiaomi/index.php/Home/Index/main.js
ERR: 非法操作:main.js

[ 2018-04-17T08:16:46+08:00 ] ::1 /xiaomi/index.php/Home/Index/icomoon/style.css
ERR: 非法操作:icomoon

[ 2018-04-17T08:16:46+08:00 ] ::1 /xiaomi/index.php/Home/Index/%7B%7D
ERR: 非法操作:{}

[ 2018-04-17T08:17:01+08:00 ] ::1 /xiaomi/index.php/Home/Index/icomoon/style.css
ERR: 非法操作:icomoon

[ 2018-04-17T08:17:02+08:00 ] ::1 /xiaomi/index.php/Home/Index/%7B%7D
ERR: 非法操作:{}

[ 2018-04-17T08:18:56+08:00 ] ::1 /xiaomi/index.php/Home/Index/product
ERR: XML标签语法错误

[ 2018-04-17T08:19:07+08:00 ] ::1 /xiaomi/index.php/Home/Index/icomoon/style.css
ERR: 非法操作:icomoon

[ 2018-04-17T08:19:08+08:00 ] ::1 /xiaomi/index.php/Home/Index/%7B%7D
ERR: 非法操作:{}

[ 2018-04-17T08:19:59+08:00 ] ::1 /xiaomi/index.php/Home/Index/icomoon/style.css
ERR: 非法操作:icomoon

[ 2018-04-17T08:19:59+08:00 ] ::1 /xiaomi/index.php/Home/Index/%7B%7D
ERR: 非法操作:{}

[ 2018-04-17T08:24:41+08:00 ] ::1 /xiaomi/index.php/Home/Index/icomoon/style.css
ERR: 非法操作:icomoon

[ 2018-04-17T08:24:41+08:00 ] ::1 /xiaomi/index.php/Home/Index/%7B%7D
ERR: 非法操作:{}

[ 2018-04-17T08:24:48+08:00 ] ::1 /xiaomi/index.php/Home/Index/main.js
ERR: 非法操作:main.js

[ 2018-04-17T08:24:48+08:00 ] ::1 /xiaomi/index.php/Home/Index/%7B%7D
ERR: 非法操作:{}

[ 2018-04-17T08:25:34+08:00 ] ::1 /xiaomi/index.php/Home/Index/main.js
ERR: 非法操作:main.js

[ 2018-04-17T08:25:34+08:00 ] ::1 /xiaomi/index.php/Home/Index/%7B%7D
ERR: 非法操作:{}

[ 2018-04-17T08:28:23+08:00 ] ::1 /xiaomi/index.php/Home/Index/%7B%7D
ERR: 非法操作:{}

[ 2018-04-17T08:28:23+08:00 ] ::1 /xiaomi/index.php/Home/Index/main.js
ERR: 非法操作:main.js

[ 2018-04-17T08:28:43+08:00 ] ::1 /xiaomi/index.php/Home/Index/%7B%7D
ERR: 非法操作:{}

[ 2018-04-17T08:28:43+08:00 ] ::1 /xiaomi/index.php/Home/Index/main.js
ERR: 非法操作:main.js

[ 2018-04-17T08:37:43+08:00 ] ::1 /xiaomi/index.php/Home/Index/%7B%7D
ERR: 非法操作:{}

[ 2018-04-17T08:37:43+08:00 ] ::1 /xiaomi/index.php/Home/Index/main.js
ERR: 非法操作:main.js

[ 2018-04-17T08:39:16+08:00 ] ::1 /xiaomi/index.php/Home/Index/%7B%7D
ERR: 非法操作:{}

[ 2018-04-17T08:39:16+08:00 ] ::1 /xiaomi/index.php/Home/Index/main.js
ERR: 非法操作:main.js

[ 2018-04-17T08:42:38+08:00 ] ::1 /xiaomi/index.php/Home/Index/%7B%7D
ERR: 非法操作:{}

[ 2018-04-17T08:42:38+08:00 ] ::1 /xiaomi/index.php/Home/Index/main.js
ERR: 非法操作:main.js

[ 2018-04-17T08:44:13+08:00 ] ::1 /xiaomi/index.php/Home/Index/%7B%7D
ERR: 非法操作:{}

[ 2018-04-17T08:44:13+08:00 ] ::1 /xiaomi/index.php/Home/Index/main.js
ERR: 非法操作:main.js

[ 2018-04-17T08:44:54+08:00 ] ::1 /xiaomi/index.php/Home/Index/%7B%7D
ERR: 非法操作:{}

[ 2018-04-17T08:44:55+08:00 ] ::1 /xiaomi/index.php/Home/Index/main.js
ERR: 非法操作:main.js

[ 2018-04-17T08:49:19+08:00 ] ::1 /xiaomi/index.php/Home/Index/%7B%7D
ERR: 非法操作:{}

[ 2018-04-17T08:49:19+08:00 ] ::1 /xiaomi/index.php/Home/Index/main.js
ERR: 非法操作:main.js

[ 2018-04-17T08:52:27+08:00 ] ::1 /xiaomi/index.php/Home/Index/%7B%7D
ERR: 非法操作:{}

[ 2018-04-17T08:52:27+08:00 ] ::1 /xiaomi/index.php/Home/Index/main.js
ERR: 非法操作:main.js

[ 2018-04-17T08:52:54+08:00 ] ::1 /xiaomi/index.php/Home/Index/%7B%7D
ERR: 非法操作:{}

[ 2018-04-17T08:52:54+08:00 ] ::1 /xiaomi/index.php/Home/Index/main.js
ERR: 非法操作:main.js

[ 2018-04-17T08:53:08+08:00 ] ::1 /xiaomi/index.php/Home/Index/%7B%7D
ERR: 非法操作:{}

[ 2018-04-17T08:53:08+08:00 ] ::1 /xiaomi/index.php/Home/Index/main.js
ERR: 非法操作:main.js

[ 2018-04-17T08:53:28+08:00 ] ::1 /xiaomi/index.php/Home/Index/main.js
ERR: 非法操作:main.js

[ 2018-04-17T08:53:28+08:00 ] ::1 /xiaomi/index.php/Home/Index/%7B%7D
ERR: 非法操作:{}

[ 2018-04-17T09:04:59+08:00 ] ::1 /xiaomi/index.php/Home/Index/%7B%7D
ERR: 非法操作:{}

[ 2018-04-17T09:04:59+08:00 ] ::1 /xiaomi/index.php/Home/Index/main.js
ERR: 非法操作:main.js

[ 2018-04-17T09:06:04+08:00 ] ::1 /xiaomi/index.php/Home/Index/%7B%7D
ERR: 非法操作:{}

[ 2018-04-17T09:06:04+08:00 ] ::1 /xiaomi/index.php/Home/Index/main.js
ERR: 非法操作:main.js

[ 2018-04-17T09:08:11+08:00 ] ::1 /xiaomi/index.php/Home/Index/%7B%7D
ERR: 非法操作:{}

[ 2018-04-17T09:08:11+08:00 ] ::1 /xiaomi/index.php/Home/Index/main.js
ERR: 非法操作:main.js

[ 2018-04-17T09:08:54+08:00 ] ::1 /xiaomi/index.php/Home/Index/%7B%7D
ERR: 非法操作:{}

[ 2018-04-17T09:08:54+08:00 ] ::1 /xiaomi/index.php/Home/Index/main.js
ERR: 非法操作:main.js

[ 2018-04-17T09:10:43+08:00 ] ::1 /xiaomi/index.php/Home/Index/%7B%7D
ERR: 非法操作:{}

[ 2018-04-17T09:10:43+08:00 ] ::1 /xiaomi/index.php/Home/Index/main.js
ERR: 非法操作:main.js

[ 2018-04-17T09:11:41+08:00 ] ::1 /xiaomi/index.php/Home/Index/%7B%7D
ERR: 非法操作:{}

[ 2018-04-17T09:11:42+08:00 ] ::1 /xiaomi/index.php/Home/Index/main.js
ERR: 非法操作:main.js

[ 2018-04-17T09:12:17+08:00 ] ::1 /xiaomi/index.php/Home/Index/%7B%7D
ERR: 非法操作:{}

[ 2018-04-17T09:12:23+08:00 ] ::1 /xiaomi/index.php/Home/Index/main.js
ERR: 非法操作:main.js

[ 2018-04-17T09:12:48+08:00 ] ::1 /xiaomi/index.php/Home/Index/%7B%7D
ERR: 非法操作:{}

[ 2018-04-17T09:12:49+08:00 ] ::1 /xiaomi/index.php/Home/Index/main.js
ERR: 非法操作:main.js

[ 2018-04-17T09:27:24+08:00 ] ::1 /xiaomi/index.php/Home/main.js
ERR: 无法加载控制器:main.js

[ 2018-04-17T09:27:24+08:00 ] ::1 /xiaomi/index.php/Home/%7B%7D
ERR: 无法加载控制器:{}

[ 2018-04-17T09:28:26+08:00 ] ::1 /xiaomi/index.php/Home/%7B%7D
ERR: 无法加载控制器:{}

[ 2018-04-17T09:28:26+08:00 ] ::1 /xiaomi/index.php/Home/main.js
ERR: 无法加载控制器:main.js

[ 2018-04-17T09:28:47+08:00 ] ::1 /xiaomi/index.php/Home/%7B%7D
ERR: 无法加载控制器:{}

[ 2018-04-17T09:28:48+08:00 ] ::1 /xiaomi/index.php/Home/main.js
ERR: 无法加载控制器:main.js

[ 2018-04-17T09:29:39+08:00 ] ::1 /xiaomi/index.php/Home/%7B%7D
ERR: 无法加载控制器:{}

[ 2018-04-17T09:29:39+08:00 ] ::1 /xiaomi/index.php/Home/main.js
ERR: 无法加载控制器:main.js

[ 2018-04-17T09:29:50+08:00 ] ::1 /xiaomi/index.php/Home/%7B%7D
ERR: 无法加载控制器:{}

[ 2018-04-17T09:29:51+08:00 ] ::1 /xiaomi/index.php/Home/main.js
ERR: 无法加载控制器:main.js

[ 2018-04-17T09:30:14+08:00 ] ::1 /xiaomi/index.php/Home/%7B%7D
ERR: 无法加载控制器:{}

[ 2018-04-17T09:30:14+08:00 ] ::1 /xiaomi/index.php/Home/main.js
ERR: 无法加载控制器:main.js

[ 2018-04-17T09:30:31+08:00 ] ::1 /xiaomi/index.php/Home/%7B%7D
ERR: 无法加载控制器:{}

[ 2018-04-17T09:30:31+08:00 ] ::1 /xiaomi/index.php/Home/main.js
ERR: 无法加载控制器:main.js

[ 2018-04-17T09:30:46+08:00 ] ::1 /xiaomi/index.php/Home/%7B%7D
ERR: 无法加载控制器:{}

[ 2018-04-17T09:30:46+08:00 ] ::1 /xiaomi/index.php/Home/main.js
ERR: 无法加载控制器:main.js

[ 2018-04-17T09:31:02+08:00 ] ::1 /xiaomi/index.php/Home/%7B%7D
ERR: 无法加载控制器:{}

[ 2018-04-17T09:31:02+08:00 ] ::1 /xiaomi/index.php/Home/main.js
ERR: 无法加载控制器:main.js

[ 2018-04-17T09:36:28+08:00 ] ::1 /xiaomi/index.php/Home/main.js
ERR: 无法加载控制器:main.js

[ 2018-04-17T09:36:28+08:00 ] ::1 /xiaomi/index.php/Home/%7B%7D
ERR: 无法加载控制器:{}

[ 2018-04-17T09:37:10+08:00 ] ::1 /xiaomi/index.php/Home/%7B%7D
ERR: 无法加载控制器:{}

[ 2018-04-17T09:37:10+08:00 ] ::1 /xiaomi/index.php/Home/main.js
ERR: 无法加载控制器:main.js

[ 2018-04-17T09:37:52+08:00 ] ::1 /xiaomi/index.php/Home/%7B%7D
ERR: 无法加载控制器:{}

[ 2018-04-17T09:37:52+08:00 ] ::1 /xiaomi/index.php/Home/main.js
ERR: 无法加载控制器:main.js

[ 2018-04-17T09:38:15+08:00 ] ::1 /xiaomi/index.php/Home/%7B%7D
ERR: 无法加载控制器:{}

[ 2018-04-17T09:38:15+08:00 ] ::1 /xiaomi/index.php/Home/main.js
ERR: 无法加载控制器:main.js

[ 2018-04-17T09:39:04+08:00 ] ::1 /xiaomi/index.php/Home/%7B%7D
ERR: 无法加载控制器:{}

[ 2018-04-17T09:39:09+08:00 ] ::1 /xiaomi/index.php/Home/main.js
ERR: 无法加载控制器:main.js

[ 2018-04-17T09:39:56+08:00 ] ::1 /xiaomi/index.php/Home/%7B%7D
ERR: 无法加载控制器:{}

[ 2018-04-17T09:39:56+08:00 ] ::1 /xiaomi/index.php/Home/main.js
ERR: 无法加载控制器:main.js

[ 2018-04-17T09:41:03+08:00 ] ::1 /xiaomi/index.php/Home/%7B%7D
ERR: 无法加载控制器:{}

[ 2018-04-17T09:41:03+08:00 ] ::1 /xiaomi/index.php/Home/main.js
ERR: 无法加载控制器:main.js

[ 2018-04-17T09:41:20+08:00 ] ::1 /xiaomi/index.php/Home/%7B%7D
ERR: 无法加载控制器:{}

[ 2018-04-17T09:41:20+08:00 ] ::1 /xiaomi/index.php/Home/main.js
ERR: 无法加载控制器:main.js

[ 2018-04-17T09:41:43+08:00 ] ::1 /xiaomi/index.php/Home/main.js
ERR: 无法加载控制器:main.js

[ 2018-04-17T09:41:43+08:00 ] ::1 /xiaomi/index.php/Home/%7B%7D
ERR: 无法加载控制器:{}

[ 2018-04-17T09:46:55+08:00 ] ::1 /xiaomi/index.php/Home/%7B%7D
ERR: 无法加载控制器:{}

[ 2018-04-17T09:46:55+08:00 ] ::1 /xiaomi/index.php/Home/main.js
ERR: 无法加载控制器:main.js

[ 2018-04-17T13:49:28+08:00 ] ::1 /xiaomi/index.php/Home/Index/main.js
ERR: 非法操作:main.js

[ 2018-04-17T13:49:31+08:00 ] ::1 /xiaomi/index.php/Home/Index/icomoon/style.css
ERR: 非法操作:icomoon

[ 2018-04-17T13:50:56+08:00 ] ::1 /xiaomi/index.php/Home/Index/icomoon/style.css
ERR: 非法操作:icomoon

[ 2018-04-17T13:51:03+08:00 ] ::1 /xiaomi/index.php/Home/Index/main.js
ERR: 非法操作:main.js

[ 2018-04-17T13:51:07+08:00 ] ::1 /xiaomi/index.php/Home/Car/icomoon/style.css
ERR: 非法操作:icomoon

[ 2018-04-17T13:51:31+08:00 ] ::1 /xiaomi/index.php/Home/List/date/db.json
INFO: [ app_begin ] --START--
INFO: Run Behavior\ReadHtmlCache [ RunTime:0.000405s ]
INFO: [ app_begin ] --END-- [ RunTime:0.002358s ]
INFO: [ action_begin ] --START--
INFO: [ action_begin ] --END-- [ RunTime:0.000296s ]
ERR: 非法操作:date

[ 2018-04-17T13:56:05+08:00 ] ::1 /xiaomi/index.php/Home/List/date/db.json
INFO: [ app_begin ] --START--
INFO: Run Behavior\ReadHtmlCache [ RunTime:0.000385s ]
INFO: [ app_begin ] --END-- [ RunTime:0.002284s ]
INFO: [ action_begin ] --START--
INFO: [ action_begin ] --END-- [ RunTime:0.000203s ]
ERR: 非法操作:date

[ 2018-04-17T13:57:29+08:00 ] ::1 /xiaomi/index.php/Home/List/date/db.json
INFO: [ app_begin ] --START--
INFO: Run Behavior\ReadHtmlCache [ RunTime:0.000782s ]
INFO: [ app_begin ] --END-- [ RunTime:0.002311s ]
INFO: [ action_begin ] --START--
INFO: [ action_begin ] --END-- [ RunTime:0.000205s ]
ERR: 非法操作:date

[ 2018-04-17T13:57:31+08:00 ] ::1 /xiaomi/index.php/Home/List/date/db.json
INFO: [ app_begin ] --START--
INFO: Run Behavior\ReadHtmlCache [ RunTime:0.000427s ]
INFO: [ app_begin ] --END-- [ RunTime:0.002391s ]
INFO: [ action_begin ] --START--
INFO: [ action_begin ] --END-- [ RunTime:0.000246s ]
ERR: 非法操作:date

[ 2018-04-17T13:59:01+08:00 ] ::1 /xiaomi/index.php/Home/List/date/db.json
INFO: [ app_begin ] --START--
INFO: Run Behavior\ReadHtmlCache [ RunTime:0.000286s ]
INFO: [ app_begin ] --END-- [ RunTime:0.001641s ]
INFO: [ action_begin ] --START--
INFO: [ action_begin ] --END-- [ RunTime:0.000171s ]
ERR: 非法操作:date

[ 2018-04-17T14:00:33+08:00 ] ::1 /xiaomi/index.php/Home/List/%7B%7Br.title%7D%7D
ERR: 非法操作:{{r.title}}

[ 2018-04-17T14:00:34+08:00 ] ::1 /xiaomi/index.php/Home/List/date/db.json
INFO: [ app_begin ] --START--
INFO: Run Behavior\ReadHtmlCache [ RunTime:0.000279s ]
INFO: [ app_begin ] --END-- [ RunTime:0.001702s ]
INFO: [ action_begin ] --START--
INFO: [ action_begin ] --END-- [ RunTime:0.000200s ]
ERR: 非法操作:date

[ 2018-04-17T14:01:53+08:00 ] ::1 /xiaomi/index.php/Home/List/date/db.json
INFO: [ app_begin ] --START--
INFO: Run Behavior\ReadHtmlCache [ RunTime:0.000303s ]
INFO: [ app_begin ] --END-- [ RunTime:0.001677s ]
INFO: [ action_begin ] --START--
INFO: [ action_begin ] --END-- [ RunTime:0.000210s ]
ERR: 非法操作:date

[ 2018-04-17T14:02:42+08:00 ] ::1 /xiaomi/index.php/Home/List/date/db.json
INFO: [ app_begin ] --START--
INFO: Run Behavior\ReadHtmlCache [ RunTime:0.000300s ]
INFO: [ app_begin ] --END-- [ RunTime:0.001966s ]
INFO: [ action_begin ] --START--
INFO: [ action_begin ] --END-- [ RunTime:0.000179s ]
ERR: 非法操作:date

[ 2018-04-17T14:02:44+08:00 ] ::1 /xiaomi/index.php/Home/List/date/db.json
INFO: [ app_begin ] --START--
INFO: Run Behavior\ReadHtmlCache [ RunTime:0.000308s ]
INFO: [ app_begin ] --END-- [ RunTime:0.001767s ]
INFO: [ action_begin ] --START--
INFO: [ action_begin ] --END-- [ RunTime:0.000162s ]
ERR: 非法操作:date

[ 2018-04-17T14:03:20+08:00 ] ::1 /xiaomi/index.php/Home/List/date/db.json
INFO: [ app_begin ] --START--
INFO: Run Behavior\ReadHtmlCache [ RunTime:0.000295s ]
INFO: [ app_begin ] --END-- [ RunTime:0.002263s ]
INFO: [ action_begin ] --START--
INFO: [ action_begin ] --END-- [ RunTime:0.000164s ]
ERR: 非法操作:date

[ 2018-04-17T14:04:12+08:00 ] ::1 /xiaomi/index.php/Home/List/date/db.json
INFO: [ app_begin ] --START--
INFO: Run Behavior\ReadHtmlCache [ RunTime:0.000280s ]
INFO: [ app_begin ] --END-- [ RunTime:0.002038s ]
INFO: [ action_begin ] --START--
INFO: [ action_begin ] --END-- [ RunTime:0.000196s ]
ERR: 非法操作:date

[ 2018-04-17T14:04:15+08:00 ] ::1 /xiaomi/index.php/Home/List/date/db.json
INFO: [ app_begin ] --START--
INFO: Run Behavior\ReadHtmlCache [ RunTime:0.000448s ]
INFO: [ app_begin ] --END-- [ RunTime:0.003710s ]
INFO: [ action_begin ] --START--
INFO: [ action_begin ] --END-- [ RunTime:0.000171s ]
ERR: 非法操作:date

[ 2018-04-17T14:05:06+08:00 ] ::1 /xiaomi/index.php/Home/List/date/db.json
INFO: [ app_begin ] --START--
INFO: Run Behavior\ReadHtmlCache [ RunTime:0.000273s ]
INFO: [ app_begin ] --END-- [ RunTime:0.001600s ]
INFO: [ action_begin ] --START--
INFO: [ action_begin ] --END-- [ RunTime:0.000162s ]
ERR: 非法操作:date

[ 2018-04-17T14:05:06+08:00 ] ::1 /xiaomi/index.php/Home/List/db.json
INFO: [ app_begin ] --START--
INFO: Run Behavior\ReadHtmlCache [ RunTime:0.000283s ]
INFO: [ app_begin ] --END-- [ RunTime:0.001804s ]
INFO: [ action_begin ] --START--
INFO: [ action_begin ] --END-- [ RunTime:0.000170s ]
ERR: 非法操作:db.json

[ 2018-04-17T14:05:27+08:00 ] ::1 /xiaomi/index.php/Home/List/date/db.json
INFO: [ app_begin ] --START--
INFO: Run Behavior\ReadHtmlCache [ RunTime:0.000278s ]
INFO: [ app_begin ] --END-- [ RunTime:0.001656s ]
INFO: [ action_begin ] --START--
INFO: [ action_begin ] --END-- [ RunTime:0.000144s ]
ERR: 非法操作:date

[ 2018-04-17T14:05:27+08:00 ] ::1 /xiaomi/index.php/Home/List/db.json
INFO: [ app_begin ] --START--
INFO: Run Behavior\ReadHtmlCache [ RunTime:0.000283s ]
INFO: [ app_begin ] --END-- [ RunTime:0.001571s ]
INFO: [ action_begin ] --START--
INFO: [ action_begin ] --END-- [ RunTime:0.000313s ]
ERR: 非法操作:db.json

[ 2018-04-17T14:06:41+08:00 ] ::1 /xiaomi/index.php/Home/List/date/db.json
INFO: [ app_begin ] --START--
INFO: Run Behavior\ReadHtmlCache [ RunTime:0.000284s ]
INFO: [ app_begin ] --END-- [ RunTime:0.001675s ]
INFO: [ action_begin ] --START--
INFO: [ action_begin ] --END-- [ RunTime:0.000172s ]
ERR: 非法操作:date

[ 2018-04-17T14:06:41+08:00 ] ::1 /xiaomi/index.php/Home/List/db.json
INFO: [ app_begin ] --START--
INFO: Run Behavior\ReadHtmlCache [ RunTime:0.000267s ]
INFO: [ app_begin ] --END-- [ RunTime:0.001650s ]
INFO: [ action_begin ] --START--
INFO: [ action_begin ] --END-- [ RunTime:0.000276s ]
ERR: 非法操作:db.json

[ 2018-04-17T14:07:49+08:00 ] ::1 /xiaomi/index.php/Home/List/date/db.json
INFO: [ app_begin ] --START--
INFO: Run Behavior\ReadHtmlCache [ RunTime:0.000568s ]
INFO: [ app_begin ] --END-- [ RunTime:0.002223s ]
INFO: [ action_begin ] --START--
INFO: [ action_begin ] --END-- [ RunTime:0.000233s ]
ERR: 非法操作:date

[ 2018-04-17T14:07:49+08:00 ] ::1 /xiaomi/index.php/Home/List/db.json
INFO: [ app_begin ] --START--
INFO: Run Behavior\ReadHtmlCache [ RunTime:0.000344s ]
INFO: [ app_begin ] --END-- [ RunTime:0.001998s ]
INFO: [ action_begin ] --START--
INFO: [ action_begin ] --END-- [ RunTime:0.000182s ]
ERR: 非法操作:db.json

[ 2018-04-17T14:09:42+08:00 ] ::1 /xiaomi/index.php/Home/List/db.json
INFO: [ app_begin ] --START--
INFO: Run Behavior\ReadHtmlCache [ RunTime:0.000304s ]
INFO: [ app_begin ] --END-- [ RunTime:0.001838s ]
INFO: [ action_begin ] --START--
INFO: [ action_begin ] --END-- [ RunTime:0.000227s ]
ERR: 非法操作:db.json

[ 2018-04-17T14:09:42+08:00 ] ::1 /xiaomi/index.php/Home/List/date/db.json
INFO: [ app_begin ] --START--
INFO: Run Behavior\ReadHtmlCache [ RunTime:0.000274s ]
INFO: [ app_begin ] --END-- [ RunTime:0.001785s ]
INFO: [ action_begin ] --START--
INFO: [ action_begin ] --END-- [ RunTime:0.000178s ]
ERR: 非法操作:date

[ 2018-04-17T14:11:11+08:00 ] ::1 /xiaomi/index.php/Home/List/date/db.json
INFO: [ app_begin ] --START--
INFO: Run Behavior\ReadHtmlCache [ RunTime:0.000296s ]
INFO: [ app_begin ] --END-- [ RunTime:0.002048s ]
INFO: [ action_begin ] --START--
INFO: [ action_begin ] --END-- [ RunTime:0.000199s ]
ERR: 非法操作:date

[ 2018-04-17T14:11:11+08:00 ] ::1 /xiaomi/index.php/Home/List/db.json
INFO: [ app_begin ] --START--
INFO: Run Behavior\ReadHtmlCache [ RunTime:0.000432s ]
INFO: [ app_begin ] --END-- [ RunTime:0.002069s ]
INFO: [ action_begin ] --START--
INFO: [ action_begin ] --END-- [ RunTime:0.000196s ]
ERR: 非法操作:db.json

[ 2018-04-17T14:16:52+08:00 ] ::1 /xiaomi/index.php/Home/List/date/db.json
INFO: [ app_begin ] --START--
INFO: Run Behavior\ReadHtmlCache [ RunTime:0.000285s ]
INFO: [ app_begin ] --END-- [ RunTime:0.001599s ]
INFO: [ action_begin ] --START--
INFO: [ action_begin ] --END-- [ RunTime:0.000144s ]
ERR: 非法操作:date

[ 2018-04-17T14:16:54+08:00 ] ::1 /xiaomi/index.php/Home/List/db.json
INFO: [ app_begin ] --START--
INFO: Run Behavior\ReadHtmlCache [ RunTime:0.000475s ]
INFO: [ app_begin ] --END-- [ RunTime:0.004253s ]
INFO: [ action_begin ] --START--
INFO: [ action_begin ] --END-- [ RunTime:0.000261s ]
ERR: 非法操作:db.json

[ 2018-04-17T14:16:55+08:00 ] ::1 /xiaomi/index.php/Home/List/db.json
INFO: [ app_begin ] --START--
INFO: Run Behavior\ReadHtmlCache [ RunTime:0.000489s ]
INFO: [ app_begin ] --END-- [ RunTime:0.002900s ]
INFO: [ action_begin ] --START--
INFO: [ action_begin ] --END-- [ RunTime:0.000256s ]
ERR: 非法操作:db.json

[ 2018-04-17T14:16:55+08:00 ] ::1 /xiaomi/index.php/Home/List/db.json
INFO: [ app_begin ] --START--
INFO: Run Behavior\ReadHtmlCache [ RunTime:0.000391s ]
INFO: [ app_begin ] --END-- [ RunTime:0.002370s ]
INFO: [ action_begin ] --START--
INFO: [ action_begin ] --END-- [ RunTime:0.000368s ]
ERR: 非法操作:db.json

[ 2018-04-17T14:16:56+08:00 ] ::1 /xiaomi/index.php/Home/List/db.json
INFO: [ app_begin ] --START--
INFO: Run Behavior\ReadHtmlCache [ RunTime:0.000512s ]
INFO: [ app_begin ] --END-- [ RunTime:0.002836s ]
INFO: [ action_begin ] --START--
INFO: [ action_begin ] --END-- [ RunTime:0.000262s ]
ERR: 非法操作:db.json

[ 2018-04-17T14:16:59+08:00 ] ::1 /xiaomi/index.php/Home/List/db.json
INFO: [ app_begin ] --START--
INFO: Run Behavior\ReadHtmlCache [ RunTime:0.000458s ]
INFO: [ app_begin ] --END-- [ RunTime:0.002960s ]
INFO: [ action_begin ] --START--
INFO: [ action_begin ] --END-- [ RunTime:0.000544s ]
ERR: 非法操作:db.json

[ 2018-04-17T14:16:59+08:00 ] ::1 /xiaomi/index.php/Home/List/db.json
INFO: [ app_begin ] --START--
INFO: Run Behavior\ReadHtmlCache [ RunTime:0.000396s ]
INFO: [ app_begin ] --END-- [ RunTime:0.002516s ]
INFO: [ action_begin ] --START--
INFO: [ action_begin ] --END-- [ RunTime:0.000238s ]
ERR: 非法操作:db.json

[ 2018-04-17T14:17:39+08:00 ] ::1 /xiaomi/index.php/Home/List/date/db.json
INFO: [ app_begin ] --START--
INFO: Run Behavior\ReadHtmlCache [ RunTime:0.000295s ]
INFO: [ app_begin ] --END-- [ RunTime:0.002142s ]
INFO: [ action_begin ] --START--
INFO: [ action_begin ] --END-- [ RunTime:0.000183s ]
ERR: 非法操作:date

[ 2018-04-17T14:17:40+08:00 ] ::1 /xiaomi/index.php/Home/List/db.json
INFO: [ app_begin ] --START--
INFO: Run Behavior\ReadHtmlCache [ RunTime:0.000471s ]
INFO: [ app_begin ] --END-- [ RunTime:0.002736s ]
INFO: [ action_begin ] --START--
INFO: [ action_begin ] --END-- [ RunTime:0.000231s ]
ERR: 非法操作:db.json

[ 2018-04-17T14:17:40+08:00 ] ::1 /xiaomi/index.php/Home/List/db.json
INFO: [ app_begin ] --START--
INFO: Run Behavior\ReadHtmlCache [ RunTime:0.000933s ]
INFO: [ app_begin ] --END-- [ RunTime:0.003599s ]
INFO: [ action_begin ] --START--
INFO: [ action_begin ] --END-- [ RunTime:0.000253s ]
ERR: 非法操作:db.json

[ 2018-04-17T14:18:24+08:00 ] ::1 /xiaomi/index.php/Home/List/date/db.json
INFO: [ app_begin ] --START--
INFO: Run Behavior\ReadHtmlCache [ RunTime:0.000401s ]
INFO: [ app_begin ] --END-- [ RunTime:0.002224s ]
INFO: [ action_begin ] --START--
INFO: [ action_begin ] --END-- [ RunTime:0.000162s ]
ERR: 非法操作:date

[ 2018-04-17T14:18:25+08:00 ] ::1 /xiaomi/index.php/Home/List/db.json
INFO: [ app_begin ] --START--
INFO: Run Behavior\ReadHtmlCache [ RunTime:0.000857s ]
INFO: [ app_begin ] --END-- [ RunTime:0.003014s ]
INFO: [ action_begin ] --START--
INFO: [ action_begin ] --END-- [ RunTime:0.000258s ]
ERR: 非法操作:db.json

[ 2018-04-17T14:18:27+08:00 ] ::1 /xiaomi/index.php/Home/List/db.json
INFO: [ app_begin ] --START--
INFO: Run Behavior\ReadHtmlCache [ RunTime:0.000681s ]
INFO: [ app_begin ] --END-- [ RunTime:0.003865s ]
INFO: [ action_begin ] --START--
INFO: [ action_begin ] --END-- [ RunTime:0.000273s ]
ERR: 非法操作:db.json

[ 2018-04-17T14:18:29+08:00 ] ::1 /xiaomi/index.php/Home/List/db.json
INFO: [ app_begin ] --START--
INFO: Run Behavior\ReadHtmlCache [ RunTime:0.000668s ]
INFO: [ app_begin ] --END-- [ RunTime:0.002873s ]
INFO: [ action_begin ] --START--
INFO: [ action_begin ] --END-- [ RunTime:0.000245s ]
ERR: 非法操作:db.json

[ 2018-04-17T14:18:29+08:00 ] ::1 /xiaomi/index.php/Home/List/db.json
INFO: [ app_begin ] --START--
INFO: Run Behavior\ReadHtmlCache [ RunTime:0.000436s ]
INFO: [ app_begin ] --END-- [ RunTime:0.007387s ]
INFO: [ action_begin ] --START--
INFO: [ action_begin ] --END-- [ RunTime:0.000647s ]
ERR: 非法操作:db.json

[ 2018-04-17T14:18:29+08:00 ] ::1 /xiaomi/index.php/Home/List/db.json
INFO: [ app_begin ] --START--
INFO: Run Behavior\ReadHtmlCache [ RunTime:0.000427s ]
INFO: [ app_begin ] --END-- [ RunTime:0.002664s ]
INFO: [ action_begin ] --START--
INFO: [ action_begin ] --END-- [ RunTime:0.000272s ]
ERR: 非法操作:db.json

[ 2018-04-17T17:31:15+08:00 ] ::1 /xiaomi/index.php/Home/Index/icomoon/style.css
ERR: 非法操作:icomoon

[ 2018-04-17T17:31:48+08:00 ] ::1 /xiaomi/index.php/Home/date/db.json
INFO: [ app_begin ] --START--
INFO: Run Behavior\ReadHtmlCache [ RunTime:0.000554s ]
INFO: [ app_begin ] --END-- [ RunTime:0.002673s ]
ERR: 无法加载控制器:date

[ 2018-04-17T17:34:25+08:00 ] ::1 /xiaomi/index.php/Home/Index/icomoon/style.css
ERR: 非法操作:icomoon

[ 2018-04-17T17:41:26+08:00 ] ::1 /xiaomi/index.php/Home/date/db.json
INFO: [ app_begin ] --START--
INFO: Run Behavior\ReadHtmlCache [ RunTime:0.000257s ]
INFO: [ app_begin ] --END-- [ RunTime:0.001494s ]
ERR: 无法加载控制器:date

[ 2018-04-17T17:41:42+08:00 ] ::1 /xiaomi/index.php/Home/date/db.json
INFO: [ app_begin ] --START--
INFO: Run Behavior\ReadHtmlCache [ RunTime:0.000271s ]
INFO: [ app_begin ] --END-- [ RunTime:0.001692s ]
ERR: 无法加载控制器:date

[ 2018-04-17T17:41:48+08:00 ] ::1 /xiaomi/index.php/Home/date/db.json
INFO: [ app_begin ] --START--
INFO: Run Behavior\ReadHtmlCache [ RunTime:0.000388s ]
INFO: [ app_begin ] --END-- [ RunTime:0.002063s ]
ERR: 无法加载控制器:date

[ 2018-04-17T17:42:02+08:00 ] ::1 /xiaomi/index.php/Home/date/db.json
INFO: [ app_begin ] --START--
INFO: Run Behavior\ReadHtmlCache [ RunTime:0.000294s ]
INFO: [ app_begin ] --END-- [ RunTime:0.002022s ]
ERR: 无法加载控制器:date

[ 2018-04-17T17:42:06+08:00 ] ::1 /xiaomi/index.php/Home/date/db.json
INFO: [ app_begin ] --START--
INFO: Run Behavior\ReadHtmlCache [ RunTime:0.000295s ]
INFO: [ app_begin ] --END-- [ RunTime:0.001866s ]
ERR: 无法加载控制器:date

[ 2018-04-17T17:42:48+08:00 ] ::1 /xiaomi/index.php/Home/date/db.json
INFO: [ app_begin ] --START--
INFO: Run Behavior\ReadHtmlCache [ RunTime:0.000319s ]
INFO: [ app_begin ] --END-- [ RunTime:0.001978s ]
ERR: 无法加载控制器:date

[ 2018-04-17T17:44:08+08:00 ] ::1 /xiaomi/index.php/Home/date/db.json
INFO: [ app_begin ] --START--
INFO: Run Behavior\ReadHtmlCache [ RunTime:0.000294s ]
INFO: [ app_begin ] --END-- [ RunTime:0.001698s ]
ERR: 无法加载控制器:date

[ 2018-04-17T17:44:51+08:00 ] ::1 /xiaomi/index.php/Home/date/db.json
INFO: [ app_begin ] --START--
INFO: Run Behavior\ReadHtmlCache [ RunTime:0.000282s ]
INFO: [ app_begin ] --END-- [ RunTime:0.001634s ]
ERR: 无法加载控制器:date

[ 2018-04-17T17:45:02+08:00 ] ::1 /xiaomi/index.php/Home/date/db.json
INFO: [ app_begin ] --START--
INFO: Run Behavior\ReadHtmlCache [ RunTime:0.000288s ]
INFO: [ app_begin ] --END-- [ RunTime:0.043457s ]
ERR: 无法加载控制器:date

[ 2018-04-17T17:45:16+08:00 ] ::1 /xiaomi/index.php/Home/date/db.json
INFO: [ app_begin ] --START--
INFO: Run Behavior\ReadHtmlCache [ RunTime:0.000287s ]
INFO: [ app_begin ] --END-- [ RunTime:0.001567s ]
ERR: 无法加载控制器:date

[ 2018-04-17T17:45:28+08:00 ] ::1 /xiaomi/index.php/Home/date/db.json
INFO: [ app_begin ] --START--
INFO: Run Behavior\ReadHtmlCache [ RunTime:0.000320s ]
INFO: [ app_begin ] --END-- [ RunTime:0.001687s ]
ERR: 无法加载控制器:date

[ 2018-04-17T17:47:07+08:00 ] ::1 /xiaomi/index.php/Home/date/db.json
INFO: [ app_begin ] --START--
INFO: Run Behavior\ReadHtmlCache [ RunTime:0.000317s ]
INFO: [ app_begin ] --END-- [ RunTime:0.001883s ]
ERR: 无法加载控制器:date

[ 2018-04-17T17:47:19+08:00 ] ::1 /xiaomi/index.php/Home/date/db.json
INFO: [ app_begin ] --START--
INFO: Run Behavior\ReadHtmlCache [ RunTime:0.000337s ]
INFO: [ app_begin ] --END-- [ RunTime:0.002065s ]
ERR: 无法加载控制器:date

[ 2018-04-17T17:47:30+08:00 ] ::1 /xiaomi/index.php/Home/date/db.json
INFO: [ app_begin ] --START--
INFO: Run Behavior\ReadHtmlCache [ RunTime:0.000311s ]
INFO: [ app_begin ] --END-- [ RunTime:0.001836s ]
ERR: 无法加载控制器:date

[ 2018-04-17T18:08:33+08:00 ] ::1 /xiaomi/index.php/Home/Login/login
ERR: 无法加载控制器:Login

[ 2018-04-17T18:08:47+08:00 ] ::1 /xiaomi/index.php/Home/Login/
ERR: 无法加载控制器:Login

[ 2018-04-17T18:09:37+08:00 ] ::1 /xiaomi/index.php/Home/Login/login
ERR: 无法加载控制器:Login

[ 2018-04-17T18:10:29+08:00 ] ::1 /xiaomi/index.php/Home/Login/login
ERR: 无法加载控制器:Login

[ 2018-04-17T18:10:31+08:00 ] ::1 /xiaomi/index.php/Home/Login/login
ERR: 无法加载控制器:Login

[ 2018-04-17T19:46:47+08:00 ] ::1 /xiaomi/index.php/Home/Login%E3%80%81login
ERR: 无法加载控制器:Login、login

[ 2018-04-17T19:51:59+08:00 ] ::1 /xiaomi/index.php/Home/Index/register
ERR: 非法操作:register

[ 2018-04-17T19:52:35+08:00 ] ::1 /xiaomi/index.php/Home/Index/register
ERR: 非法操作:register

[ 2018-04-17T19:52:37+08:00 ] ::1 /xiaomi/index.php/Home/Index/register
ERR: 非法操作:register

[ 2018-04-17T19:52:43+08:00 ] ::1 /xiaomi/index.php/Home/Index/register
ERR: 非法操作:register

[ 2018-04-17T19:53:12+08:00 ] ::1 /xiaomi/index.php/Home/Index/register
ERR: 非法操作:register

[ 2018-04-17T19:53:24+08:00 ] ::1 /xiaomi/index.php/Home/Index/register
ERR: 非法操作:register

[ 2018-04-17T19:53:44+08:00 ] ::1 /xiaomi/index.php/Home/Index/register
ERR: 非法操作:register

[ 2018-04-17T19:53:47+08:00 ] ::1 /xiaomi/index.php/Home/Index/register
ERR: 非法操作:register

[ 2018-04-17T20:04:12+08:00 ] ::1 /xiaomi/index.php/Home/Index/main.js
ERR: 非法操作:main.js

[ 2018-04-17T20:08:18+08:00 ] ::1 /xiaomi/index.php/Home/Index/main.js
ERR: 非法操作:main.js

[ 2018-04-17T20:08:55+08:00 ] ::1 /xiaomi/index.php/Home/Index/main.js
ERR: 非法操作:main.js

[ 2018-04-17T20:11:00+08:00 ] ::1 /xiaomi/index.php/Home/Index/main.js
ERR: 非法操作:main.js

[ 2018-04-17T20:11:58+08:00 ] ::1 /xiaomi/index.php/Home/Index/main.js
ERR: 非法操作:main.js

[ 2018-04-17T20:13:44+08:00 ] ::1 /xiaomi/index.php/Home/Index/main.js
ERR: 非法操作:main.js

[ 2018-04-17T20:14:09+08:00 ] ::1 /xiaomi/index.php/Home/Index/main.js
ERR: 非法操作:main.js

[ 2018-04-17T20:14:15+08:00 ] ::1 /xiaomi/index.php/Home/Index/main.js
ERR: 非法操作:main.js

[ 2018-04-17T20:14:34+08:00 ] ::1 /xiaomi/index.php/Home/Index/main.js
ERR: 非法操作:main.js

[ 2018-04-17T20:15:10+08:00 ] ::1 /xiaomi/index.php/Home/Index/main.js
ERR: 非法操作:main.js

[ 2018-04-17T20:15:12+08:00 ] ::1 /xiaomi/index.php/Home/Index/main.js
ERR: 非法操作:main.js

[ 2018-04-17T20:15:18+08:00 ] ::1 /xiaomi/index.php/Home/Index/main.js
ERR: 非法操作:main.js

[ 2018-04-17T20:15:21+08:00 ] ::1 /xiaomi/index.php/Home/Index/main.js
ERR: 非法操作:main.js

[ 2018-04-17T20:15:24+08:00 ] ::1 /xiaomi/index.php/Home/Index/main.js
ERR: 非法操作:main.js

[ 2018-04-17T20:15:57+08:00 ] ::1 /xiaomi/index.php/Home/Index/main.js
ERR: 非法操作:main.js

[ 2018-04-17T20:16:11+08:00 ] ::1 /xiaomi/index.php/Home/Index/main.js
ERR: 非法操作:main.js

[ 2018-04-17T20:16:13+08:00 ] ::1 /xiaomi/index.php/Home/Index/main.js
ERR: 非法操作:main.js

[ 2018-04-17T20:16:27+08:00 ] ::1 /xiaomi/index.php/Home/Index/main.js
ERR: 非法操作:main.js

[ 2018-04-17T20:19:57+08:00 ] ::1 /xiaomi/index.php/Home/Index/main.js
ERR: 非法操作:main.js

[ 2018-04-17T20:20:31+08:00 ] ::1 /xiaomi/index.php/Home/Index/main.js
ERR: 非法操作:main.js

[ 2018-04-17T20:21:43+08:00 ] ::1 /xiaomi/index.php/Home/Index/main.js
ERR: 非法操作:main.js

[ 2018-04-17T20:23:16+08:00 ] ::1 /xiaomi/index.php/Home/Index/main.js
ERR: 非法操作:main.js

[ 2018-04-17T20:23:18+08:00 ] ::1 /xiaomi/index.php/Home/Index/main.js
ERR: 非法操作:main.js

[ 2018-04-17T20:23:43+08:00 ] ::1 /xiaomi/index.php/Home/Index/main.js
ERR: 非法操作:main.js

[ 2018-04-17T20:23:59+08:00 ] ::1 /xiaomi/index.php/Home/Index/main.js
ERR: 非法操作:main.js

[ 2018-04-17T20:24:42+08:00 ] ::1 /xiaomi/index.php/Home/Index/main.js
ERR: 非法操作:main.js

[ 2018-04-17T20:24:45+08:00 ] ::1 /xiaomi/index.php/Home/Index/main.js
ERR: 非法操作:main.js

[ 2018-04-17T20:25:30+08:00 ] ::1 /xiaomi/index.php/Home/Index/main.js
ERR: 非法操作:main.js

[ 2018-04-17T20:25:34+08:00 ] ::1 /xiaomi/index.php/Home/Index/main.js
ERR: 非法操作:main.js

[ 2018-04-17T20:53:44+08:00 ] ::1 /xiaomi/index.php/Home/main.js
ERR: 无法加载控制器:main.js

[ 2018-04-17T20:53:59+08:00 ] ::1 /xiaomi/index.php/Home/Index/main.js
ERR: 非法操作:main.js

[ 2018-04-17T21:00:11+08:00 ] ::1 /xiaomi/index.php/Home/Car/icomoon/style.css
ERR: 非法操作:icomoon

[ 2018-04-17T21:02:34+08:00 ] ::1 /xiaomi/index.php/Home/Car/icomoon/style.css
ERR: 非法操作:icomoon

[ 2018-04-17T21:03:43+08:00 ] ::1 /xiaomi/index.php/Home/Car/icomoon/style.css
ERR: 非法操作:icomoon

[ 2018-04-17T21:09:09+08:00 ] ::1 /xiaomi/index.php/Home/Index/date/citys.js
ERR: 非法操作:date

[ 2018-04-17T21:09:10+08:00 ] ::1 /xiaomi/index.php/Home/Index/video/index-header-bg.mp4
ERR: 非法操作:video

[ 2018-04-17T21:09:10+08:00 ] ::1 /xiaomi/index.php/Home/Index/date/db.json
INFO: [ app_begin ] --START--
INFO: Run Behavior\ReadHtmlCache [ RunTime:0.000267s ]
INFO: [ app_begin ] --END-- [ RunTime:0.001678s ]
NOTIC: [2048] Declaration of Home\Controller\IndexController::show() should be compatible with that of Think\Controller::show() E:\PHP\wamp\www\xiaomi\Application\Home\Controller\IndexController.class.php 第 20 行.
INFO: [ action_begin ] --START--
INFO: [ action_begin ] --END-- [ RunTime:0.000142s ]
ERR: 非法操作:date

[ 2018-04-17T21:09:10+08:00 ] ::1 /xiaomi/index.php/Home/Index/video/index-header-bg.webm
ERR: 非法操作:video

[ 2018-04-17T21:11:32+08:00 ] ::1 /xiaomi/index.php/Home/Index/date/citys.js
ERR: 非法操作:date

[ 2018-04-17T21:11:33+08:00 ] ::1 /xiaomi/index.php/Home/Index/video/index-header-bg.mp4
ERR: 非法操作:video

[ 2018-04-17T21:11:33+08:00 ] ::1 /xiaomi/index.php/Home/Index/date/db.json
INFO: [ app_begin ] --START--
INFO: Run Behavior\ReadHtmlCache [ RunTime:0.000287s ]
INFO: [ app_begin ] --END-- [ RunTime:0.002502s ]
NOTIC: [2048] Declaration of Home\Controller\IndexController::show() should be compatible with that of Think\Controller::show() E:\PHP\wamp\www\xiaomi\Application\Home\Controller\IndexController.class.php 第 20 行.
INFO: [ action_begin ] --START--
INFO: [ action_begin ] --END-- [ RunTime:0.000136s ]
ERR: 非法操作:date

[ 2018-04-17T21:11:33+08:00 ] ::1 /xiaomi/index.php/Home/Index/video/index-header-bg.webm
ERR: 非法操作:video

[ 2018-04-17T21:11:34+08:00 ] ::1 /xiaomi/index.php/Home/Index/date/search.php
INFO: [ app_begin ] --START--
INFO: Run Behavior\ReadHtmlCache [ RunTime:0.000438s ]
INFO: [ app_begin ] --END-- [ RunTime:0.011274s ]
NOTIC: [2048] Declaration of Home\Controller\IndexController::show() should be compatible with that of Think\Controller::show() E:\PHP\wamp\www\xiaomi\Application\Home\Controller\IndexController.class.php 第 20 行.
INFO: [ action_begin ] --START--
INFO: [ action_begin ] --END-- [ RunTime:0.000214s ]
ERR: 非法操作:date

[ 2018-04-17T21:11:52+08:00 ] ::1 /xiaomi/index.php/Home/Index/date/search.php
INFO: [ app_begin ] --START--
INFO: Run Behavior\ReadHtmlCache [ RunTime:0.000805s ]
INFO: [ app_begin ] --END-- [ RunTime:0.004124s ]
NOTIC: [2048] Declaration of Home\Controller\IndexController::show() should be compatible with that of Think\Controller::show() E:\PHP\wamp\www\xiaomi\Application\Home\Controller\IndexController.class.php 第 20 行.
INFO: [ action_begin ] --START--
INFO: [ action_begin ] --END-- [ RunTime:0.000174s ]
ERR: 非法操作:date

[ 2018-04-17T21:11:59+08:00 ] ::1 /xiaomi/index.php/Home/Index/date/search.php
INFO: [ app_begin ] --START--
INFO: Run Behavior\ReadHtmlCache [ RunTime:0.000459s ]
INFO: [ app_begin ] --END-- [ RunTime:0.006963s ]
NOTIC: [2048] Declaration of Home\Controller\IndexController::show() should be compatible with that of Think\Controller::show() E:\PHP\wamp\www\xiaomi\Application\Home\Controller\IndexController.class.php 第 20 行.
INFO: [ action_begin ] --START--
INFO: [ action_begin ] --END-- [ RunTime:0.000196s ]
ERR: 非法操作:date

[ 2018-04-17T21:12:15+08:00 ] ::1 /xiaomi/index.php/Home/Index/date/search.php
INFO: [ app_begin ] --START--
INFO: Run Behavior\ReadHtmlCache [ RunTime:0.000427s ]
INFO: [ app_begin ] --END-- [ RunTime:0.009379s ]
NOTIC: [2048] Declaration of Home\Controller\IndexController::show() should be compatible with that of Think\Controller::show() E:\PHP\wamp\www\xiaomi\Application\Home\Controller\IndexController.class.php 第 20 行.
INFO: [ action_begin ] --START--
INFO: [ action_begin ] --END-- [ RunTime:0.000185s ]
ERR: 非法操作:date

[ 2018-04-17T21:12:21+08:00 ] ::1 /xiaomi/index.php/Home/Index/date/search.php
INFO: [ app_begin ] --START--
INFO: Run Behavior\ReadHtmlCache [ RunTime:0.000421s ]
INFO: [ app_begin ] --END-- [ RunTime:0.002503s ]
NOTIC: [2048] Declaration of Home\Controller\IndexController::show() should be compatible with that of Think\Controller::show() E:\PHP\wamp\www\xiaomi\Application\Home\Controller\IndexController.class.php 第 20 行.
INFO: [ action_begin ] --START--
INFO: [ action_begin ] --END-- [ RunTime:0.000217s ]
ERR: 非法操作:date

[ 2018-04-17T21:12:37+08:00 ] ::1 /xiaomi/index.php/Home/Index/date/search.php
INFO: [ app_begin ] --START--
INFO: Run Behavior\ReadHtmlCache [ RunTime:0.000389s ]
INFO: [ app_begin ] --END-- [ RunTime:0.002527s ]
NOTIC: [2048] Declaration of Home\Controller\IndexController::show() should be compatible with that of Think\Controller::show() E:\PHP\wamp\www\xiaomi\Application\Home\Controller\IndexController.class.php 第 20 行.
INFO: [ action_begin ] --START--
INFO: [ action_begin ] --END-- [ RunTime:0.000213s ]
ERR: 非法操作:date

[ 2018-04-17T21:13:15+08:00 ] ::1 /xiaomi/index.php/Home/Index/date/search.php
INFO: [ app_begin ] --START--
INFO: Run Behavior\ReadHtmlCache [ RunTime:0.001242s ]
INFO: [ app_begin ] --END-- [ RunTime:0.004734s ]
NOTIC: [2048] Declaration of Home\Controller\IndexController::show() should be compatible with that of Think\Controller::show() E:\PHP\wamp\www\xiaomi\Application\Home\Controller\IndexController.class.php 第 20 行.
INFO: [ action_begin ] --START--
INFO: [ action_begin ] --END-- [ RunTime:0.000222s ]
ERR: 非法操作:date

[ 2018-04-17T21:13:16+08:00 ] ::1 /xiaomi/index.php/Home/Index/date/citys.js
ERR: 非法操作:date

[ 2018-04-17T21:13:17+08:00 ] ::1 /xiaomi/index.php/Home/Index/date/db.json
INFO: [ app_begin ] --START--
INFO: Run Behavior\ReadHtmlCache [ RunTime:0.000623s ]
INFO: [ app_begin ] --END-- [ RunTime:0.002047s ]
NOTIC: [2048] Declaration of Home\Controller\IndexController::show() should be compatible with that of Think\Controller::show() E:\PHP\wamp\www\xiaomi\Application\Home\Controller\IndexController.class.php 第 20 行.
INFO: [ action_begin ] --START--
INFO: [ action_begin ] --END-- [ RunTime:0.000128s ]
ERR: 非法操作:date

[ 2018-04-17T21:19:55+08:00 ] ::1 /xiaomi/index.php/Home/Index/date/citys.js
ERR: 非法操作:date

[ 2018-04-17T21:19:56+08:00 ] ::1 /xiaomi/index.php/Home/Index/date/db.json
INFO: [ app_begin ] --START--
INFO: Run Behavior\ReadHtmlCache [ RunTime:0.000294s ]
INFO: [ app_begin ] --END-- [ RunTime:0.001786s ]
NOTIC: [2048] Declaration of Home\Controller\IndexController::show() should be compatible with that of Think\Controller::show() E:\PHP\wamp\www\xiaomi\Application\Home\Controller\IndexController.class.php 第 22 行.
INFO: [ action_begin ] --START--
INFO: [ action_begin ] --END-- [ RunTime:0.000129s ]
ERR: 非法操作:date

[ 2018-04-17T21:21:18+08:00 ] ::1 /xiaomi/index.php/Home/Index/date/citys.js
ERR: 非法操作:date

[ 2018-04-17T21:21:19+08:00 ] ::1 /xiaomi/index.php/Home/Index/date/db.json
INFO: [ app_begin ] --START--
INFO: Run Behavior\ReadHtmlCache [ RunTime:0.000215s ]
INFO: [ app_begin ] --END-- [ RunTime:0.002227s ]
NOTIC: [2048] Declaration of Home\Controller\IndexController::show() should be compatible with that of Think\Controller::show() E:\PHP\wamp\www\xiaomi\Application\Home\Controller\IndexController.class.php 第 22 行.
INFO: [ action_begin ] --START--
INFO: [ action_begin ] --END-- [ RunTime:0.000126s ]
ERR: 非法操作:date

[ 2018-04-17T21:21:32+08:00 ] ::1 /xiaomi/index.php/Home/Index/date/citys.js
ERR: 非法操作:date

[ 2018-04-17T21:21:33+08:00 ] ::1 /xiaomi/index.php/Home/Index/date/db.json
INFO: [ app_begin ] --START--
INFO: Run Behavior\ReadHtmlCache [ RunTime:0.000456s ]
INFO: [ app_begin ] --END-- [ RunTime:0.002875s ]
NOTIC: [2048] Declaration of Home\Controller\IndexController::show() should be compatible with that of Think\Controller::show() E:\PHP\wamp\www\xiaomi\Application\Home\Controller\IndexController.class.php 第 22 行.
INFO: [ action_begin ] --START--
INFO: [ action_begin ] --END-- [ RunTime:0.000142s ]
ERR: 非法操作:date

[ 2018-04-17T21:21:40+08:00 ] ::1 /xiaomi/index.php/Home/Index/date/citys.js
ERR: 非法操作:date

[ 2018-04-17T21:21:41+08:00 ] ::1 /xiaomi/index.php/Home/Index/date/citys.js
ERR: 非法操作:date

[ 2018-04-17T21:21:41+08:00 ] ::1 /xiaomi/index.php/Home/Index/date/db.json
INFO: [ app_begin ] --START--
INFO: Run Behavior\ReadHtmlCache [ RunTime:0.000279s ]
INFO: [ app_begin ] --END-- [ RunTime:0.001946s ]
NOTIC: [2048] Declaration of Home\Controller\IndexController::show() should be compatible with that of Think\Controller::show() E:\PHP\wamp\www\xiaomi\Application\Home\Controller\IndexController.class.php 第 22 行.
INFO: [ action_begin ] --START--
INFO: [ action_begin ] --END-- [ RunTime:0.000126s ]
ERR: 非法操作:date

[ 2018-04-17T21:22:03+08:00 ] ::1 /xiaomi/index.php/Home/Index/date/citys.js
ERR: 非法操作:date

[ 2018-04-17T21:22:04+08:00 ] ::1 /xiaomi/index.php/Home/Index/date/db.json
INFO: [ app_begin ] --START--
INFO: Run Behavior\ReadHtmlCache [ RunTime:0.000267s ]
INFO: [ app_begin ] --END-- [ RunTime:0.001680s ]
NOTIC: [2048] Declaration of Home\Controller\IndexController::show() should be compatible with that of Think\Controller::show() E:\PHP\wamp\www\xiaomi\Application\Home\Controller\IndexController.class.php 第 22 行.
INFO: [ action_begin ] --START--
INFO: [ action_begin ] --END-- [ RunTime:0.000136s ]
ERR: 非法操作:date

[ 2018-04-17T21:22:25+08:00 ] ::1 /xiaomi/index.php/Home/Index/date/citys.js
ERR: 非法操作:date

[ 2018-04-17T21:22:26+08:00 ] ::1 /xiaomi/index.php/Home/Index/date/db.json
INFO: [ app_begin ] --START--
INFO: Run Behavior\ReadHtmlCache [ RunTime:0.000326s ]
INFO: [ app_begin ] --END-- [ RunTime:0.001529s ]
NOTIC: [2048] Declaration of Home\Controller\IndexController::show() should be compatible with that of Think\Controller::show() E:\PHP\wamp\www\xiaomi\Application\Home\Controller\IndexController.class.php 第 22 行.
INFO: [ action_begin ] --START--
INFO: [ action_begin ] --END-- [ RunTime:0.000120s ]
ERR: 非法操作:date

[ 2018-04-17T21:22:45+08:00 ] ::1 /xiaomi/index.php/Home/Index/date/citys.js
ERR: 非法操作:date

[ 2018-04-17T21:22:46+08:00 ] ::1 /xiaomi/index.php/Home/Index/date/db.json
INFO: [ app_begin ] --START--
INFO: Run Behavior\ReadHtmlCache [ RunTime:0.000370s ]
INFO: [ app_begin ] --END-- [ RunTime:0.002354s ]
NOTIC: [2048] Declaration of Home\Controller\IndexController::show() should be compatible with that of Think\Controller::show() E:\PHP\wamp\www\xiaomi\Application\Home\Controller\IndexController.class.php 第 22 行.
INFO: [ action_begin ] --START--
INFO: [ action_begin ] --END-- [ RunTime:0.000139s ]
ERR: 非法操作:date

[ 2018-04-17T21:24:33+08:00 ] ::1 /xiaomi/index.php/Home/Index/date/citys.js
ERR: 非法操作:date

[ 2018-04-17T21:24:34+08:00 ] ::1 /xiaomi/index.php/Home/Index/date/citys.js
ERR: 非法操作:date

[ 2018-04-17T21:24:34+08:00 ] ::1 /xiaomi/index.php/Home/Index/date/db.json
INFO: [ app_begin ] --START--
INFO: Run Behavior\ReadHtmlCache [ RunTime:0.000231s ]
INFO: [ app_begin ] --END-- [ RunTime:0.001733s ]
NOTIC: [2048] Declaration of Home\Controller\IndexController::show() should be compatible with that of Think\Controller::show() E:\PHP\wamp\www\xiaomi\Application\Home\Controller\IndexController.class.php 第 22 行.
INFO: [ action_begin ] --START--
INFO: [ action_begin ] --END-- [ RunTime:0.000107s ]
ERR: 非法操作:date

[ 2018-04-17T21:25:32+08:00 ] ::1 /xiaomi/index.php/Home/Index/date/citys.js
ERR: 非法操作:date

[ 2018-04-17T21:25:33+08:00 ] ::1 /xiaomi/index.php/Home/Index/date/db.json
INFO: [ app_begin ] --START--
INFO: Run Behavior\ReadHtmlCache [ RunTime:0.000251s ]
INFO: [ app_begin ] --END-- [ RunTime:0.001543s ]
NOTIC: [2048] Declaration of Home\Controller\IndexController::show() should be compatible with that of Think\Controller::show() E:\PHP\wamp\www\xiaomi\Application\Home\Controller\IndexController.class.php 第 22 行.
INFO: [ action_begin ] --START--
INFO: [ action_begin ] --END-- [ RunTime:0.000140s ]
ERR: 非法操作:date

[ 2018-04-17T21:25:48+08:00 ] ::1 /xiaomi/index.php/Home/Index/date/citys.js
ERR: 非法操作:date

[ 2018-04-17T21:25:49+08:00 ] ::1 /xiaomi/index.php/Home/Index/date/citys.js
ERR: 非法操作:date

[ 2018-04-17T21:25:50+08:00 ] ::1 /xiaomi/index.php/Home/Index/date/db.json
INFO: [ app_begin ] --START--
INFO: Run Behavior\ReadHtmlCache [ RunTime:0.000289s ]
INFO: [ app_begin ] --END-- [ RunTime:0.001733s ]
NOTIC: [2048] Declaration of Home\Controller\IndexController::show() should be compatible with that of Think\Controller::show() E:\PHP\wamp\www\xiaomi\Application\Home\Controller\IndexController.class.php 第 22 行.
INFO: [ action_begin ] --START--
INFO: [ action_begin ] --END-- [ RunTime:0.000138s ]
ERR: 非法操作:date

[ 2018-04-17T21:26:16+08:00 ] ::1 /xiaomi/index.php/Home/Index/date/citys.js
ERR: 非法操作:date

[ 2018-04-17T21:26:18+08:00 ] ::1 /xiaomi/index.php/Home/Index/date/citys.js
ERR: 非法操作:date

[ 2018-04-17T21:26:18+08:00 ] ::1 /xiaomi/index.php/Home/Index/date/db.json
INFO: [ app_begin ] --START--
INFO: Run Behavior\ReadHtmlCache [ RunTime:0.000318s ]
INFO: [ app_begin ] --END-- [ RunTime:0.002224s ]
NOTIC: [2048] Declaration of Home\Controller\IndexController::show() should be compatible with that of Think\Controller::show() E:\PHP\wamp\www\xiaomi\Application\Home\Controller\IndexController.class.php 第 22 行.
INFO: [ action_begin ] --START--
INFO: [ action_begin ] --END-- [ RunTime:0.000144s ]
ERR: 非法操作:date

[ 2018-04-17T21:27:48+08:00 ] ::1 /xiaomi/index.php/Home/Index/date/citys.js
ERR: 非法操作:date

[ 2018-04-17T21:27:50+08:00 ] ::1 /xiaomi/index.php/Home/Index/date/citys.js
ERR: 非法操作:date

[ 2018-04-17T21:27:51+08:00 ] ::1 /xiaomi/index.php/Home/Index/date/db.json
INFO: [ app_begin ] --START--
INFO: Run Behavior\ReadHtmlCache [ RunTime:0.000278s ]
INFO: [ app_begin ] --END-- [ RunTime:0.001871s ]
NOTIC: [2048] Declaration of Home\Controller\IndexController::show() should be compatible with that of Think\Controller::show() E:\PHP\wamp\www\xiaomi\Application\Home\Controller\IndexController.class.php 第 22 行.
INFO: [ action_begin ] --START--
INFO: [ action_begin ] --END-- [ RunTime:0.000140s ]
ERR: 非法操作:date

[ 2018-04-17T21:28:59+08:00 ] ::1 /xiaomi/index.php/Home/Index/date/citys.js
ERR: 非法操作:date

[ 2018-04-17T21:29:00+08:00 ] ::1 /xiaomi/index.php/Home/Index/date/citys.js
ERR: 非法操作:date

[ 2018-04-17T21:29:16+08:00 ] ::1 /xiaomi/index.php/Home/Index/date/citys.js
ERR: 非法操作:date

[ 2018-04-17T21:29:16+08:00 ] ::1 /xiaomi/index.php/Home/Index/date/db.json
INFO: [ app_begin ] --START--
INFO: Run Behavior\ReadHtmlCache [ RunTime:0.000361s ]
INFO: [ app_begin ] --END-- [ RunTime:0.002339s ]
NOTIC: [2048] Declaration of Home\Controller\IndexController::show() should be compatible with that of Think\Controller::show() E:\PHP\wamp\www\xiaomi\Application\Home\Controller\IndexController.class.php 第 22 行.
INFO: [ action_begin ] --START--
INFO: [ action_begin ] --END-- [ RunTime:0.000153s ]
ERR: 非法操作:date

[ 2018-04-17T21:33:29+08:00 ] ::1 /xiaomi/index.php/Home/Index/date/citys.js
ERR: 非法操作:date

[ 2018-04-17T21:33:29+08:00 ] ::1 /xiaomi/index.php/Home/Index/date/db.json
INFO: [ app_begin ] --START--
INFO: Run Behavior\ReadHtmlCache [ RunTime:0.000292s ]
INFO: [ app_begin ] --END-- [ RunTime:0.001675s ]
NOTIC: [2048] Declaration of Home\Controller\IndexController::show() should be compatible with that of Think\Controller::show() E:\PHP\wamp\www\xiaomi\Application\Home\Controller\IndexController.class.php 第 22 行.
INFO: [ action_begin ] --START--
INFO: [ action_begin ] --END-- [ RunTime:0.000132s ]
ERR: 非法操作:date

[ 2018-04-17T21:33:58+08:00 ] ::1 /xiaomi/index.php/Home/Index/date/citys.js
ERR: 非法操作:date

[ 2018-04-17T21:33:59+08:00 ] ::1 /xiaomi/index.php/Home/Index/date/citys.js
ERR: 非法操作:date

[ 2018-04-17T21:33:59+08:00 ] ::1 /xiaomi/index.php/Home/Index/date/db.json
INFO: [ app_begin ] --START--
INFO: Run Behavior\ReadHtmlCache [ RunTime:0.000275s ]
INFO: [ app_begin ] --END-- [ RunTime:0.001529s ]
NOTIC: [2048] Declaration of Home\Controller\IndexController::show() should be compatible with that of Think\Controller::show() E:\PHP\wamp\www\xiaomi\Application\Home\Controller\IndexController.class.php 第 22 行.
INFO: [ action_begin ] --START--
INFO: [ action_begin ] --END-- [ RunTime:0.000126s ]
ERR: 非法操作:date

[ 2018-04-17T21:35:20+08:00 ] ::1 /xiaomi/index.php/Home/Index/date/citys.js
ERR: 非法操作:date

[ 2018-04-17T21:35:23+08:00 ] ::1 /xiaomi/index.php/Home/Index/date/citys.js
ERR: 非法操作:date

[ 2018-04-17T21:35:23+08:00 ] ::1 /xiaomi/index.php/Home/Index/date/db.json
INFO: [ app_begin ] --START--
INFO: Run Behavior\ReadHtmlCache [ RunTime:0.000369s ]
INFO: [ app_begin ] --END-- [ RunTime:0.002302s ]
NOTIC: [2048] Declaration of Home\Controller\IndexController::show() should be compatible with that of Think\Controller::show() E:\PHP\wamp\www\xiaomi\Application\Home\Controller\IndexController.class.php 第 22 行.
INFO: [ action_begin ] --START--
INFO: [ action_begin ] --END-- [ RunTime:0.000145s ]
ERR: 非法操作:date

[ 2018-04-17T21:35:38+08:00 ] ::1 /xiaomi/index.php/Home/Index/date/citys.js
ERR: 非法操作:date

[ 2018-04-17T21:35:39+08:00 ] ::1 /xiaomi/index.php/Home/Index/date/citys.js
ERR: 非法操作:date

[ 2018-04-17T21:35:39+08:00 ] ::1 /xiaomi/index.php/Home/Index/date/db.json
INFO: [ app_begin ] --START--
INFO: Run Behavior\ReadHtmlCache [ RunTime:0.000306s ]
INFO: [ app_begin ] --END-- [ RunTime:0.001880s ]
NOTIC: [2048] Declaration of Home\Controller\IndexController::show() should be compatible with that of Think\Controller::show() E:\PHP\wamp\www\xiaomi\Application\Home\Controller\IndexController.class.php 第 22 行.
INFO: [ action_begin ] --START--
INFO: [ action_begin ] --END-- [ RunTime:0.000141s ]
ERR: 非法操作:date

[ 2018-04-17T21:36:11+08:00 ] ::1 /xiaomi/index.php/Home/Index/date/citys.js
ERR: 非法操作:date

[ 2018-04-17T21:36:12+08:00 ] ::1 /xiaomi/index.php/Home/Index/date/db.json
INFO: [ app_begin ] --START--
INFO: Run Behavior\ReadHtmlCache [ RunTime:0.000432s ]
INFO: [ app_begin ] --END-- [ RunTime:0.003125s ]
NOTIC: [2048] Declaration of Home\Controller\IndexController::show() should be compatible with that of Think\Controller::show() E:\PHP\wamp\www\xiaomi\Application\Home\Controller\IndexController.class.php 第 22 行.
INFO: [ action_begin ] --START--
INFO: [ action_begin ] --END-- [ RunTime:0.000238s ]
ERR: 非法操作:date

[ 2018-04-17T21:36:18+08:00 ] ::1 /xiaomi/index.php/Home/Index/date/citys.js
ERR: 非法操作:date

[ 2018-04-17T21:36:18+08:00 ] ::1 /xiaomi/index.php/Home/Index/date/db.json
INFO: [ app_begin ] --START--
INFO: Run Behavior\ReadHtmlCache [ RunTime:0.000480s ]
INFO: [ app_begin ] --END-- [ RunTime:0.001870s ]
NOTIC: [2048] Declaration of Home\Controller\IndexController::show() should be compatible with that of Think\Controller::show() E:\PHP\wamp\www\xiaomi\Application\Home\Controller\IndexController.class.php 第 22 行.
INFO: [ action_begin ] --START--
INFO: [ action_begin ] --END-- [ RunTime:0.000122s ]
ERR: 非法操作:date

[ 2018-04-17T21:36:49+08:00 ] ::1 /xiaomi/index.php/Home/Index/date/citys.js
ERR: 非法操作:date

[ 2018-04-17T21:36:50+08:00 ] ::1 /xiaomi/index.php/Home/Index/date/db.json
INFO: [ app_begin ] --START--
INFO: Run Behavior\ReadHtmlCache [ RunTime:0.000256s ]
INFO: [ app_begin ] --END-- [ RunTime:0.001589s ]
NOTIC: [2048] Declaration of Home\Controller\IndexController::show() should be compatible with that of Think\Controller::show() E:\PHP\wamp\www\xiaomi\Application\Home\Controller\IndexController.class.php 第 22 行.
INFO: [ action_begin ] --START--
INFO: [ action_begin ] --END-- [ RunTime:0.000131s ]
ERR: 非法操作:date

[ 2018-04-17T21:38:28+08:00 ] ::1 /xiaomi/index.php/Home/Index/date/citys.js
ERR: 非法操作:date

[ 2018-04-17T21:38:28+08:00 ] ::1 /xiaomi/index.php/Home/Index/date/db.json
INFO: [ app_begin ] --START--
INFO: Run Behavior\ReadHtmlCache [ RunTime:0.000294s ]
INFO: [ app_begin ] --END-- [ RunTime:0.001583s ]
NOTIC: [2048] Declaration of Home\Controller\IndexController::show() should be compatible with that of Think\Controller::show() E:\PHP\wamp\www\xiaomi\Application\Home\Controller\IndexController.class.php 第 22 行.
INFO: [ action_begin ] --START--
INFO: [ action_begin ] --END-- [ RunTime:0.000158s ]
ERR: 非法操作:date

[ 2018-04-17T21:40:43+08:00 ] ::1 /xiaomi/index.php/Home/Index/date/citys.js
ERR: 非法操作:date

[ 2018-04-17T21:40:44+08:00 ] ::1 /xiaomi/index.php/Home/Index/date/db.json
INFO: [ app_begin ] --START--
INFO: Run Behavior\ReadHtmlCache [ RunTime:0.000328s ]
INFO: [ app_begin ] --END-- [ RunTime:0.001772s ]
NOTIC: [2048] Declaration of Home\Controller\IndexController::show() should be compatible with that of Think\Controller::show() E:\PHP\wamp\www\xiaomi\Application\Home\Controller\IndexController.class.php 第 22 行.
INFO: [ action_begin ] --START--
INFO: [ action_begin ] --END-- [ RunTime:0.000152s ]
ERR: 非法操作:date

[ 2018-04-17T21:40:48+08:00 ] ::1 /xiaomi/index.php/Home/Index/date/citys.js
ERR: 非法操作:date

[ 2018-04-17T21:40:49+08:00 ] ::1 /xiaomi/index.php/Home/Index/date/citys.js
ERR: 非法操作:date

[ 2018-04-17T21:40:49+08:00 ] ::1 /xiaomi/index.php/Home/Index/date/db.json
INFO: [ app_begin ] --START--
INFO: Run Behavior\ReadHtmlCache [ RunTime:0.000913s ]
INFO: [ app_begin ] --END-- [ RunTime:0.003104s ]
NOTIC: [2048] Declaration of Home\Controller\IndexController::show() should be compatible with that of Think\Controller::show() E:\PHP\wamp\www\xiaomi\Application\Home\Controller\IndexController.class.php 第 22 行.
INFO: [ action_begin ] --START--
INFO: [ action_begin ] --END-- [ RunTime:0.000232s ]
ERR: 非法操作:date

[ 2018-04-17T21:41:35+08:00 ] ::1 /xiaomi/index.php/Home/Index/date/citys.js
ERR: 非法操作:date

[ 2018-04-17T21:41:36+08:00 ] ::1 /xiaomi/index.php/Home/Index/date/db.json
INFO: [ app_begin ] --START--
INFO: Run Behavior\ReadHtmlCache [ RunTime:0.000333s ]
INFO: [ app_begin ] --END-- [ RunTime:0.025285s ]
NOTIC: [2048] Declaration of Home\Controller\IndexController::show() should be compatible with that of Think\Controller::show() E:\PHP\wamp\www\xiaomi\Application\Home\Controller\IndexController.class.php 第 22 行.
INFO: [ action_begin ] --START--
INFO: [ action_begin ] --END-- [ RunTime:0.000158s ]
ERR: 非法操作:date

[ 2018-04-17T21:58:57+08:00 ] ::1 /xiaomi/index.php/Home/Index/date/citys.js
ERR: 非法操作:date

[ 2018-04-17T21:58:58+08:00 ] ::1 /xiaomi/index.php/Home/Index/date/db.json
INFO: [ app_begin ] --START--
INFO: Run Behavior\ReadHtmlCache [ RunTime:0.000272s ]
INFO: [ app_begin ] --END-- [ RunTime:0.001733s ]
NOTIC: [2048] Declaration of Home\Controller\IndexController::show() should be compatible with that of Think\Controller::show() E:\PHP\wamp\www\xiaomi\Application\Home\Controller\IndexController.class.php 第 22 行.
INFO: [ action_begin ] --START--
INFO: [ action_begin ] --END-- [ RunTime:0.000180s ]
ERR: 非法操作:date

[ 2018-04-17T21:59:03+08:00 ] ::1 /xiaomi/index.php/Home/Index/date/citys.js
ERR: 非法操作:date

[ 2018-04-17T21:59:04+08:00 ] ::1 /xiaomi/index.php/Home/Index/date/db.json
INFO: [ app_begin ] --START--
INFO: Run Behavior\ReadHtmlCache [ RunTime:0.000309s ]
INFO: [ app_begin ] --END-- [ RunTime:0.002068s ]
NOTIC: [2048] Declaration of Home\Controller\IndexController::show() should be compatible with that of Think\Controller::show() E:\PHP\wamp\www\xiaomi\Application\Home\Controller\IndexController.class.php 第 22 行.
INFO: [ action_begin ] --START--
INFO: [ action_begin ] --END-- [ RunTime:0.000153s ]
ERR: 非法操作:date

[ 2018-04-17T21:59:08+08:00 ] ::1 /xiaomi/index.php/Home/Index/date/citys.js
ERR: 非法操作:date

[ 2018-04-17T21:59:09+08:00 ] ::1 /xiaomi/index.php/Home/Index/date/db.json
INFO: [ app_begin ] --START--
INFO: Run Behavior\ReadHtmlCache [ RunTime:0.000378s ]
INFO: [ app_begin ] --END-- [ RunTime:0.002356s ]
NOTIC: [2048] Declaration of Home\Controller\IndexController::show() should be compatible with that of Think\Controller::show() E:\PHP\wamp\www\xiaomi\Application\Home\Controller\IndexController.class.php 第 22 行.
INFO: [ action_begin ] --START--
INFO: [ action_begin ] --END-- [ RunTime:0.000580s ]
ERR: 非法操作:date

[ 2018-04-17T23:38:04+08:00 ] ::1 /xiaomi/index.php/Home/Index/date/citys.js
ERR: 非法操作:date

[ 2018-04-17T23:38:04+08:00 ] ::1 /xiaomi/index.php/Home/Index/date/db.json
INFO: [ app_begin ] --START--
INFO: Run Behavior\ReadHtmlCache [ RunTime:0.000294s ]
INFO: [ app_begin ] --END-- [ RunTime:0.002780s ]
NOTIC: [2048] Declaration of Home\Controller\IndexController::show() should be compatible with that of Think\Controller::show() E:\PHP\wamp\www\xiaomi\Application\Home\Controller\IndexController.class.php 第 22 行.
INFO: [ action_begin ] --START--
INFO: [ action_begin ] --END-- [ RunTime:0.000140s ]
ERR: 非法操作:date

[ 2018-04-17T23:38:11+08:00 ] ::1 /xiaomi/index.php/Home/Index/date/citys.js
ERR: 非法操作:date

[ 2018-04-17T23:38:12+08:00 ] ::1 /xiaomi/index.php/Home/Index/date/db.json
INFO: [ app_begin ] --START--
INFO: Run Behavior\ReadHtmlCache [ RunTime:0.000758s ]
INFO: [ app_begin ] --END-- [ RunTime:0.004649s ]
NOTIC: [2048] Declaration of Home\Controller\IndexController::show() should be compatible with that of Think\Controller::show() E:\PHP\wamp\www\xiaomi\Application\Home\Controller\IndexController.class.php 第 22 行.
INFO: [ action_begin ] --START--
INFO: [ action_begin ] --END-- [ RunTime:0.000197s ]
ERR: 非法操作:date

[ 2018-04-17T23:38:15+08:00 ] ::1 /xiaomi/index.php/Home/Index/date/citys.js
ERR: 非法操作:date

[ 2018-04-17T23:38:15+08:00 ] ::1 /xiaomi/index.php/Home/Index/date/citys.js
ERR: 非法操作:date

[ 2018-04-17T23:38:15+08:00 ] ::1 /xiaomi/index.php/Home/Index/date/db.json
INFO: [ app_begin ] --START--
INFO: Run Behavior\ReadHtmlCache [ RunTime:0.000267s ]
INFO: [ app_begin ] --END-- [ RunTime:0.001929s ]
NOTIC: [2048] Declaration of Home\Controller\IndexController::show() should be compatible with that of Think\Controller::show() E:\PHP\wamp\www\xiaomi\Application\Home\Controller\IndexController.class.php 第 22 行.
INFO: [ action_begin ] --START--
INFO: [ action_begin ] --END-- [ RunTime:0.000126s ]
ERR: 非法操作:date

[ 2018-04-17T23:38:26+08:00 ] ::1 /xiaomi/index.php/Home/Index/date/citys.js
ERR: 非法操作:date

[ 2018-04-17T23:38:26+08:00 ] ::1 /xiaomi/index.php/Home/Index/date/citys.js
ERR: 非法操作:date

[ 2018-04-17T23:38:26+08:00 ] ::1 /xiaomi/index.php/Home/Index/date/db.json
INFO: [ app_begin ] --START--
INFO: Run Behavior\ReadHtmlCache [ RunTime:0.000383s ]
INFO: [ app_begin ] --END-- [ RunTime:0.002357s ]
NOTIC: [2048] Declaration of Home\Controller\IndexController::show() should be compatible with that of Think\Controller::show() E:\PHP\wamp\www\xiaomi\Application\Home\Controller\IndexController.class.php 第 22 行.
INFO: [ action_begin ] --START--
INFO: [ action_begin ] --END-- [ RunTime:0.000150s ]
ERR: 非法操作:date

[ 2018-04-17T23:40:31+08:00 ] ::1 /xiaomi/index.php/Home/Index/date/citys.js
ERR: 非法操作:date

[ 2018-04-17T23:40:32+08:00 ] ::1 /xiaomi/index.php/Home/Index/date/citys.js
ERR: 非法操作:date

[ 2018-04-17T23:40:32+08:00 ] ::1 /xiaomi/index.php/Home/Index/date/db.json
INFO: [ app_begin ] --START--
INFO: Run Behavior\ReadHtmlCache [ RunTime:0.000281s ]
INFO: [ app_begin ] --END-- [ RunTime:0.003021s ]
NOTIC: [2048] Declaration of Home\Controller\IndexController::show() should be compatible with that of Think\Controller::show() E:\PHP\wamp\www\xiaomi\Application\Home\Controller\IndexController.class.php 第 22 行.
INFO: [ action_begin ] --START--
INFO: [ action_begin ] --END-- [ RunTime:0.000132s ]
ERR: 非法操作:date

[ 2018-04-17T23:41:06+08:00 ] ::1 /xiaomi/index.php/Home/Car/icomoon/style.css
ERR: 非法操作:icomoon

[ 2018-04-17T23:45:28+08:00 ] ::1 /xiaomi/index.php/Home/Car/icomoon/style.css
ERR: 非法操作:icomoon

[ 2018-04-17T23:45:38+08:00 ] ::1 /xiaomi/index.php/Home/Index/date/citys.js
ERR: 非法操作:date

[ 2018-04-17T23:45:39+08:00 ] ::1 /xiaomi/index.php/Home/Index/date/citys.js
ERR: 非法操作:date

[ 2018-04-17T23:45:40+08:00 ] ::1 /xiaomi/index.php/Home/Index/date/db.json
INFO: [ app_begin ] --START--
INFO: Run Behavior\ReadHtmlCache [ RunTime:0.000231s ]
INFO: [ app_begin ] --END-- [ RunTime:0.001537s ]
NOTIC: [2048] Declaration of Home\Controller\IndexController::show() should be compatible with that of Think\Controller::show() E:\PHP\wamp\www\xiaomi\Application\Home\Controller\IndexController.class.php 第 22 行.
INFO: [ action_begin ] --START--
INFO: [ action_begin ] --END-- [ RunTime:0.000160s ]
ERR: 非法操作:date

[ 2018-04-17T23:45:43+08:00 ] ::1 /xiaomi/index.php/Home/Show/show?id=2
ERR: 无法加载控制器:Show

[ 2018-04-17T23:49:53+08:00 ] ::1 /xiaomi/index.php/Home/Index/date/citys.js
ERR: 非法操作:date

[ 2018-04-17T23:49:54+08:00 ] ::1 /xiaomi/index.php/Home/Index/date/db.json
INFO: [ app_begin ] --START--
INFO: Run Behavior\ReadHtmlCache [ RunTime:0.000276s ]
INFO: [ app_begin ] --END-- [ RunTime:0.001839s ]
NOTIC: [2048] Declaration of Home\Controller\IndexController::show() should be compatible with that of Think\Controller::show() E:\PHP\wamp\www\xiaomi\Application\Home\Controller\IndexController.class.php 第 22 行.
INFO: [ action_begin ] --START--
INFO: [ action_begin ] --END-- [ RunTime:0.000124s ]
ERR: 非法操作:date

[ 2018-04-17T23:49:58+08:00 ] ::1 /xiaomi/index.php/Home/Index/date/citys.js
ERR: 非法操作:date

[ 2018-04-17T23:49:59+08:00 ] ::1 /xiaomi/index.php/Home/Index/date/db.json
INFO: [ app_begin ] --START--
INFO: Run Behavior\ReadHtmlCache [ RunTime:0.000255s ]
INFO: [ app_begin ] --END-- [ RunTime:0.001787s ]
NOTIC: [2048] Declaration of Home\Controller\IndexController::show() should be compatible with that of Think\Controller::show() E:\PHP\wamp\www\xiaomi\Application\Home\Controller\IndexController.class.php 第 22 行.
INFO: [ action_begin ] --START--
INFO: [ action_begin ] --END-- [ RunTime:0.000185s ]
ERR: 非法操作:date

[ 2018-04-17T23:50:47+08:00 ] ::1 /xiaomi/index.php/Home/Index/date/citys.js
ERR: 非法操作:date

[ 2018-04-17T23:50:47+08:00 ] ::1 /xiaomi/index.php/Home/Index/date/db.json
INFO: [ app_begin ] --START--
INFO: Run Behavior\ReadHtmlCache [ RunTime:0.000403s ]
INFO: [ app_begin ] --END-- [ RunTime:0.004842s ]
NOTIC: [2048] Declaration of Home\Controller\IndexController::show() should be compatible with that of Think\Controller::show() E:\PHP\wamp\www\xiaomi\Application\Home\Controller\IndexController.class.php 第 22 行.
INFO: [ action_begin ] --START--
INFO: [ action_begin ] --END-- [ RunTime:0.000220s ]
ERR: 非法操作:date

[ 2018-04-17T23:50:53+08:00 ] ::1 /xiaomi/index.php/Home/Index/date/citys.js
ERR: 非法操作:date

[ 2018-04-17T23:50:54+08:00 ] ::1 /xiaomi/index.php/Home/Index/date/db.json
INFO: [ app_begin ] --START--
INFO: Run Behavior\ReadHtmlCache [ RunTime:0.000321s ]
INFO: [ app_begin ] --END-- [ RunTime:0.001890s ]
NOTIC: [2048] Declaration of Home\Controller\IndexController::show() should be compatible with that of Think\Controller::show() E:\PHP\wamp\www\xiaomi\Application\Home\Controller\IndexController.class.php 第 22 行.
INFO: [ action_begin ] --START--
INFO: [ action_begin ] --END-- [ RunTime:0.000157s ]
ERR: 非法操作:date

[ 2018-04-17T23:50:59+08:00 ] ::1 /xiaomi/index.php/Home/Index/date/citys.js
ERR: 非法操作:date

[ 2018-04-17T23:51:00+08:00 ] ::1 /xiaomi/index.php/Home/Index/date/db.json
INFO: [ app_begin ] --START--
INFO: Run Behavior\ReadHtmlCache [ RunTime:0.000334s ]
INFO: [ app_begin ] --END-- [ RunTime:0.002026s ]
NOTIC: [2048] Declaration of Home\Controller\IndexController::show() should be compatible with that of Think\Controller::show() E:\PHP\wamp\www\xiaomi\Application\Home\Controller\IndexController.class.php 第 22 行.
INFO: [ action_begin ] --START--
INFO: [ action_begin ] --END-- [ RunTime:0.000159s ]
ERR: 非法操作:date

