[ 2018-04-15T18:41:23+08:00 ] ::1 /xiaomi/index.php/Admin/Index/%3C/xiaomi/index.php/Admin/Admin-Index/topFrame.html%3E
ERR: 非法操作:

[ 2018-04-15T18:41:23+08:00 ] ::1 /xiaomi/index.php/Admin/Index/%3C/xiaomi/index.php/Admin/Admin-Index/menuFrame.html%3E
ERR: 非法操作:

[ 2018-04-15T18:41:23+08:00 ] ::1 /xiaomi/index.php/Admin/Index/%3C/xiaomi/index.php/Admin/Admin-Index/mainFrame.html%3E
ERR: 非法操作:

[ 2018-04-15T18:41:23+08:00 ] ::1 /xiaomi/index.php/Admin/Index/%3C/xiaomi/index.php/Admin/Admin-Index/hideFrame.html%3E
ERR: 非法操作:

[ 2018-04-15T18:43:44+08:00 ] ::1 /xiaomi/index.php/Admin/Index/hideFrame')
ERR: 非法操作:hideFrame')

[ 2018-04-15T18:43:44+08:00 ] ::1 /xiaomi/index.php/Admin/Index/menuFrame')
ERR: 非法操作:menuFrame')

[ 2018-04-15T18:43:44+08:00 ] ::1 /xiaomi/index.php/Admin/Index/mainFrame')
ERR: 非法操作:mainFrame')

[ 2018-04-15T18:43:44+08:00 ] ::1 /xiaomi/index.php/Admin/Public/css/css.css
ERR: 无法加载控制器:Public

[ 2018-04-15T18:43:44+08:00 ] ::1 /xiaomi/index.php/Admin/Public/css/main.css
ERR: 无法加载控制器:Public

[ 2018-04-15T18:45:38+08:00 ] ::1 /xiaomi/index.php/Admin/Index/mainFrame')
ERR: 非法操作:mainFrame')

[ 2018-04-15T18:45:38+08:00 ] ::1 /xiaomi/index.php/Admin/Index/hideFrame')
ERR: 非法操作:hideFrame')

[ 2018-04-15T18:45:38+08:00 ] ::1 /xiaomi/index.php/Admin/Index/menuFrame')
ERR: 非法操作:menuFrame')

[ 2018-04-15T18:45:38+08:00 ] ::1 /xiaomi/index.php/Admin/Public/css/main.css
ERR: 无法加载控制器:Public

[ 2018-04-15T18:45:38+08:00 ] ::1 /xiaomi/index.php/Admin/Public/css/css.css
ERR: 无法加载控制器:Public

[ 2018-04-15T18:47:21+08:00 ] ::1 /xiaomi/index.php/Admin/Index/menuFrame')
ERR: 非法操作:menuFrame')

[ 2018-04-15T18:47:21+08:00 ] ::1 /xiaomi/index.php/Admin/Index/hideFrame')
ERR: 非法操作:hideFrame')

[ 2018-04-15T18:47:21+08:00 ] ::1 /xiaomi/index.php/Admin/Index/mainFrame')
ERR: 非法操作:mainFrame')

[ 2018-04-15T18:49:58+08:00 ] ::1 /xiaomi/index.php/Admin/Index/menuFrame')
ERR: 非法操作:menuFrame')

[ 2018-04-15T18:49:58+08:00 ] ::1 /xiaomi/index.php/Admin/Index/hideFrame')
ERR: 非法操作:hideFrame')

[ 2018-04-15T18:49:58+08:00 ] ::1 /xiaomi/index.php/Admin/Index/mainFrame')
ERR: 非法操作:mainFrame')

[ 2018-04-15T18:50:42+08:00 ] ::1 /xiaomi/index.php/Admin/Index/hideFrame')
ERR: 非法操作:hideFrame')

[ 2018-04-15T18:50:42+08:00 ] ::1 /xiaomi/index.php/Admin/Index/mainFrame')
ERR: 非法操作:mainFrame')

[ 2018-04-15T18:50:42+08:00 ] ::1 /xiaomi/index.php/Admin/Index/menuFrame')
ERR: 非法操作:menuFrame')

[ 2018-04-15T18:50:45+08:00 ] ::1 /xiaomi/index.php/Admin/Index/menuFrame')
ERR: 非法操作:menuFrame')

[ 2018-04-15T18:50:45+08:00 ] ::1 /xiaomi/index.php/Admin/Index/hideFrame')
ERR: 非法操作:hideFrame')

[ 2018-04-15T18:50:45+08:00 ] ::1 /xiaomi/index.php/Admin/Index/mainFrame')
ERR: 非法操作:mainFrame')

[ 2018-04-15T18:52:05+08:00 ] ::1 /xiaomi/index.php/Admin/Index/hideFrame')
ERR: 非法操作:hideFrame')

[ 2018-04-15T18:52:05+08:00 ] ::1 /xiaomi/index.php/Admin/Index/mainFrame')
ERR: 非法操作:mainFrame')

[ 2018-04-15T18:52:05+08:00 ] ::1 /xiaomi/index.php/Admin/Index/menuFrame')
ERR: 非法操作:menuFrame')

[ 2018-04-15T18:52:06+08:00 ] ::1 /xiaomi/index.php/Admin/Index/hideFrame')
ERR: 非法操作:hideFrame')

[ 2018-04-15T18:52:06+08:00 ] ::1 /xiaomi/index.php/Admin/Index/menuFrame')
ERR: 非法操作:menuFrame')

[ 2018-04-15T18:52:06+08:00 ] ::1 /xiaomi/index.php/Admin/Index/mainFrame')
ERR: 非法操作:mainFrame')

[ 2018-04-15T18:52:58+08:00 ] ::1 /xiaomi/index.php/Admin/Index/hideFrame')
ERR: 非法操作:hideFrame')

[ 2018-04-15T18:52:58+08:00 ] ::1 /xiaomi/index.php/Admin/Index/menuFrame')
ERR: 非法操作:menuFrame')

[ 2018-04-15T18:52:58+08:00 ] ::1 /xiaomi/index.php/Admin/Index/mainFrame')
ERR: 非法操作:mainFrame')

[ 2018-04-15T18:52:59+08:00 ] ::1 /xiaomi/index.php/Admin/Index/menuFrame')
ERR: 非法操作:menuFrame')

[ 2018-04-15T18:52:59+08:00 ] ::1 /xiaomi/index.php/Admin/Index/hideFrame')
ERR: 非法操作:hideFrame')

[ 2018-04-15T18:52:59+08:00 ] ::1 /xiaomi/index.php/Admin/Index/mainFrame')
ERR: 非法操作:mainFrame')

[ 2018-04-15T18:53:32+08:00 ] ::1 /xiaomi/index.php/Admin/Index/hideFrame')
ERR: 非法操作:hideFrame')

[ 2018-04-15T18:53:32+08:00 ] ::1 /xiaomi/index.php/Admin/Index/menuFrame')
ERR: 非法操作:menuFrame')

[ 2018-04-15T18:53:32+08:00 ] ::1 /xiaomi/index.php/Admin/Index/mainFrame')
ERR: 非法操作:mainFrame')

[ 2018-04-15T18:53:34+08:00 ] ::1 /xiaomi/index.php/Admin/Index/hideFrame')
ERR: 非法操作:hideFrame')

[ 2018-04-15T18:53:34+08:00 ] ::1 /xiaomi/index.php/Admin/Index/mainFrame')
ERR: 非法操作:mainFrame')

[ 2018-04-15T18:53:34+08:00 ] ::1 /xiaomi/index.php/Admin/Index/menuFrame')
ERR: 非法操作:menuFrame')

[ 2018-04-15T18:55:38+08:00 ] ::1 /xiaomi/index.php/Admin/Index/hideFrame')
ERR: 非法操作:hideFrame')

[ 2018-04-15T18:55:38+08:00 ] ::1 /xiaomi/index.php/Admin/Index/menuFrame')
ERR: 非法操作:menuFrame')

[ 2018-04-15T18:55:38+08:00 ] ::1 /xiaomi/index.php/Admin/Index/mainFrame')
ERR: 非法操作:mainFrame')

[ 2018-04-15T18:55:47+08:00 ] ::1 /xiaomi/index.php/Admin/Index/menuFrame')
ERR: 非法操作:menuFrame')

[ 2018-04-15T18:55:47+08:00 ] ::1 /xiaomi/index.php/Admin/Index/hideFrame')
ERR: 非法操作:hideFrame')

[ 2018-04-15T18:55:47+08:00 ] ::1 /xiaomi/index.php/Admin/Index/mainFrame')
ERR: 非法操作:mainFrame')

[ 2018-04-15T18:55:48+08:00 ] ::1 /xiaomi/index.php/Admin/Index/menuFrame')
ERR: 非法操作:menuFrame')

[ 2018-04-15T18:55:48+08:00 ] ::1 /xiaomi/index.php/Admin/Index/mainFrame')
ERR: 非法操作:mainFrame')

[ 2018-04-15T18:55:48+08:00 ] ::1 /xiaomi/index.php/Admin/Index/hideFrame')
ERR: 非法操作:hideFrame')

