[ 2018-04-16T08:41:28+08:00 ] ::1 /xiaomi/index.php/Admin/Index/assets/css/bootstrap.css
ERR: 非法操作:assets

[ 2018-04-16T08:41:28+08:00 ] ::1 /xiaomi/index.php/Admin/Index/assets/js/morris/morris-0.4.3.min.css
ERR: 非法操作:assets

[ 2018-04-16T08:41:28+08:00 ] ::1 /xiaomi/index.php/Admin/Index/assets/css/font-awesome.css
ERR: 非法操作:assets

[ 2018-04-16T08:41:28+08:00 ] ::1 /xiaomi/index.php/Admin/Index/assets/js/jquery-1.10.2.js
ERR: 非法操作:assets

[ 2018-04-16T08:41:28+08:00 ] ::1 /xiaomi/index.php/Admin/Index/assets/js/morris/raphael-2.1.0.min.js
ERR: 非法操作:assets

[ 2018-04-16T08:41:28+08:00 ] ::1 /xiaomi/index.php/Admin/Index/assets/js/jquery.metisMenu.js
ERR: 非法操作:assets

[ 2018-04-16T08:41:28+08:00 ] ::1 /xiaomi/index.php/Admin/Index/assets/js/bootstrap.min.js
ERR: 非法操作:assets

[ 2018-04-16T08:41:28+08:00 ] ::1 /xiaomi/index.php/Admin/Index/assets/js/Lightweight-Chart/cssCharts.css
ERR: 非法操作:assets

[ 2018-04-16T08:41:28+08:00 ] ::1 /xiaomi/index.php/Admin/Index/assets/css/custom-styles.css
ERR: 非法操作:assets

[ 2018-04-16T08:41:28+08:00 ] ::1 /xiaomi/index.php/Admin/Index/assets/js/easypiechart-data.js
ERR: 非法操作:assets

[ 2018-04-16T08:41:28+08:00 ] ::1 /xiaomi/index.php/Admin/Index/assets/js/easypiechart.js
ERR: 非法操作:assets

[ 2018-04-16T08:41:28+08:00 ] ::1 /xiaomi/index.php/Admin/Index/assets/js/morris/morris.js
ERR: 非法操作:assets

[ 2018-04-16T08:41:28+08:00 ] ::1 /xiaomi/index.php/Admin/Index/assets/js/jquery.metisMenu.js
ERR: 非法操作:assets

[ 2018-04-16T08:41:28+08:00 ] ::1 /xiaomi/index.php/Admin/Index/assets/js/Lightweight-Chart/jquery.chart.js
ERR: 非法操作:assets

[ 2018-04-16T08:41:28+08:00 ] ::1 /xiaomi/index.php/Admin/Index/assets/js/custom-scripts.js
ERR: 非法操作:assets

[ 2018-04-16T08:41:28+08:00 ] ::1 /xiaomi/index.php/Admin/Index/assets/js/morris/raphael-2.1.0.min.js
ERR: 非法操作:assets

[ 2018-04-16T08:41:29+08:00 ] ::1 /xiaomi/index.php/Admin/Index/assets/js/morris/morris.js
ERR: 非法操作:assets

[ 2018-04-16T08:41:29+08:00 ] ::1 /xiaomi/index.php/Admin/Index/assets/js/easypiechart.js
ERR: 非法操作:assets

[ 2018-04-16T08:41:29+08:00 ] ::1 /xiaomi/index.php/Admin/Index/assets/js/easypiechart-data.js
ERR: 非法操作:assets

[ 2018-04-16T08:41:29+08:00 ] ::1 /xiaomi/index.php/Admin/Index/assets/js/Lightweight-Chart/jquery.chart.js
ERR: 非法操作:assets

[ 2018-04-16T08:41:29+08:00 ] ::1 /xiaomi/index.php/Admin/Index/assets/js/custom-scripts.js
ERR: 非法操作:assets

[ 2018-04-16T08:44:13+08:00 ] ::1 /xiaomi/index.php/Admin/Index/assets/js/morris/raphael-2.1.0.min.js
ERR: 非法操作:assets

[ 2018-04-16T08:44:13+08:00 ] ::1 /xiaomi/index.php/Admin/Index/assets/js/Lightweight-Chart/cssCharts.css
ERR: 非法操作:assets

[ 2018-04-16T08:44:13+08:00 ] ::1 /xiaomi/index.php/Admin/Index/assets/js/morris/morris-0.4.3.min.css
ERR: 非法操作:assets

[ 2018-04-16T08:44:13+08:00 ] ::1 /xiaomi/index.php/Admin/Index/assets/js/jquery.metisMenu.js
ERR: 非法操作:assets

[ 2018-04-16T08:44:14+08:00 ] ::1 /xiaomi/index.php/Admin/Index/assets/js/morris/morris.js
ERR: 非法操作:assets

[ 2018-04-16T08:44:14+08:00 ] ::1 /xiaomi/index.php/Admin/Index/assets/js/bootstrap.min.js
ERR: 非法操作:assets

[ 2018-04-16T08:44:14+08:00 ] ::1 /xiaomi/index.php/Admin/Index/assets/js/jquery-1.10.2.js
ERR: 非法操作:assets

[ 2018-04-16T08:44:14+08:00 ] ::1 /xiaomi/index.php/Admin/Index/assets/js/Lightweight-Chart/jquery.chart.js
ERR: 非法操作:assets

[ 2018-04-16T08:44:14+08:00 ] ::1 /xiaomi/index.php/Admin/Index/assets/js/easypiechart.js
ERR: 非法操作:assets

[ 2018-04-16T08:44:14+08:00 ] ::1 /xiaomi/index.php/Admin/Index/assets/js/easypiechart-data.js
ERR: 非法操作:assets

[ 2018-04-16T08:44:14+08:00 ] ::1 /xiaomi/index.php/Admin/Index/assets/js/custom-scripts.js
ERR: 非法操作:assets

[ 2018-04-16T08:44:14+08:00 ] ::1 /xiaomi/index.php/Admin/Index/assets/js/bootstrap.min.js
ERR: 非法操作:assets

[ 2018-04-16T08:44:14+08:00 ] ::1 /xiaomi/index.php/Admin/Index/assets/js/jquery.metisMenu.js
ERR: 非法操作:assets

[ 2018-04-16T08:44:14+08:00 ] ::1 /xiaomi/index.php/Admin/Index/assets/js/morris/raphael-2.1.0.min.js
ERR: 非法操作:assets

[ 2018-04-16T08:44:14+08:00 ] ::1 /xiaomi/index.php/Admin/Index/assets/js/morris/morris.js
ERR: 非法操作:assets

[ 2018-04-16T08:44:14+08:00 ] ::1 /xiaomi/index.php/Admin/Index/assets/js/easypiechart.js
ERR: 非法操作:assets

[ 2018-04-16T08:44:14+08:00 ] ::1 /xiaomi/index.php/Admin/Index/assets/js/easypiechart-data.js
ERR: 非法操作:assets

[ 2018-04-16T08:44:14+08:00 ] ::1 /xiaomi/index.php/Admin/Index/assets/js/Lightweight-Chart/jquery.chart.js
ERR: 非法操作:assets

[ 2018-04-16T08:44:15+08:00 ] ::1 /xiaomi/index.php/Admin/Index/assets/js/custom-scripts.js
ERR: 非法操作:assets

[ 2018-04-16T08:44:48+08:00 ] ::1 /xiaomi/index.php/Admin/Index/assets/js/morris/morris-0.4.3.min.css
ERR: 非法操作:assets

[ 2018-04-16T08:44:48+08:00 ] ::1 /xiaomi/index.php/Admin/Index/assets/js/jquery.metisMenu.js
ERR: 非法操作:assets

[ 2018-04-16T08:44:48+08:00 ] ::1 /xiaomi/index.php/Admin/Index/assets/js/jquery-1.10.2.js
ERR: 非法操作:assets

[ 2018-04-16T08:44:48+08:00 ] ::1 /xiaomi/index.php/Admin/Index/assets/js/Lightweight-Chart/cssCharts.css
ERR: 非法操作:assets

[ 2018-04-16T08:44:48+08:00 ] ::1 /xiaomi/index.php/Admin/Index/assets/js/bootstrap.min.js
ERR: 非法操作:assets

[ 2018-04-16T08:44:48+08:00 ] ::1 /xiaomi/index.php/Admin/Index/assets/js/morris/raphael-2.1.0.min.js
ERR: 非法操作:assets

[ 2018-04-16T08:44:48+08:00 ] ::1 /xiaomi/index.php/Admin/Index/assets/js/morris/morris.js
ERR: 非法操作:assets

[ 2018-04-16T08:44:48+08:00 ] ::1 /xiaomi/index.php/Admin/Index/assets/js/easypiechart-data.js
ERR: 非法操作:assets

[ 2018-04-16T08:44:48+08:00 ] ::1 /xiaomi/index.php/Admin/Index/assets/js/Lightweight-Chart/jquery.chart.js
ERR: 非法操作:assets

[ 2018-04-16T08:44:48+08:00 ] ::1 /xiaomi/index.php/Admin/Index/assets/js/custom-scripts.js
ERR: 非法操作:assets

[ 2018-04-16T08:44:48+08:00 ] ::1 /xiaomi/index.php/Admin/Index/assets/js/easypiechart.js
ERR: 非法操作:assets

[ 2018-04-16T08:44:48+08:00 ] ::1 /xiaomi/index.php/Admin/Index/assets/js/jquery.metisMenu.js
ERR: 非法操作:assets

[ 2018-04-16T08:44:48+08:00 ] ::1 /xiaomi/index.php/Admin/Index/assets/js/morris/raphael-2.1.0.min.js
ERR: 非法操作:assets

[ 2018-04-16T08:44:49+08:00 ] ::1 /xiaomi/index.php/Admin/Index/assets/js/morris/morris.js
ERR: 非法操作:assets

[ 2018-04-16T08:44:49+08:00 ] ::1 /xiaomi/index.php/Admin/Index/assets/js/easypiechart.js
ERR: 非法操作:assets

[ 2018-04-16T08:44:49+08:00 ] ::1 /xiaomi/index.php/Admin/Index/assets/js/easypiechart-data.js
ERR: 非法操作:assets

[ 2018-04-16T08:44:49+08:00 ] ::1 /xiaomi/index.php/Admin/Index/assets/js/Lightweight-Chart/jquery.chart.js
ERR: 非法操作:assets

[ 2018-04-16T08:44:49+08:00 ] ::1 /xiaomi/index.php/Admin/Index/assets/js/custom-scripts.js
ERR: 非法操作:assets

[ 2018-04-16T08:45:53+08:00 ] ::1 /xiaomi/index.php/Admin/Index/assets/js/jquery.metisMenu.js
ERR: 非法操作:assets

[ 2018-04-16T08:45:53+08:00 ] ::1 /xiaomi/index.php/Admin/Index/assets/js/morris/morris.js
ERR: 非法操作:assets

[ 2018-04-16T08:45:53+08:00 ] ::1 /xiaomi/index.php/Admin/Index/assets/js/morris/raphael-2.1.0.min.js
ERR: 非法操作:assets

[ 2018-04-16T08:45:53+08:00 ] ::1 /xiaomi/index.php/Admin/Index/assets/js/bootstrap.min.js
ERR: 非法操作:assets

[ 2018-04-16T08:45:53+08:00 ] ::1 /xiaomi/index.php/Admin/Index/assets/js/jquery-1.10.2.js
ERR: 非法操作:assets

[ 2018-04-16T08:45:53+08:00 ] ::1 /xiaomi/index.php/Admin/Index/assets/js/morris/morris-0.4.3.min.css
ERR: 非法操作:assets

[ 2018-04-16T08:45:53+08:00 ] ::1 /xiaomi/index.php/Admin/Index/assets/js/easypiechart-data.js
ERR: 非法操作:assets

[ 2018-04-16T08:45:53+08:00 ] ::1 /xiaomi/index.php/Admin/Index/assets/js/easypiechart.js
ERR: 非法操作:assets

[ 2018-04-16T08:45:53+08:00 ] ::1 /xiaomi/index.php/Admin/Index/assets/js/custom-scripts.js
ERR: 非法操作:assets

[ 2018-04-16T08:45:53+08:00 ] ::1 /xiaomi/index.php/Admin/Index/assets/js/bootstrap.min.js
ERR: 非法操作:assets

[ 2018-04-16T08:45:53+08:00 ] ::1 /xiaomi/index.php/Admin/Index/assets/js/Lightweight-Chart/jquery.chart.js
ERR: 非法操作:assets

[ 2018-04-16T08:45:53+08:00 ] ::1 /xiaomi/index.php/Admin/Index/assets/js/jquery.metisMenu.js
ERR: 非法操作:assets

[ 2018-04-16T08:45:53+08:00 ] ::1 /xiaomi/index.php/Admin/Index/assets/js/morris/raphael-2.1.0.min.js
ERR: 非法操作:assets

[ 2018-04-16T08:45:53+08:00 ] ::1 /xiaomi/index.php/Admin/Index/assets/js/morris/morris.js
ERR: 非法操作:assets

[ 2018-04-16T08:45:53+08:00 ] ::1 /xiaomi/index.php/Admin/Index/assets/js/easypiechart.js
ERR: 非法操作:assets

[ 2018-04-16T08:45:54+08:00 ] ::1 /xiaomi/index.php/Admin/Index/assets/js/easypiechart-data.js
ERR: 非法操作:assets

[ 2018-04-16T08:45:54+08:00 ] ::1 /xiaomi/index.php/Admin/Index/assets/js/Lightweight-Chart/jquery.chart.js
ERR: 非法操作:assets

[ 2018-04-16T08:45:54+08:00 ] ::1 /xiaomi/index.php/Admin/Index/assets/js/custom-scripts.js
ERR: 非法操作:assets

[ 2018-04-16T08:47:44+08:00 ] ::1 /xiaomi/index.php/Admin/Index/assets/js/morris/morris-0.4.3.min.css
ERR: 非法操作:assets

[ 2018-04-16T08:47:45+08:00 ] ::1 /xiaomi/index.php/Admin/Index/assets/js/easypiechart.js
ERR: 非法操作:assets

[ 2018-04-16T08:47:45+08:00 ] ::1 /xiaomi/index.php/Admin/Index/assets/js/jquery-1.10.2.js
ERR: 非法操作:assets

[ 2018-04-16T08:47:45+08:00 ] ::1 /xiaomi/index.php/Admin/Index/assets/js/morris/raphael-2.1.0.min.js
ERR: 非法操作:assets

[ 2018-04-16T08:47:45+08:00 ] ::1 /xiaomi/index.php/Admin/Index/assets/js/bootstrap.min.js
ERR: 非法操作:assets

[ 2018-04-16T08:47:45+08:00 ] ::1 /xiaomi/index.php/Admin/Index/assets/js/morris/morris.js
ERR: 非法操作:assets

[ 2018-04-16T08:47:45+08:00 ] ::1 /xiaomi/index.php/Admin/Index/assets/js/custom-scripts.js
ERR: 非法操作:assets

[ 2018-04-16T08:47:45+08:00 ] ::1 /xiaomi/index.php/Admin/Index/assets/js/jquery.metisMenu.js
ERR: 非法操作:assets

[ 2018-04-16T08:47:45+08:00 ] ::1 /xiaomi/index.php/Admin/Index/assets/js/Lightweight-Chart/jquery.chart.js
ERR: 非法操作:assets

[ 2018-04-16T08:47:45+08:00 ] ::1 /xiaomi/index.php/Admin/Index/assets/js/easypiechart-data.js
ERR: 非法操作:assets

[ 2018-04-16T08:47:45+08:00 ] ::1 /xiaomi/index.php/Admin/Index/assets/js/morris/raphael-2.1.0.min.js
ERR: 非法操作:assets

[ 2018-04-16T08:47:45+08:00 ] ::1 /xiaomi/index.php/Admin/Index/assets/js/morris/morris.js
ERR: 非法操作:assets

[ 2018-04-16T08:47:45+08:00 ] ::1 /xiaomi/index.php/Admin/Index/assets/js/easypiechart.js
ERR: 非法操作:assets

[ 2018-04-16T08:47:45+08:00 ] ::1 /xiaomi/index.php/Admin/Index/assets/js/easypiechart-data.js
ERR: 非法操作:assets

[ 2018-04-16T08:47:45+08:00 ] ::1 /xiaomi/index.php/Admin/Index/assets/js/Lightweight-Chart/jquery.chart.js
ERR: 非法操作:assets

[ 2018-04-16T08:47:45+08:00 ] ::1 /xiaomi/index.php/Admin/Index/assets/js/custom-scripts.js
ERR: 非法操作:assets

[ 2018-04-16T08:48:59+08:00 ] ::1 /xiaomi/index.php/Admin/Index/assets/js/easypiechart.js
ERR: 非法操作:assets

[ 2018-04-16T08:48:59+08:00 ] ::1 /xiaomi/index.php/Admin/Index/assets/js/morris/raphael-2.1.0.min.js
ERR: 非法操作:assets

[ 2018-04-16T08:48:59+08:00 ] ::1 /xiaomi/index.php/Admin/Index/assets/js/bootstrap.min.js
ERR: 非法操作:assets

[ 2018-04-16T08:48:59+08:00 ] ::1 /xiaomi/index.php/Admin/Index/assets/js/easypiechart-data.js
ERR: 非法操作:assets

[ 2018-04-16T08:49:00+08:00 ] ::1 /xiaomi/index.php/Admin/Index/assets/js/morris/morris.js
ERR: 非法操作:assets

[ 2018-04-16T08:49:00+08:00 ] ::1 /xiaomi/index.php/Admin/Index/assets/js/jquery.metisMenu.js
ERR: 非法操作:assets

[ 2018-04-16T08:49:00+08:00 ] ::1 /xiaomi/index.php/Admin/Index/assets/js/Lightweight-Chart/jquery.chart.js
ERR: 非法操作:assets

[ 2018-04-16T08:49:00+08:00 ] ::1 /xiaomi/index.php/Admin/Index/assets/js/custom-scripts.js
ERR: 非法操作:assets

[ 2018-04-16T08:49:00+08:00 ] ::1 /xiaomi/index.php/Admin/Index/assets/js/jquery-1.10.2.js
ERR: 非法操作:assets

[ 2018-04-16T08:49:00+08:00 ] ::1 /xiaomi/index.php/Admin/Index/assets/js/bootstrap.min.js
ERR: 非法操作:assets

[ 2018-04-16T08:49:00+08:00 ] ::1 /xiaomi/index.php/Admin/Index/assets/js/jquery.metisMenu.js
ERR: 非法操作:assets

[ 2018-04-16T08:49:00+08:00 ] ::1 /xiaomi/index.php/Admin/Index/assets/js/morris/raphael-2.1.0.min.js
ERR: 非法操作:assets

[ 2018-04-16T08:49:00+08:00 ] ::1 /xiaomi/index.php/Admin/Index/assets/js/morris/morris.js
ERR: 非法操作:assets

[ 2018-04-16T08:49:00+08:00 ] ::1 /xiaomi/index.php/Admin/Index/assets/js/easypiechart.js
ERR: 非法操作:assets

[ 2018-04-16T08:49:00+08:00 ] ::1 /xiaomi/index.php/Admin/Index/assets/js/easypiechart-data.js
ERR: 非法操作:assets

[ 2018-04-16T08:49:00+08:00 ] ::1 /xiaomi/index.php/Admin/Index/assets/js/Lightweight-Chart/jquery.chart.js
ERR: 非法操作:assets

[ 2018-04-16T08:49:00+08:00 ] ::1 /xiaomi/index.php/Admin/Index/assets/js/custom-scripts.js
ERR: 非法操作:assets

[ 2018-04-16T08:50:10+08:00 ] ::1 /xiaomi/index.php/Admin/Index/assets/js/morris/raphael-2.1.0.min.js
ERR: 非法操作:assets

[ 2018-04-16T08:50:10+08:00 ] ::1 /xiaomi/index.php/Admin/Index/assets/js/bootstrap.min.js
ERR: 非法操作:assets

[ 2018-04-16T08:50:10+08:00 ] ::1 /xiaomi/index.php/Admin/Index/assets/js/morris/morris.js
ERR: 非法操作:assets

[ 2018-04-16T08:50:10+08:00 ] ::1 /xiaomi/index.php/Admin/Index/assets/js/jquery-1.10.2.js
ERR: 非法操作:assets

[ 2018-04-16T08:50:10+08:00 ] ::1 /xiaomi/index.php/Admin/Index/assets/js/easypiechart.js
ERR: 非法操作:assets

[ 2018-04-16T08:50:10+08:00 ] ::1 /xiaomi/index.php/Admin/Index/assets/js/jquery.metisMenu.js
ERR: 非法操作:assets

[ 2018-04-16T08:50:10+08:00 ] ::1 /xiaomi/index.php/Admin/Index/assets/js/custom-scripts.js
ERR: 非法操作:assets

[ 2018-04-16T08:50:10+08:00 ] ::1 /xiaomi/index.php/Admin/Index/assets/js/easypiechart-data.js
ERR: 非法操作:assets

[ 2018-04-16T08:50:10+08:00 ] ::1 /xiaomi/index.php/Admin/Index/assets/js/Lightweight-Chart/jquery.chart.js
ERR: 非法操作:assets

[ 2018-04-16T08:50:11+08:00 ] ::1 /xiaomi/index.php/Admin/Index/assets/js/bootstrap.min.js
ERR: 非法操作:assets

[ 2018-04-16T08:50:11+08:00 ] ::1 /xiaomi/index.php/Admin/Index/assets/js/jquery.metisMenu.js
ERR: 非法操作:assets

[ 2018-04-16T08:50:11+08:00 ] ::1 /xiaomi/index.php/Admin/Index/assets/js/morris/raphael-2.1.0.min.js
ERR: 非法操作:assets

[ 2018-04-16T08:50:11+08:00 ] ::1 /xiaomi/index.php/Admin/Index/assets/js/morris/morris.js
ERR: 非法操作:assets

[ 2018-04-16T08:50:11+08:00 ] ::1 /xiaomi/index.php/Admin/Index/assets/js/easypiechart.js
ERR: 非法操作:assets

[ 2018-04-16T08:50:11+08:00 ] ::1 /xiaomi/index.php/Admin/Index/assets/js/easypiechart-data.js
ERR: 非法操作:assets

[ 2018-04-16T08:50:11+08:00 ] ::1 /xiaomi/index.php/Admin/Index/assets/js/Lightweight-Chart/jquery.chart.js
ERR: 非法操作:assets

[ 2018-04-16T08:50:11+08:00 ] ::1 /xiaomi/index.php/Admin/Index/assets/js/custom-scripts.js
ERR: 非法操作:assets

[ 2018-04-16T10:04:46+08:00 ] ::1 /xiaomi/index.php/Admin/Index/index.html
ERR: Think\Model:tableOrders方法不存在！

[ 2018-04-16T11:51:05+08:00 ] ::1 /xiaomi/index.php/Admin/Admin-Admin/edit_admin.html
ERR: 无法加载控制器:Admin-Admin

[ 2018-04-16T11:51:24+08:00 ] ::1 /xiaomi/index.php/Admin/Admin-Admin/edit_admin.html
ERR: 无法加载控制器:Admin-Admin

[ 2018-04-16T13:13:04+08:00 ] ::1 /xiaomi/index.php/Admin/Active/index
ERR: XML标签语法错误

[ 2018-04-16T13:27:31+08:00 ] ::1 /xiaomi/index.php/Admin/Active/add_active
ERR: 模板不存在:./Application/Admin/View/Active/add_active.html

[ 2018-04-16T13:27:37+08:00 ] ::1 /xiaomi/index.php/Admin/Photo/index
ERR: 模板不存在:./Application/Admin/View/Photo/index.html

[ 2018-04-16T23:20:40+08:00 ] ::1 /xiaomi/index.php/Home/List/%7B%7D
ERR: 非法操作:{}

[ 2018-04-16T23:20:41+08:00 ] ::1 /xiaomi/index.php/Home/List/date/db.json
INFO: [ app_begin ] --START--
INFO: Run Behavior\ReadHtmlCache [ RunTime:0.000431s ]
INFO: [ app_begin ] --END-- [ RunTime:0.002848s ]
INFO: [ action_begin ] --START--
INFO: [ action_begin ] --END-- [ RunTime:0.000291s ]
ERR: 非法操作:date

[ 2018-04-16T23:20:48+08:00 ] ::1 /xiaomi/index.php/Home/Car/icomoon/style.css
ERR: 非法操作:icomoon

[ 2018-04-16T23:20:48+08:00 ] ::1 /xiaomi/index.php/Home/Car/%7B%7D
ERR: 非法操作:{}

[ 2018-04-16T23:23:11+08:00 ] ::1 /xiaomi/index.php/Home/Car/icomoon/style.css
ERR: 非法操作:icomoon

[ 2018-04-16T23:23:12+08:00 ] ::1 /xiaomi/index.php/Home/Car/%7B%7D
ERR: 非法操作:{}

[ 2018-04-16T23:23:17+08:00 ] ::1 /xiaomi/index.php/Home/List/date/db.json
INFO: [ app_begin ] --START--
INFO: Run Behavior\ReadHtmlCache [ RunTime:0.000545s ]
INFO: [ app_begin ] --END-- [ RunTime:0.002845s ]
INFO: [ action_begin ] --START--
INFO: [ action_begin ] --END-- [ RunTime:0.000286s ]
ERR: 非法操作:date

[ 2018-04-16T23:23:17+08:00 ] ::1 /xiaomi/index.php/Home/List/%7B%7D
ERR: 非法操作:{}

[ 2018-04-16T23:24:12+08:00 ] ::1 /xiaomi/index.php/Home/Index/icomoon/style.css
ERR: 非法操作:icomoon

[ 2018-04-16T23:24:12+08:00 ] ::1 /xiaomi/index.php/Home/Index/%7B%7D
ERR: 非法操作:{}

[ 2018-04-16T23:25:32+08:00 ] ::1 /xiaomi/index.php/Home/Index/icomoon/style.css
ERR: 非法操作:icomoon

[ 2018-04-16T23:25:32+08:00 ] ::1 /xiaomi/index.php/Home/Index/%7B%7D
ERR: 非法操作:{}

[ 2018-04-16T23:27:49+08:00 ] ::1 /xiaomi/index.php/Home/Index/%7B%7D
ERR: 非法操作:{}

[ 2018-04-16T23:27:49+08:00 ] ::1 /xiaomi/index.php/Home/Index/main.js
ERR: 非法操作:main.js

[ 2018-04-16T23:27:53+08:00 ] ::1 /xiaomi/index.php/Home/List/%7B%7D
ERR: 非法操作:{}

[ 2018-04-16T23:27:53+08:00 ] ::1 /xiaomi/index.php/Home/List/date/db.json
INFO: [ app_begin ] --START--
INFO: Run Behavior\ReadHtmlCache [ RunTime:0.000394s ]
INFO: [ app_begin ] --END-- [ RunTime:0.002388s ]
INFO: [ action_begin ] --START--
INFO: [ action_begin ] --END-- [ RunTime:0.000228s ]
ERR: 非法操作:date

[ 2018-04-16T23:32:56+08:00 ] ::1 /xiaomi/index.php/Home/Index/icomoon/style.css
ERR: 非法操作:icomoon

[ 2018-04-16T23:32:56+08:00 ] ::1 /xiaomi/index.php/Home/Index/%7B%7D
ERR: 非法操作:{}

[ 2018-04-16T23:33:12+08:00 ] ::1 /xiaomi/index.php/Home/Index/icomoon/style.css
ERR: 非法操作:icomoon

[ 2018-04-16T23:33:12+08:00 ] ::1 /xiaomi/index.php/Home/Index/%7B%7D
ERR: 非法操作:{}

[ 2018-04-16T23:33:41+08:00 ] ::1 /xiaomi/index.php/Home/Index/icomoon/style.css
ERR: 非法操作:icomoon

[ 2018-04-16T23:33:41+08:00 ] ::1 /xiaomi/index.php/Home/Index/%7B%7D
ERR: 非法操作:{}

[ 2018-04-16T23:33:51+08:00 ] ::1 /xiaomi/index.php/Home/Index/icomoon/style.css
ERR: 非法操作:icomoon

[ 2018-04-16T23:33:51+08:00 ] ::1 /xiaomi/index.php/Home/Index/%7B%7D
ERR: 非法操作:{}

[ 2018-04-16T23:33:58+08:00 ] ::1 /xiaomi/index.php/Home/Index/icomoon/style.css
ERR: 非法操作:icomoon

[ 2018-04-16T23:33:58+08:00 ] ::1 /xiaomi/index.php/Home/Index/%7B%7D
ERR: 非法操作:{}

[ 2018-04-16T23:34:09+08:00 ] ::1 /xiaomi/index.php/Home/Index/icomoon/style.css
ERR: 非法操作:icomoon

[ 2018-04-16T23:34:10+08:00 ] ::1 /xiaomi/index.php/Home/Index/%7B%7D
ERR: 非法操作:{}

[ 2018-04-16T23:34:36+08:00 ] ::1 /xiaomi/index.php/Home/Index/icomoon/style.css
ERR: 非法操作:icomoon

[ 2018-04-16T23:34:37+08:00 ] ::1 /xiaomi/index.php/Home/Index/%7B%7D
ERR: 非法操作:{}

[ 2018-04-16T23:35:41+08:00 ] ::1 /xiaomi/index.php/Home/Index/icomoon/style.css
ERR: 非法操作:icomoon

[ 2018-04-16T23:35:42+08:00 ] ::1 /xiaomi/index.php/Home/Index/%7B%7D
ERR: 非法操作:{}

[ 2018-04-16T23:42:24+08:00 ] ::1 /xiaomi/index.php/Home/Index/icomoon/style.css
ERR: 非法操作:icomoon

[ 2018-04-16T23:42:24+08:00 ] ::1 /xiaomi/index.php/Home/Index/%7B%7D
ERR: 非法操作:{}

[ 2018-04-16T23:44:09+08:00 ] ::1 /xiaomi/index.php/Home/Index/icomoon/style.css
ERR: 非法操作:icomoon

[ 2018-04-16T23:44:09+08:00 ] ::1 /xiaomi/index.php/Home/Index/%7B%7D
ERR: 非法操作:{}

[ 2018-04-16T23:45:11+08:00 ] ::1 /xiaomi/index.php/Home/Index/icomoon/style.css
ERR: 非法操作:icomoon

[ 2018-04-16T23:45:12+08:00 ] ::1 /xiaomi/index.php/Home/Index/%7B%7D
ERR: 非法操作:{}

[ 2018-04-16T23:46:27+08:00 ] ::1 /xiaomi/index.php/Home/Index/icomoon/style.css
ERR: 非法操作:icomoon

[ 2018-04-16T23:46:27+08:00 ] ::1 /xiaomi/index.php/Home/Index/%7B%7D
ERR: 非法操作:{}

[ 2018-04-16T23:50:22+08:00 ] ::1 /xiaomi/index.php/Home/Index/icomoon/style.css
ERR: 非法操作:icomoon

[ 2018-04-16T23:50:22+08:00 ] ::1 /xiaomi/index.php/Home/Index/%7B%7D
ERR: 非法操作:{}

[ 2018-04-16T23:51:23+08:00 ] ::1 /xiaomi/index.php/Home/Index/icomoon/style.css
ERR: 非法操作:icomoon

[ 2018-04-16T23:51:23+08:00 ] ::1 /xiaomi/index.php/Home/Index/%7B%7D
ERR: 非法操作:{}

[ 2018-04-16T23:51:44+08:00 ] ::1 /xiaomi/index.php/Home/Index/icomoon/style.css
ERR: 非法操作:icomoon

[ 2018-04-16T23:51:44+08:00 ] ::1 /xiaomi/index.php/Home/Index/%7B%7D
ERR: 非法操作:{}

[ 2018-04-16T23:51:47+08:00 ] ::1 /xiaomi/index.php/Home/Index/icomoon/style.css
ERR: 非法操作:icomoon

[ 2018-04-16T23:51:47+08:00 ] ::1 /xiaomi/index.php/Home/Index/%7B%7D
ERR: 非法操作:{}

[ 2018-04-16T23:52:17+08:00 ] ::1 /xiaomi/index.php/Home/Index/icomoon/style.css
ERR: 非法操作:icomoon

[ 2018-04-16T23:52:17+08:00 ] ::1 /xiaomi/index.php/Home/Index/%7B%7D
ERR: 非法操作:{}

[ 2018-04-16T23:52:19+08:00 ] ::1 /xiaomi/index.php/Home/Index/icomoon/style.css
ERR: 非法操作:icomoon

[ 2018-04-16T23:52:19+08:00 ] ::1 /xiaomi/index.php/Home/Index/%7B%7D
ERR: 非法操作:{}

[ 2018-04-16T23:52:32+08:00 ] ::1 /xiaomi/index.php/Home/Index/icomoon/style.css
ERR: 非法操作:icomoon

[ 2018-04-16T23:52:32+08:00 ] ::1 /xiaomi/index.php/Home/Index/%7B%7D
ERR: 非法操作:{}

[ 2018-04-16T23:52:36+08:00 ] ::1 /xiaomi/index.php/Home/Index/icomoon/style.css
ERR: 非法操作:icomoon

[ 2018-04-16T23:52:36+08:00 ] ::1 /xiaomi/index.php/Home/Index/%7B%7D
ERR: 非法操作:{}

[ 2018-04-16T23:52:38+08:00 ] ::1 /xiaomi/index.php/Home/Index/icomoon/style.css
ERR: 非法操作:icomoon

[ 2018-04-16T23:52:38+08:00 ] ::1 /xiaomi/index.php/Home/Index/%7B%7D
ERR: 非法操作:{}

[ 2018-04-16T23:52:55+08:00 ] ::1 /xiaomi/index.php/Home/Index/icomoon/style.css
ERR: 非法操作:icomoon

[ 2018-04-16T23:52:55+08:00 ] ::1 /xiaomi/index.php/Home/Index/%7B%7D
ERR: 非法操作:{}

[ 2018-04-16T23:53:01+08:00 ] ::1 /xiaomi/index.php/Home/Index/icomoon/style.css
ERR: 非法操作:icomoon

[ 2018-04-16T23:53:01+08:00 ] ::1 /xiaomi/index.php/Home/Index/%7B%7D
ERR: 非法操作:{}

[ 2018-04-16T23:53:23+08:00 ] ::1 /xiaomi/index.php/Home/Index/product
ERR: XML标签语法错误 : list as value

[ 2018-04-16T23:53:27+08:00 ] ::1 /xiaomi/index.php/Home/Index/product
ERR: XML标签语法错误 : list as value

[ 2018-04-16T23:54:00+08:00 ] ::1 /xiaomi/index.php/Home/Index/icomoon/style.css
ERR: 非法操作:icomoon

[ 2018-04-16T23:54:01+08:00 ] ::1 /xiaomi/index.php/Home/Index/%7B%7D
ERR: 非法操作:{}

[ 2018-04-16T23:54:37+08:00 ] ::1 /xiaomi/index.php/Home/Index/icomoon/style.css
ERR: 非法操作:icomoon

[ 2018-04-16T23:54:37+08:00 ] ::1 /xiaomi/index.php/Home/Index/%7B%7D
ERR: 非法操作:{}

